2023-07-26 00:58:25 [DEBUG   ] Wrote to register 0x40: [116, 1, 127, 127, 56, 108, 68, 64, 0, 72, 72, 0, 0, 0, 0, 0]
2023-07-26 00:58:25 [DEBUG   ] Wrote to register 0x40: [0, 0, 0, 0, 34, 107, 73, 127, 54, 0, 0, 192, 48, 12, 3, 0]
2023-07-26 00:58:25 [DEBUG   ] Wrote to register 0x40: [111, 79, 69, 125, 57, 0, 38, 111, 73, 127, 62, 0, 60, 126, 82, 118]
2023-07-26 00:58:25 [DEBUG   ] Wrote to register 0x40: [116, 66, 126, 126, 74, 126, 52, 0, 0, 0, 0, 0, 0, 0, 3, 99]
2023-07-26 00:58:25 [DEBUG   ] Wrote to register 0x40: [121, 31, 7, 0, 39, 21, 127, 84, 114, 0, 0, 0, 0, 0, 0, 0]
2023-07-26 00:58:25 [DEBUG   ] Wrote to register 0x40: [0, 0, 0, 0, 0, 0, 0, 0, 0, 0, 0, 0, 0, 0, 0, 0]
2023-07-26 00:58:25 [DEBUG   ] Wrote to register 0x40: [0, 0, 0, 0, 0, 0, 0, 0, 0, 0, 0, 0, 0, 0, 0, 0]
2023-07-26 00:58:25 [DEBUG   ] Wrote to register 0x40: [0, 0, 0, 0, 0, 0, 0, 0, 0, 0, 0, 0, 0, 0, 0, 0]
2023-07-26 00:58:25 [DEBUG   ] Wrote to register 0x40: [0, 0, 0, 0, 0, 0, 0, 0, 0, 0, 0, 0, 0, 0, 0, 0]
2023-07-26 00:58:25 [DEBUG   ] Wrote to register 0x40: [0, 0, 0, 0, 0, 0, 0, 0, 0, 0, 0, 0, 0, 0, 0, 0]
2023-07-26 00:58:25 [DEBUG   ] Wrote to register 0x40: [0, 0, 0, 0, 0, 0, 0, 0, 0, 0, 0, 0, 0, 0, 0, 0]
2023-07-26 00:58:25 [DEBUG   ] Wrote to register 0x40: [0, 0, 0, 0, 0, 0, 0, 0, 0, 0, 0, 0, 0, 0, 0, 0]
2023-07-26 00:58:25 [DEBUG   ] Wrote to register 0x40: [0, 0, 0, 0, 0, 0, 0, 0, 0, 0, 0, 0, 0, 0, 0, 0]
2023-07-26 00:58:25 [DEBUG   ] Wrote to register 0x40: [0, 0, 0, 0, 0, 0, 0, 0, 0, 0, 0, 0, 0, 0, 0, 0]
2023-07-26 00:58:25 [DEBUG   ] Wrote to register 0x40: [0, 0, 0, 0, 0, 0, 0, 0, 0, 0, 0, 0, 0, 0, 0, 0]
2023-07-26 00:58:25 [DEBUG   ] Wrote to register 0x40: [0, 0, 0, 0, 0, 0, 0, 0, 0, 0, 0, 0, 0, 0, 0, 0]
2023-07-26 00:58:25 [DEBUG   ] Wrote to register 0x40: [0, 0, 0, 0, 0, 0, 0, 0, 0, 0, 0, 0, 0, 0, 0, 0]
2023-07-26 00:58:25 [DEBUG   ] Wrote to register 0x40: [0, 0, 0, 0, 0, 0, 0, 0, 0, 0, 0, 0, 0, 0, 0, 0]
2023-07-26 00:58:25 [DEBUG   ] Wrote to register 0x40: [0, 0, 0, 0, 0, 0, 0, 0, 0, 0, 0, 0, 0, 0, 0, 0]
2023-07-26 00:58:25 [DEBUG   ] Wrote to register 0x40: [0, 0, 0, 0, 0, 0, 0, 0, 0, 0, 0, 0, 0, 0, 0, 0]
2023-07-26 00:58:25 [DEBUG   ] Wrote to register 0x40: [0, 0, 0, 0, 0, 0, 0, 0, 0, 0, 0, 0, 0, 0, 0, 0]
2023-07-26 00:58:25 [DEBUG   ] Wrote to register 0x40: [0, 0, 0, 0, 0, 0, 0, 0, 0, 0, 0, 0, 0, 0, 0, 0]
2023-07-26 00:58:25 [DEBUG   ] Wrote to register 0x40: [0, 0, 0, 0, 0, 0, 0, 0, 0, 0, 0, 0, 0, 0, 0, 0]
2023-07-26 00:58:26 [DEBUG   ] green_led_status0
2023-07-26 00:58:27 [DEBUG   ] Reading SPS30 data
2023-07-26 00:58:27 [DEBUG   ] Wrote 0x21 to register 0x00
2023-07-26 00:58:27 [DEBUG   ] Wrote 0x00 to register 0x00
2023-07-26 00:58:27 [DEBUG   ] Wrote 0x7F to register 0x00
2023-07-26 00:58:27 [DEBUG   ] Wrote 0x22 to register 0x00
2023-07-26 00:58:27 [DEBUG   ] Wrote 0x00 to register 0x00
2023-07-26 00:58:27 [DEBUG   ] Wrote 0x07 to register 0x00
2023-07-26 00:58:27 [DEBUG   ] Wrote to register 0x40: [8, 8, 8, 8, 8, 0, 0, 0, 0, 0, 0, 0, 62, 127, 65, 127]
2023-07-26 00:58:27 [DEBUG   ] Wrote to register 0x40: [62, 0, 0, 0, 0, 0, 0, 0, 8, 8, 8, 8, 8, 0, 0, 0]
2023-07-26 00:58:27 [DEBUG   ] Wrote to register 0x40: [0, 0, 0, 0, 0, 0, 0, 0, 0, 0, 0, 0, 0, 0, 0, 0]
2023-07-26 00:58:27 [DEBUG   ] Wrote to register 0x40: [0, 0, 0, 0, 0, 0, 0, 0, 0, 0, 0, 0, 0, 0, 0, 0]
2023-07-26 00:58:27 [DEBUG   ] Wrote to register 0x40: [0, 0, 0, 0, 0, 0, 0, 0, 0, 0, 0, 0, 0, 0, 0, 0]
2023-07-26 00:58:27 [DEBUG   ] Wrote to register 0x40: [0, 0, 0, 0, 0, 0, 0, 0, 0, 0, 0, 0, 0, 0, 0, 0]
2023-07-26 00:58:27 [DEBUG   ] Wrote to register 0x40: [0, 0, 0, 0, 0, 0, 0, 0, 0, 0, 0, 0, 0, 0, 0, 0]
2023-07-26 00:58:27 [DEBUG   ] Wrote to register 0x40: [0, 0, 0, 0, 0, 0, 0, 0, 0, 0, 0, 0, 0, 0, 0, 0]
2023-07-26 00:58:27 [DEBUG   ] Wrote to register 0x40: [108, 78, 90, 122, 54, 2, 6, 78, 120, 120, 78, 6, 108, 78, 90, 122]
2023-07-26 00:58:27 [DEBUG   ] Wrote to register 0x40: [54, 6, 66, 126, 126, 66, 6, 66, 126, 126, 74, 106, 98, 66, 126, 28]
2023-07-26 00:58:27 [DEBUG   ] Wrote to register 0x40: [112, 28, 126, 0, 0, 0, 0, 0, 0, 0, 108, 78, 90, 122, 54, 6]
2023-07-26 00:58:27 [DEBUG   ] Wrote to register 0x40: [66, 126, 126, 66, 6, 64, 114, 126, 22, 126, 112, 6, 66, 126, 126, 66]
2023-07-26 00:58:27 [DEBUG   ] Wrote to register 0x40: [6, 0, 108, 78, 90, 122, 54, 0, 0, 0, 0, 0, 0, 0, 0, 0]
2023-07-26 00:58:27 [DEBUG   ] Wrote to register 0x40: [0, 0, 0, 0, 0, 0, 0, 0, 0, 0, 0, 0, 0, 0, 0, 0]
2023-07-26 00:58:27 [DEBUG   ] Wrote to register 0x40: [0, 0, 0, 0, 0, 0, 0, 0, 0, 0, 0, 0, 0, 0, 0, 0]
2023-07-26 00:58:27 [DEBUG   ] Wrote to register 0x40: [0, 0, 0, 0, 0, 0, 0, 0, 0, 0, 0, 0, 0, 0, 0, 0]
2023-07-26 00:58:27 [DEBUG   ] Wrote to register 0x40: [66, 126, 126, 66, 0, 66, 126, 126, 82, 30, 12, 0, 0, 72, 72, 0]
2023-07-26 00:58:27 [DEBUG   ] Wrote to register 0x40: [0, 0, 0, 0, 0, 0, 0, 0, 66, 66, 127, 127, 64, 64, 62, 127]
2023-07-26 00:58:27 [DEBUG   ] Wrote to register 0x40: [65, 127, 62, 0, 0, 64, 64, 0, 0, 0, 66, 66, 127, 127, 64, 64]
2023-07-26 00:58:27 [DEBUG   ] Wrote to register 0x40: [62, 127, 65, 127, 62, 0, 34, 107, 73, 127, 54, 0, 0, 64, 64, 0]
2023-07-26 00:58:27 [DEBUG   ] Wrote to register 0x40: [0, 0, 98, 115, 89, 111, 102, 0, 62, 127, 65, 127, 62, 0, 3, 99]
2023-07-26 00:58:27 [DEBUG   ] Wrote to register 0x40: [121, 31, 7, 0, 0, 64, 64, 0, 0, 0, 66, 66, 127, 127, 64, 64]
2023-07-26 00:58:27 [DEBUG   ] Wrote to register 0x40: [98, 115, 89, 111, 102, 0, 0, 0, 0, 0, 0, 0, 0, 0, 0, 0]
2023-07-26 00:58:27 [DEBUG   ] Wrote to register 0x40: [0, 0, 0, 0, 0, 0, 0, 0, 0, 0, 0, 0, 0, 0, 0, 0]
2023-07-26 00:58:27 [DEBUG   ] Wrote to register 0x40: [60, 126, 66, 102, 38, 66, 126, 126, 82, 30, 12, 2, 62, 126, 64, 126]
2023-07-26 00:58:27 [DEBUG   ] Wrote to register 0x40: [62, 2, 0, 0, 0, 0, 0, 66, 126, 126, 66, 96, 96, 0, 56, 124]
2023-07-26 00:58:27 [DEBUG   ] Wrote to register 0x40: [68, 124, 56, 0, 104, 124, 84, 124, 120, 64, 56, 124, 69, 127, 127, 64]
2023-07-26 00:58:27 [DEBUG   ] Wrote to register 0x40: [0, 72, 72, 0, 0, 0, 0, 0, 0, 0, 0, 0, 62, 127, 65, 127]
2023-07-26 00:58:27 [DEBUG   ] Wrote to register 0x40: [62, 0, 0, 64, 64, 0, 0, 0, 66, 66, 127, 127, 64, 64, 54, 127]
2023-07-26 00:58:27 [DEBUG   ] Wrote to register 0x40: [73, 127, 54, 0, 0, 0, 0, 0, 0, 0, 0, 0, 0, 0, 0, 0]
2023-07-26 00:58:27 [DEBUG   ] Wrote to register 0x40: [0, 0, 0, 0, 0, 0, 0, 0, 0, 0, 0, 0, 0, 0, 0, 0]
2023-07-26 00:58:27 [DEBUG   ] Wrote to register 0x40: [0, 0, 0, 0, 0, 0, 0, 0, 0, 0, 0, 0, 0, 0, 0, 0]
2023-07-26 00:58:27 [DEBUG   ] Wrote to register 0x40: [126, 28, 112, 28, 126, 0, 56, 124, 84, 92, 88, 4, 124, 12, 124, 12]
2023-07-26 00:58:27 [DEBUG   ] Wrote to register 0x40: [120, 0, 0, 72, 72, 0, 0, 0, 0, 0, 0, 0, 0, 0, 24, 28]
2023-07-26 00:58:27 [DEBUG   ] Wrote to register 0x40: [18, 127, 127, 16, 98, 115, 89, 111, 102, 0, 24, 28, 18, 127, 127, 16]
2023-07-26 00:58:27 [DEBUG   ] Wrote to register 0x40: [0, 192, 48, 12, 3, 0, 3, 99, 121, 31, 7, 0, 54, 127, 73, 127]
2023-07-26 00:58:27 [DEBUG   ] Wrote to register 0x40: [54, 0, 62, 127, 65, 127, 62, 0, 54, 127, 73, 127, 54, 66, 126, 28]
2023-07-26 00:58:27 [DEBUG   ] Wrote to register 0x40: [112, 28, 126, 66, 126, 126, 74, 126, 52, 0, 0, 0, 0, 0, 0, 0]
2023-07-26 00:58:27 [DEBUG   ] Wrote to register 0x40: [111, 79, 69, 125, 57, 0, 0, 64, 64, 0, 0, 0, 24, 28, 18, 127]
2023-07-26 00:58:27 [DEBUG   ] Wrote to register 0x40: [127, 16, 34, 107, 73, 127, 54, 0, 39, 21, 127, 84, 114, 0, 0, 0]
2023-07-26 00:58:27 [DEBUG   ] Wrote to register 0x40: [126, 126, 66, 126, 60, 0, 68, 68, 125, 125, 64, 64, 72, 92, 92, 116]
2023-07-26 00:58:27 [DEBUG   ] Wrote to register 0x40: [116, 1, 127, 127, 56, 108, 68, 64, 0, 72, 72, 0, 0, 0, 0, 0]
2023-07-26 00:58:27 [DEBUG   ] Wrote to register 0x40: [0, 0, 0, 0, 34, 107, 73, 127, 54, 0, 0, 192, 48, 12, 3, 0]
2023-07-26 00:58:27 [DEBUG   ] Wrote to register 0x40: [111, 79, 69, 125, 57, 0, 38, 111, 73, 127, 62, 0, 60, 126, 82, 118]
2023-07-26 00:58:27 [DEBUG   ] Wrote to register 0x40: [116, 66, 126, 126, 74, 126, 52, 0, 0, 0, 0, 0, 0, 0, 3, 99]
2023-07-26 00:58:27 [DEBUG   ] Wrote to register 0x40: [121, 31, 7, 0, 39, 21, 127, 84, 114, 0, 0, 0, 0, 0, 0, 0]
2023-07-26 00:58:27 [DEBUG   ] Wrote to register 0x40: [0, 0, 0, 0, 0, 0, 0, 0, 0, 0, 0, 0, 0, 0, 0, 0]
2023-07-26 00:58:27 [DEBUG   ] Wrote to register 0x40: [0, 0, 0, 0, 0, 0, 0, 0, 0, 0, 0, 0, 0, 0, 0, 0]
2023-07-26 00:58:27 [DEBUG   ] Wrote to register 0x40: [0, 0, 0, 0, 0, 0, 0, 0, 0, 0, 0, 0, 0, 0, 0, 0]
2023-07-26 00:58:27 [DEBUG   ] Wrote to register 0x40: [0, 0, 0, 0, 0, 0, 0, 0, 0, 0, 0, 0, 0, 0, 0, 0]
2023-07-26 00:58:27 [DEBUG   ] Wrote to register 0x40: [0, 0, 0, 0, 0, 0, 0, 0, 0, 0, 0, 0, 0, 0, 0, 0]
2023-07-26 00:58:27 [DEBUG   ] Wrote to register 0x40: [0, 0, 0, 0, 0, 0, 0, 0, 0, 0, 0, 0, 0, 0, 0, 0]
2023-07-26 00:58:27 [DEBUG   ] Wrote to register 0x40: [0, 0, 0, 0, 0, 0, 0, 0, 0, 0, 0, 0, 0, 0, 0, 0]
2023-07-26 00:58:27 [DEBUG   ] Wrote to register 0x40: [0, 0, 0, 0, 0, 0, 0, 0, 0, 0, 0, 0, 0, 0, 0, 0]
2023-07-26 00:58:27 [DEBUG   ] Wrote to register 0x40: [0, 0, 0, 0, 0, 0, 0, 0, 0, 0, 0, 0, 0, 0, 0, 0]
2023-07-26 00:58:27 [DEBUG   ] Wrote to register 0x40: [0, 0, 0, 0, 0, 0, 0, 0, 0, 0, 0, 0, 0, 0, 0, 0]
2023-07-26 00:58:27 [DEBUG   ] Wrote to register 0x40: [0, 0, 0, 0, 0, 0, 0, 0, 0, 0, 0, 0, 0, 0, 0, 0]
2023-07-26 00:58:27 [DEBUG   ] Wrote to register 0x40: [0, 0, 0, 0, 0, 0, 0, 0, 0, 0, 0, 0, 0, 0, 0, 0]
2023-07-26 00:58:27 [DEBUG   ] Wrote to register 0x40: [0, 0, 0, 0, 0, 0, 0, 0, 0, 0, 0, 0, 0, 0, 0, 0]
2023-07-26 00:58:27 [DEBUG   ] Wrote to register 0x40: [0, 0, 0, 0, 0, 0, 0, 0, 0, 0, 0, 0, 0, 0, 0, 0]
2023-07-26 00:58:27 [DEBUG   ] Wrote to register 0x40: [0, 0, 0, 0, 0, 0, 0, 0, 0, 0, 0, 0, 0, 0, 0, 0]
2023-07-26 00:58:27 [DEBUG   ] Wrote to register 0x40: [0, 0, 0, 0, 0, 0, 0, 0, 0, 0, 0, 0, 0, 0, 0, 0]
2023-07-26 00:58:27 [DEBUG   ] Wrote to register 0x40: [0, 0, 0, 0, 0, 0, 0, 0, 0, 0, 0, 0, 0, 0, 0, 0]
2023-07-26 00:58:27 [DEBUG   ] Wrote to register 0x40: [0, 0, 0, 0, 0, 0, 0, 0, 0, 0, 0, 0, 0, 0, 0, 0]
2023-07-26 00:58:28 [DEBUG   ] green_led_status1
2023-07-26 00:58:28 [DEBUG   ] Reading SPS30 data
2023-07-26 00:58:28 [DEBUG   ] Wrote 0x21 to register 0x00
2023-07-26 00:58:28 [DEBUG   ] Wrote 0x00 to register 0x00
2023-07-26 00:58:28 [DEBUG   ] Wrote 0x7F to register 0x00
2023-07-26 00:58:28 [DEBUG   ] Wrote 0x22 to register 0x00
2023-07-26 00:58:28 [DEBUG   ] Wrote 0x00 to register 0x00
2023-07-26 00:58:28 [DEBUG   ] Wrote 0x07 to register 0x00
2023-07-26 00:58:28 [DEBUG   ] Wrote to register 0x40: [8, 8, 8, 8, 8, 0, 0, 0, 0, 0, 0, 0, 62, 127, 65, 127]
2023-07-26 00:58:28 [DEBUG   ] Wrote to register 0x40: [62, 0, 0, 0, 0, 0, 0, 0, 8, 8, 8, 8, 8, 0, 0, 0]
2023-07-26 00:58:28 [DEBUG   ] Wrote to register 0x40: [0, 0, 0, 0, 0, 0, 0, 0, 0, 0, 0, 0, 0, 0, 0, 0]
2023-07-26 00:58:28 [DEBUG   ] Wrote to register 0x40: [0, 0, 0, 0, 0, 0, 0, 0, 0, 0, 0, 0, 0, 0, 0, 0]
2023-07-26 00:58:28 [DEBUG   ] Wrote to register 0x40: [0, 0, 0, 0, 0, 0, 0, 0, 0, 0, 0, 0, 0, 0, 0, 0]
2023-07-26 00:58:28 [DEBUG   ] Wrote to register 0x40: [0, 0, 0, 0, 0, 0, 0, 0, 0, 0, 0, 0, 0, 0, 0, 0]
2023-07-26 00:58:28 [DEBUG   ] Wrote to register 0x40: [0, 0, 0, 0, 0, 0, 0, 0, 0, 0, 0, 0, 0, 0, 0, 0]
2023-07-26 00:58:28 [DEBUG   ] Wrote to register 0x40: [0, 0, 0, 0, 0, 0, 0, 0, 0, 0, 0, 0, 0, 0, 0, 0]
2023-07-26 00:58:28 [DEBUG   ] Wrote to register 0x40: [108, 78, 90, 122, 54, 2, 6, 78, 120, 120, 78, 6, 108, 78, 90, 122]
2023-07-26 00:58:28 [DEBUG   ] Wrote to register 0x40: [54, 6, 66, 126, 126, 66, 6, 66, 126, 126, 74, 106, 98, 66, 126, 28]
2023-07-26 00:58:28 [DEBUG   ] Wrote to register 0x40: [112, 28, 126, 0, 0, 0, 0, 0, 0, 0, 108, 78, 90, 122, 54, 6]
2023-07-26 00:58:28 [DEBUG   ] Wrote to register 0x40: [66, 126, 126, 66, 6, 64, 114, 126, 22, 126, 112, 6, 66, 126, 126, 66]
2023-07-26 00:58:28 [DEBUG   ] Wrote to register 0x40: [6, 0, 108, 78, 90, 122, 54, 0, 0, 0, 0, 0, 0, 0, 0, 0]
2023-07-26 00:58:28 [DEBUG   ] Wrote to register 0x40: [0, 0, 0, 0, 0, 0, 0, 0, 0, 0, 0, 0, 0, 0, 0, 0]
2023-07-26 00:58:28 [DEBUG   ] Wrote to register 0x40: [0, 0, 0, 0, 0, 0, 0, 0, 0, 0, 0, 0, 0, 0, 0, 0]
2023-07-26 00:58:28 [DEBUG   ] Wrote to register 0x40: [0, 0, 0, 0, 0, 0, 0, 0, 0, 0, 0, 0, 0, 0, 0, 0]
2023-07-26 00:58:28 [DEBUG   ] Wrote to register 0x40: [66, 126, 126, 66, 0, 66, 126, 126, 82, 30, 12, 0, 0, 72, 72, 0]
2023-07-26 00:58:28 [DEBUG   ] Wrote to register 0x40: [0, 0, 0, 0, 0, 0, 0, 0, 66, 66, 127, 127, 64, 64, 62, 127]
2023-07-26 00:58:28 [DEBUG   ] Wrote to register 0x40: [65, 127, 62, 0, 0, 64, 64, 0, 0, 0, 66, 66, 127, 127, 64, 64]
2023-07-26 00:58:28 [DEBUG   ] Wrote to register 0x40: [62, 127, 65, 127, 62, 0, 34, 107, 73, 127, 54, 0, 0, 64, 64, 0]
2023-07-26 00:58:28 [DEBUG   ] Wrote to register 0x40: [0, 0, 98, 115, 89, 111, 102, 0, 62, 127, 65, 127, 62, 0, 3, 99]
2023-07-26 00:58:28 [DEBUG   ] Wrote to register 0x40: [121, 31, 7, 0, 0, 64, 64, 0, 0, 0, 66, 66, 127, 127, 64, 64]
2023-07-26 00:58:28 [DEBUG   ] Wrote to register 0x40: [98, 115, 89, 111, 102, 0, 0, 0, 0, 0, 0, 0, 0, 0, 0, 0]
2023-07-26 00:58:28 [DEBUG   ] Wrote to register 0x40: [0, 0, 0, 0, 0, 0, 0, 0, 0, 0, 0, 0, 0, 0, 0, 0]
2023-07-26 00:58:28 [DEBUG   ] Wrote to register 0x40: [60, 126, 66, 102, 38, 66, 126, 126, 82, 30, 12, 2, 62, 126, 64, 126]
2023-07-26 00:58:28 [DEBUG   ] Wrote to register 0x40: [62, 2, 0, 0, 0, 0, 0, 66, 126, 126, 66, 96, 96, 0, 56, 124]
2023-07-26 00:58:28 [DEBUG   ] Wrote to register 0x40: [68, 124, 56, 0, 104, 124, 84, 124, 120, 64, 56, 124, 69, 127, 127, 64]
2023-07-26 00:58:28 [DEBUG   ] Wrote to register 0x40: [0, 72, 72, 0, 0, 0, 0, 0, 0, 0, 0, 0, 62, 127, 65, 127]
2023-07-26 00:58:28 [DEBUG   ] Wrote to register 0x40: [62, 0, 0, 64, 64, 0, 0, 0, 66, 66, 127, 127, 64, 64, 54, 127]
2023-07-26 00:58:28 [DEBUG   ] Wrote to register 0x40: [73, 127, 54, 0, 0, 0, 0, 0, 0, 0, 0, 0, 0, 0, 0, 0]
2023-07-26 00:58:28 [DEBUG   ] Wrote to register 0x40: [0, 0, 0, 0, 0, 0, 0, 0, 0, 0, 0, 0, 0, 0, 0, 0]
2023-07-26 00:58:28 [DEBUG   ] Wrote to register 0x40: [0, 0, 0, 0, 0, 0, 0, 0, 0, 0, 0, 0, 0, 0, 0, 0]
2023-07-26 00:58:28 [DEBUG   ] Wrote to register 0x40: [126, 28, 112, 28, 126, 0, 56, 124, 84, 92, 88, 4, 124, 12, 124, 12]
2023-07-26 00:58:28 [DEBUG   ] Wrote to register 0x40: [120, 0, 0, 72, 72, 0, 0, 0, 0, 0, 0, 0, 0, 0, 24, 28]
2023-07-26 00:58:28 [DEBUG   ] Wrote to register 0x40: [18, 127, 127, 16, 98, 115, 89, 111, 102, 0, 24, 28, 18, 127, 127, 16]
2023-07-26 00:58:28 [DEBUG   ] Wrote to register 0x40: [0, 192, 48, 12, 3, 0, 3, 99, 121, 31, 7, 0, 54, 127, 73, 127]
2023-07-26 00:58:28 [DEBUG   ] Wrote to register 0x40: [54, 0, 62, 127, 65, 127, 62, 0, 54, 127, 73, 127, 54, 66, 126, 28]
2023-07-26 00:58:28 [DEBUG   ] Wrote to register 0x40: [112, 28, 126, 66, 126, 126, 74, 126, 52, 0, 0, 0, 0, 0, 0, 0]
2023-07-26 00:58:28 [DEBUG   ] Wrote to register 0x40: [111, 79, 69, 125, 57, 0, 0, 64, 64, 0, 0, 0, 24, 28, 18, 127]
2023-07-26 00:58:28 [DEBUG   ] Wrote to register 0x40: [127, 16, 34, 107, 73, 127, 54, 0, 39, 21, 127, 84, 114, 0, 0, 0]
2023-07-26 00:58:28 [DEBUG   ] Wrote to register 0x40: [126, 126, 66, 126, 60, 0, 68, 68, 125, 125, 64, 64, 72, 92, 92, 116]
2023-07-26 00:58:28 [DEBUG   ] Wrote to register 0x40: [116, 1, 127, 127, 56, 108, 68, 64, 0, 72, 72, 0, 0, 0, 0, 0]
2023-07-26 00:58:28 [DEBUG   ] Wrote to register 0x40: [0, 0, 0, 0, 34, 107, 73, 127, 54, 0, 0, 192, 48, 12, 3, 0]
2023-07-26 00:58:28 [DEBUG   ] Wrote to register 0x40: [111, 79, 69, 125, 57, 0, 38, 111, 73, 127, 62, 0, 60, 126, 82, 118]
2023-07-26 00:58:28 [DEBUG   ] Wrote to register 0x40: [116, 66, 126, 126, 74, 126, 52, 0, 0, 0, 0, 0, 0, 0, 3, 99]
2023-07-26 00:58:28 [DEBUG   ] Wrote to register 0x40: [121, 31, 7, 0, 39, 21, 127, 84, 114, 0, 0, 0, 0, 0, 0, 0]
2023-07-26 00:58:28 [DEBUG   ] Wrote to register 0x40: [0, 0, 0, 0, 0, 0, 0, 0, 0, 0, 0, 0, 0, 0, 0, 0]
2023-07-26 00:58:28 [DEBUG   ] Wrote to register 0x40: [0, 0, 0, 0, 0, 0, 0, 0, 0, 0, 0, 0, 0, 0, 0, 0]
2023-07-26 00:58:28 [DEBUG   ] Wrote to register 0x40: [0, 0, 0, 0, 0, 0, 0, 0, 0, 0, 0, 0, 0, 0, 0, 0]
2023-07-26 00:58:28 [DEBUG   ] Wrote to register 0x40: [0, 0, 0, 0, 0, 0, 0, 0, 0, 0, 0, 0, 0, 0, 0, 0]
2023-07-26 00:58:28 [DEBUG   ] Wrote to register 0x40: [0, 0, 0, 0, 0, 0, 0, 0, 0, 0, 0, 0, 0, 0, 0, 0]
2023-07-26 00:58:28 [DEBUG   ] Wrote to register 0x40: [0, 0, 0, 0, 0, 0, 0, 0, 0, 0, 0, 0, 0, 0, 0, 0]
2023-07-26 00:58:28 [DEBUG   ] Wrote to register 0x40: [0, 0, 0, 0, 0, 0, 0, 0, 0, 0, 0, 0, 0, 0, 0, 0]
2023-07-26 00:58:28 [DEBUG   ] Wrote to register 0x40: [0, 0, 0, 0, 0, 0, 0, 0, 0, 0, 0, 0, 0, 0, 0, 0]
2023-07-26 00:58:28 [DEBUG   ] Wrote to register 0x40: [0, 0, 0, 0, 0, 0, 0, 0, 0, 0, 0, 0, 0, 0, 0, 0]
2023-07-26 00:58:28 [DEBUG   ] Wrote to register 0x40: [0, 0, 0, 0, 0, 0, 0, 0, 0, 0, 0, 0, 0, 0, 0, 0]
2023-07-26 00:58:28 [DEBUG   ] Wrote to register 0x40: [0, 0, 0, 0, 0, 0, 0, 0, 0, 0, 0, 0, 0, 0, 0, 0]
2023-07-26 00:58:28 [DEBUG   ] Wrote to register 0x40: [0, 0, 0, 0, 0, 0, 0, 0, 0, 0, 0, 0, 0, 0, 0, 0]
2023-07-26 00:58:28 [DEBUG   ] Wrote to register 0x40: [0, 0, 0, 0, 0, 0, 0, 0, 0, 0, 0, 0, 0, 0, 0, 0]
2023-07-26 00:58:28 [DEBUG   ] Wrote to register 0x40: [0, 0, 0, 0, 0, 0, 0, 0, 0, 0, 0, 0, 0, 0, 0, 0]
2023-07-26 00:58:28 [DEBUG   ] Wrote to register 0x40: [0, 0, 0, 0, 0, 0, 0, 0, 0, 0, 0, 0, 0, 0, 0, 0]
2023-07-26 00:58:28 [DEBUG   ] Wrote to register 0x40: [0, 0, 0, 0, 0, 0, 0, 0, 0, 0, 0, 0, 0, 0, 0, 0]
2023-07-26 00:58:28 [DEBUG   ] Wrote to register 0x40: [0, 0, 0, 0, 0, 0, 0, 0, 0, 0, 0, 0, 0, 0, 0, 0]
2023-07-26 00:58:28 [DEBUG   ] Wrote to register 0x40: [0, 0, 0, 0, 0, 0, 0, 0, 0, 0, 0, 0, 0, 0, 0, 0]
2023-07-26 00:58:29 [DEBUG   ] green_led_status0
2023-07-26 00:58:29 [DEBUG   ] Reading SPS30 data
2023-07-26 00:58:29 [DEBUG   ] Wrote 0x21 to register 0x00
2023-07-26 00:58:29 [DEBUG   ] Wrote 0x00 to register 0x00
2023-07-26 00:58:29 [DEBUG   ] Wrote 0x7F to register 0x00
2023-07-26 00:58:29 [DEBUG   ] Wrote 0x22 to register 0x00
2023-07-26 00:58:29 [DEBUG   ] Wrote 0x00 to register 0x00
2023-07-26 00:58:29 [DEBUG   ] Wrote 0x07 to register 0x00
2023-07-26 00:58:29 [DEBUG   ] Wrote to register 0x40: [8, 8, 8, 8, 8, 0, 0, 0, 0, 0, 0, 0, 62, 127, 65, 127]
2023-07-26 00:58:29 [DEBUG   ] Wrote to register 0x40: [62, 0, 0, 0, 0, 0, 0, 0, 8, 8, 8, 8, 8, 0, 0, 0]
2023-07-26 00:58:29 [DEBUG   ] Wrote to register 0x40: [0, 0, 0, 0, 0, 0, 0, 0, 0, 0, 0, 0, 0, 0, 0, 0]
2023-07-26 00:58:29 [DEBUG   ] Wrote to register 0x40: [0, 0, 0, 0, 0, 0, 0, 0, 0, 0, 0, 0, 0, 0, 0, 0]
2023-07-26 00:58:29 [DEBUG   ] Wrote to register 0x40: [0, 0, 0, 0, 0, 0, 0, 0, 0, 0, 0, 0, 0, 0, 0, 0]
2023-07-26 00:58:29 [DEBUG   ] Wrote to register 0x40: [0, 0, 0, 0, 0, 0, 0, 0, 0, 0, 0, 0, 0, 0, 0, 0]
2023-07-26 00:58:29 [DEBUG   ] Wrote to register 0x40: [0, 0, 0, 0, 0, 0, 0, 0, 0, 0, 0, 0, 0, 0, 0, 0]
2023-07-26 00:58:29 [DEBUG   ] Wrote to register 0x40: [0, 0, 0, 0, 0, 0, 0, 0, 0, 0, 0, 0, 0, 0, 0, 0]
2023-07-26 00:58:29 [DEBUG   ] Wrote to register 0x40: [108, 78, 90, 122, 54, 2, 6, 78, 120, 120, 78, 6, 108, 78, 90, 122]
2023-07-26 00:58:29 [DEBUG   ] Wrote to register 0x40: [54, 6, 66, 126, 126, 66, 6, 66, 126, 126, 74, 106, 98, 66, 126, 28]
2023-07-26 00:58:29 [DEBUG   ] Wrote to register 0x40: [112, 28, 126, 0, 0, 0, 0, 0, 0, 0, 108, 78, 90, 122, 54, 6]
2023-07-26 00:58:29 [DEBUG   ] Wrote to register 0x40: [66, 126, 126, 66, 6, 64, 114, 126, 22, 126, 112, 6, 66, 126, 126, 66]
2023-07-26 00:58:29 [DEBUG   ] Wrote to register 0x40: [6, 0, 108, 78, 90, 122, 54, 0, 0, 0, 0, 0, 0, 0, 0, 0]
2023-07-26 00:58:29 [DEBUG   ] Wrote to register 0x40: [0, 0, 0, 0, 0, 0, 0, 0, 0, 0, 0, 0, 0, 0, 0, 0]
2023-07-26 00:58:29 [DEBUG   ] Wrote to register 0x40: [0, 0, 0, 0, 0, 0, 0, 0, 0, 0, 0, 0, 0, 0, 0, 0]
2023-07-26 00:58:29 [DEBUG   ] Wrote to register 0x40: [0, 0, 0, 0, 0, 0, 0, 0, 0, 0, 0, 0, 0, 0, 0, 0]
2023-07-26 00:58:29 [DEBUG   ] Wrote to register 0x40: [66, 126, 126, 66, 0, 66, 126, 126, 82, 30, 12, 0, 0, 72, 72, 0]
2023-07-26 00:58:29 [DEBUG   ] Wrote to register 0x40: [0, 0, 0, 0, 0, 0, 0, 0, 66, 66, 127, 127, 64, 64, 62, 127]
2023-07-26 00:58:29 [DEBUG   ] Wrote to register 0x40: [65, 127, 62, 0, 0, 64, 64, 0, 0, 0, 66, 66, 127, 127, 64, 64]
2023-07-26 00:58:29 [DEBUG   ] Wrote to register 0x40: [62, 127, 65, 127, 62, 0, 34, 107, 73, 127, 54, 0, 0, 64, 64, 0]
2023-07-26 00:58:30 [DEBUG   ] Wrote to register 0x40: [0, 0, 98, 115, 89, 111, 102, 0, 62, 127, 65, 127, 62, 0, 3, 99]
2023-07-26 00:58:30 [DEBUG   ] Wrote to register 0x40: [121, 31, 7, 0, 0, 64, 64, 0, 0, 0, 66, 66, 127, 127, 64, 64]
2023-07-26 00:58:30 [DEBUG   ] Wrote to register 0x40: [98, 115, 89, 111, 102, 0, 0, 0, 0, 0, 0, 0, 0, 0, 0, 0]
2023-07-26 00:58:30 [DEBUG   ] Wrote to register 0x40: [0, 0, 0, 0, 0, 0, 0, 0, 0, 0, 0, 0, 0, 0, 0, 0]
2023-07-26 00:58:30 [DEBUG   ] Wrote to register 0x40: [60, 126, 66, 102, 38, 66, 126, 126, 82, 30, 12, 2, 62, 126, 64, 126]
2023-07-26 00:58:30 [DEBUG   ] Wrote to register 0x40: [62, 2, 0, 0, 0, 0, 0, 66, 126, 126, 66, 96, 96, 0, 56, 124]
2023-07-26 00:58:30 [DEBUG   ] Wrote to register 0x40: [68, 124, 56, 0, 104, 124, 84, 124, 120, 64, 56, 124, 69, 127, 127, 64]
2023-07-26 00:58:30 [DEBUG   ] Wrote to register 0x40: [0, 72, 72, 0, 0, 0, 0, 0, 0, 0, 0, 0, 62, 127, 65, 127]
2023-07-26 00:58:30 [DEBUG   ] Wrote to register 0x40: [62, 0, 0, 64, 64, 0, 0, 0, 66, 66, 127, 127, 64, 64, 3, 99]
2023-07-26 00:58:30 [DEBUG   ] Wrote to register 0x40: [121, 31, 7, 0, 0, 0, 0, 0, 0, 0, 0, 0, 0, 0, 0, 0]
2023-07-26 00:58:30 [DEBUG   ] Wrote to register 0x40: [0, 0, 0, 0, 0, 0, 0, 0, 0, 0, 0, 0, 0, 0, 0, 0]
2023-07-26 00:58:30 [DEBUG   ] Wrote to register 0x40: [0, 0, 0, 0, 0, 0, 0, 0, 0, 0, 0, 0, 0, 0, 0, 0]
2023-07-26 00:58:30 [DEBUG   ] Wrote to register 0x40: [126, 28, 112, 28, 126, 0, 56, 124, 84, 92, 88, 4, 124, 12, 124, 12]
2023-07-26 00:58:30 [DEBUG   ] Wrote to register 0x40: [120, 0, 0, 72, 72, 0, 0, 0, 0, 0, 0, 0, 0, 0, 24, 28]
2023-07-26 00:58:30 [DEBUG   ] Wrote to register 0x40: [18, 127, 127, 16, 98, 115, 89, 111, 102, 0, 24, 28, 18, 127, 127, 16]
2023-07-26 00:58:30 [DEBUG   ] Wrote to register 0x40: [0, 192, 48, 12, 3, 0, 3, 99, 121, 31, 7, 0, 54, 127, 73, 127]
2023-07-26 00:58:30 [DEBUG   ] Wrote to register 0x40: [54, 0, 62, 127, 65, 127, 62, 0, 54, 127, 73, 127, 54, 66, 126, 28]
2023-07-26 00:58:30 [DEBUG   ] Wrote to register 0x40: [112, 28, 126, 66, 126, 126, 74, 126, 52, 0, 0, 0, 0, 0, 0, 0]
2023-07-26 00:58:30 [DEBUG   ] Wrote to register 0x40: [111, 79, 69, 125, 57, 0, 0, 64, 64, 0, 0, 0, 24, 28, 18, 127]
2023-07-26 00:58:30 [DEBUG   ] Wrote to register 0x40: [127, 16, 34, 107, 73, 127, 54, 0, 39, 21, 127, 84, 114, 0, 0, 0]
2023-07-26 00:58:30 [DEBUG   ] Wrote to register 0x40: [126, 126, 66, 126, 60, 0, 68, 68, 125, 125, 64, 64, 72, 92, 92, 116]
2023-07-26 00:58:30 [DEBUG   ] Wrote to register 0x40: [116, 1, 127, 127, 56, 108, 68, 64, 0, 72, 72, 0, 0, 0, 0, 0]
2023-07-26 00:58:30 [DEBUG   ] Wrote to register 0x40: [0, 0, 0, 0, 34, 107, 73, 127, 54, 0, 0, 192, 48, 12, 3, 0]
2023-07-26 00:58:30 [DEBUG   ] Wrote to register 0x40: [111, 79, 69, 125, 57, 0, 38, 111, 73, 127, 62, 0, 60, 126, 82, 118]
2023-07-26 00:58:30 [DEBUG   ] Wrote to register 0x40: [116, 66, 126, 126, 74, 126, 52, 0, 0, 0, 0, 0, 0, 0, 3, 99]
2023-07-26 00:58:30 [DEBUG   ] Wrote to register 0x40: [121, 31, 7, 0, 39, 21, 127, 84, 114, 0, 0, 0, 0, 0, 0, 0]
2023-07-26 00:58:30 [DEBUG   ] Wrote to register 0x40: [0, 0, 0, 0, 0, 0, 0, 0, 0, 0, 0, 0, 0, 0, 0, 0]
2023-07-26 00:58:30 [DEBUG   ] Wrote to register 0x40: [0, 0, 0, 0, 0, 0, 0, 0, 0, 0, 0, 0, 0, 0, 0, 0]
2023-07-26 00:58:30 [DEBUG   ] Wrote to register 0x40: [0, 0, 0, 0, 0, 0, 0, 0, 0, 0, 0, 0, 0, 0, 0, 0]
2023-07-26 00:58:30 [DEBUG   ] Wrote to register 0x40: [0, 0, 0, 0, 0, 0, 0, 0, 0, 0, 0, 0, 0, 0, 0, 0]
2023-07-26 00:58:30 [DEBUG   ] Wrote to register 0x40: [0, 0, 0, 0, 0, 0, 0, 0, 0, 0, 0, 0, 0, 0, 0, 0]
2023-07-26 00:58:30 [DEBUG   ] Wrote to register 0x40: [0, 0, 0, 0, 0, 0, 0, 0, 0, 0, 0, 0, 0, 0, 0, 0]
2023-07-26 00:58:30 [DEBUG   ] Wrote to register 0x40: [0, 0, 0, 0, 0, 0, 0, 0, 0, 0, 0, 0, 0, 0, 0, 0]
2023-07-26 00:58:30 [DEBUG   ] Wrote to register 0x40: [0, 0, 0, 0, 0, 0, 0, 0, 0, 0, 0, 0, 0, 0, 0, 0]
2023-07-26 00:58:30 [DEBUG   ] Wrote to register 0x40: [0, 0, 0, 0, 0, 0, 0, 0, 0, 0, 0, 0, 0, 0, 0, 0]
2023-07-26 00:58:30 [DEBUG   ] Wrote to register 0x40: [0, 0, 0, 0, 0, 0, 0, 0, 0, 0, 0, 0, 0, 0, 0, 0]
2023-07-26 00:58:30 [DEBUG   ] Wrote to register 0x40: [0, 0, 0, 0, 0, 0, 0, 0, 0, 0, 0, 0, 0, 0, 0, 0]
2023-07-26 00:58:30 [DEBUG   ] Wrote to register 0x40: [0, 0, 0, 0, 0, 0, 0, 0, 0, 0, 0, 0, 0, 0, 0, 0]
2023-07-26 00:58:30 [DEBUG   ] Wrote to register 0x40: [0, 0, 0, 0, 0, 0, 0, 0, 0, 0, 0, 0, 0, 0, 0, 0]
2023-07-26 00:58:30 [DEBUG   ] Wrote to register 0x40: [0, 0, 0, 0, 0, 0, 0, 0, 0, 0, 0, 0, 0, 0, 0, 0]
2023-07-26 00:58:30 [DEBUG   ] Wrote to register 0x40: [0, 0, 0, 0, 0, 0, 0, 0, 0, 0, 0, 0, 0, 0, 0, 0]
2023-07-26 00:58:30 [DEBUG   ] Wrote to register 0x40: [0, 0, 0, 0, 0, 0, 0, 0, 0, 0, 0, 0, 0, 0, 0, 0]
2023-07-26 00:58:30 [DEBUG   ] Wrote to register 0x40: [0, 0, 0, 0, 0, 0, 0, 0, 0, 0, 0, 0, 0, 0, 0, 0]
2023-07-26 00:58:30 [DEBUG   ] Wrote to register 0x40: [0, 0, 0, 0, 0, 0, 0, 0, 0, 0, 0, 0, 0, 0, 0, 0]
2023-07-26 00:58:31 [DEBUG   ] green_led_status1
2023-07-26 00:58:31 [DEBUG   ] Reading SPS30 data
2023-07-26 00:58:31 [DEBUG   ] Wrote 0x21 to register 0x00
2023-07-26 00:58:31 [DEBUG   ] Wrote 0x00 to register 0x00
2023-07-26 00:58:31 [DEBUG   ] Wrote 0x7F to register 0x00
2023-07-26 00:58:31 [DEBUG   ] Wrote 0x22 to register 0x00
2023-07-26 00:58:31 [DEBUG   ] Wrote 0x00 to register 0x00
2023-07-26 00:58:31 [DEBUG   ] Wrote 0x07 to register 0x00
2023-07-26 00:58:31 [DEBUG   ] Wrote to register 0x40: [8, 8, 8, 8, 8, 0, 0, 0, 0, 0, 0, 0, 62, 127, 65, 127]
2023-07-26 00:58:31 [DEBUG   ] Wrote to register 0x40: [62, 0, 0, 0, 0, 0, 0, 0, 8, 8, 8, 8, 8, 0, 0, 0]
2023-07-26 00:58:31 [DEBUG   ] Wrote to register 0x40: [0, 0, 0, 0, 0, 0, 0, 0, 0, 0, 0, 0, 0, 0, 0, 0]
2023-07-26 00:58:31 [DEBUG   ] Wrote to register 0x40: [0, 0, 0, 0, 0, 0, 0, 0, 0, 0, 0, 0, 0, 0, 0, 0]
2023-07-26 00:58:31 [DEBUG   ] Wrote to register 0x40: [0, 0, 0, 0, 0, 0, 0, 0, 0, 0, 0, 0, 0, 0, 0, 0]
2023-07-26 00:58:31 [DEBUG   ] Wrote to register 0x40: [0, 0, 0, 0, 0, 0, 0, 0, 0, 0, 0, 0, 0, 0, 0, 0]
2023-07-26 00:58:31 [DEBUG   ] Wrote to register 0x40: [0, 0, 0, 0, 0, 0, 0, 0, 0, 0, 0, 0, 0, 0, 0, 0]
2023-07-26 00:58:31 [DEBUG   ] Wrote to register 0x40: [0, 0, 0, 0, 0, 0, 0, 0, 0, 0, 0, 0, 0, 0, 0, 0]
2023-07-26 00:58:31 [DEBUG   ] Wrote to register 0x40: [108, 78, 90, 122, 54, 2, 6, 78, 120, 120, 78, 6, 108, 78, 90, 122]
2023-07-26 00:58:31 [DEBUG   ] Wrote to register 0x40: [54, 6, 66, 126, 126, 66, 6, 66, 126, 126, 74, 106, 98, 66, 126, 28]
2023-07-26 00:58:31 [DEBUG   ] Wrote to register 0x40: [112, 28, 126, 0, 0, 0, 0, 0, 0, 0, 108, 78, 90, 122, 54, 6]
2023-07-26 00:58:31 [DEBUG   ] Wrote to register 0x40: [66, 126, 126, 66, 6, 64, 114, 126, 22, 126, 112, 6, 66, 126, 126, 66]
2023-07-26 00:58:31 [DEBUG   ] Wrote to register 0x40: [6, 0, 108, 78, 90, 122, 54, 0, 0, 0, 0, 0, 0, 0, 0, 0]
2023-07-26 00:58:31 [DEBUG   ] Wrote to register 0x40: [0, 0, 0, 0, 0, 0, 0, 0, 0, 0, 0, 0, 0, 0, 0, 0]
2023-07-26 00:58:31 [DEBUG   ] Wrote to register 0x40: [0, 0, 0, 0, 0, 0, 0, 0, 0, 0, 0, 0, 0, 0, 0, 0]
2023-07-26 00:58:31 [DEBUG   ] Wrote to register 0x40: [0, 0, 0, 0, 0, 0, 0, 0, 0, 0, 0, 0, 0, 0, 0, 0]
2023-07-26 00:58:31 [DEBUG   ] Wrote to register 0x40: [66, 126, 126, 66, 0, 66, 126, 126, 82, 30, 12, 0, 0, 72, 72, 0]
2023-07-26 00:58:31 [DEBUG   ] Wrote to register 0x40: [0, 0, 0, 0, 0, 0, 0, 0, 66, 66, 127, 127, 64, 64, 62, 127]
2023-07-26 00:58:31 [DEBUG   ] Wrote to register 0x40: [65, 127, 62, 0, 0, 64, 64, 0, 0, 0, 66, 66, 127, 127, 64, 64]
2023-07-26 00:58:31 [DEBUG   ] Wrote to register 0x40: [62, 127, 65, 127, 62, 0, 34, 107, 73, 127, 54, 0, 0, 64, 64, 0]
2023-07-26 00:58:31 [DEBUG   ] Wrote to register 0x40: [0, 0, 98, 115, 89, 111, 102, 0, 62, 127, 65, 127, 62, 0, 3, 99]
2023-07-26 00:58:31 [DEBUG   ] Wrote to register 0x40: [121, 31, 7, 0, 0, 64, 64, 0, 0, 0, 66, 66, 127, 127, 64, 64]
2023-07-26 00:58:31 [DEBUG   ] Wrote to register 0x40: [98, 115, 89, 111, 102, 0, 0, 0, 0, 0, 0, 0, 0, 0, 0, 0]
2023-07-26 00:58:31 [DEBUG   ] Wrote to register 0x40: [0, 0, 0, 0, 0, 0, 0, 0, 0, 0, 0, 0, 0, 0, 0, 0]
2023-07-26 00:58:31 [DEBUG   ] Wrote to register 0x40: [60, 126, 66, 102, 38, 66, 126, 126, 82, 30, 12, 2, 62, 126, 64, 126]
2023-07-26 00:58:31 [DEBUG   ] Wrote to register 0x40: [62, 2, 0, 0, 0, 0, 0, 66, 126, 126, 66, 96, 96, 0, 56, 124]
2023-07-26 00:58:31 [DEBUG   ] Wrote to register 0x40: [68, 124, 56, 0, 104, 124, 84, 124, 120, 64, 56, 124, 69, 127, 127, 64]
2023-07-26 00:58:31 [DEBUG   ] Wrote to register 0x40: [0, 72, 72, 0, 0, 0, 0, 0, 0, 0, 0, 0, 62, 127, 65, 127]
2023-07-26 00:58:31 [DEBUG   ] Wrote to register 0x40: [62, 0, 0, 64, 64, 0, 0, 0, 66, 66, 127, 127, 64, 64, 3, 99]
2023-07-26 00:58:31 [DEBUG   ] Wrote to register 0x40: [121, 31, 7, 0, 0, 0, 0, 0, 0, 0, 0, 0, 0, 0, 0, 0]
2023-07-26 00:58:31 [DEBUG   ] Wrote to register 0x40: [0, 0, 0, 0, 0, 0, 0, 0, 0, 0, 0, 0, 0, 0, 0, 0]
2023-07-26 00:58:31 [DEBUG   ] Wrote to register 0x40: [0, 0, 0, 0, 0, 0, 0, 0, 0, 0, 0, 0, 0, 0, 0, 0]
2023-07-26 00:58:31 [DEBUG   ] Wrote to register 0x40: [126, 28, 112, 28, 126, 0, 56, 124, 84, 92, 88, 4, 124, 12, 124, 12]
2023-07-26 00:58:31 [DEBUG   ] Wrote to register 0x40: [120, 0, 0, 72, 72, 0, 0, 0, 0, 0, 0, 0, 0, 0, 24, 28]
2023-07-26 00:58:31 [DEBUG   ] Wrote to register 0x40: [18, 127, 127, 16, 98, 115, 89, 111, 102, 0, 24, 28, 18, 127, 127, 16]
2023-07-26 00:58:31 [DEBUG   ] Wrote to register 0x40: [0, 192, 48, 12, 3, 0, 3, 99, 121, 31, 7, 0, 54, 127, 73, 127]
2023-07-26 00:58:31 [DEBUG   ] Wrote to register 0x40: [54, 0, 62, 127, 65, 127, 62, 0, 54, 127, 73, 127, 54, 66, 126, 28]
2023-07-26 00:58:31 [DEBUG   ] Wrote to register 0x40: [112, 28, 126, 66, 126, 126, 74, 126, 52, 0, 0, 0, 0, 0, 0, 0]
2023-07-26 00:58:31 [DEBUG   ] Wrote to register 0x40: [111, 79, 69, 125, 57, 0, 0, 64, 64, 0, 0, 0, 24, 28, 18, 127]
2023-07-26 00:58:31 [DEBUG   ] Wrote to register 0x40: [127, 16, 34, 107, 73, 127, 54, 0, 39, 21, 127, 84, 114, 0, 0, 0]
2023-07-26 00:58:31 [DEBUG   ] Wrote to register 0x40: [126, 126, 66, 126, 60, 0, 68, 68, 125, 125, 64, 64, 72, 92, 92, 116]
2023-07-26 00:58:31 [DEBUG   ] Wrote to register 0x40: [116, 1, 127, 127, 56, 108, 68, 64, 0, 72, 72, 0, 0, 0, 0, 0]
2023-07-26 00:58:31 [DEBUG   ] Wrote to register 0x40: [0, 0, 0, 0, 34, 107, 73, 127, 54, 0, 0, 192, 48, 12, 3, 0]
2023-07-26 00:58:31 [DEBUG   ] Wrote to register 0x40: [111, 79, 69, 125, 57, 0, 38, 111, 73, 127, 62, 0, 60, 126, 82, 118]
2023-07-26 00:58:31 [DEBUG   ] Wrote to register 0x40: [116, 66, 126, 126, 74, 126, 52, 0, 0, 0, 0, 0, 0, 0, 3, 99]
2023-07-26 00:58:31 [DEBUG   ] Wrote to register 0x40: [121, 31, 7, 0, 39, 21, 127, 84, 114, 0, 0, 0, 0, 0, 0, 0]
2023-07-26 00:58:31 [DEBUG   ] Wrote to register 0x40: [0, 0, 0, 0, 0, 0, 0, 0, 0, 0, 0, 0, 0, 0, 0, 0]
2023-07-26 00:58:31 [DEBUG   ] Wrote to register 0x40: [0, 0, 0, 0, 0, 0, 0, 0, 0, 0, 0, 0, 0, 0, 0, 0]
2023-07-26 00:58:31 [DEBUG   ] Wrote to register 0x40: [0, 0, 0, 0, 0, 0, 0, 0, 0, 0, 0, 0, 0, 0, 0, 0]
2023-07-26 00:58:31 [DEBUG   ] Wrote to register 0x40: [0, 0, 0, 0, 0, 0, 0, 0, 0, 0, 0, 0, 0, 0, 0, 0]
2023-07-26 00:58:31 [DEBUG   ] Wrote to register 0x40: [0, 0, 0, 0, 0, 0, 0, 0, 0, 0, 0, 0, 0, 0, 0, 0]
2023-07-26 00:58:31 [DEBUG   ] Wrote to register 0x40: [0, 0, 0, 0, 0, 0, 0, 0, 0, 0, 0, 0, 0, 0, 0, 0]
2023-07-26 00:58:31 [DEBUG   ] Wrote to register 0x40: [0, 0, 0, 0, 0, 0, 0, 0, 0, 0, 0, 0, 0, 0, 0, 0]
2023-07-26 00:58:31 [DEBUG   ] Wrote to register 0x40: [0, 0, 0, 0, 0, 0, 0, 0, 0, 0, 0, 0, 0, 0, 0, 0]
2023-07-26 00:58:31 [DEBUG   ] Wrote to register 0x40: [0, 0, 0, 0, 0, 0, 0, 0, 0, 0, 0, 0, 0, 0, 0, 0]
2023-07-26 00:58:31 [DEBUG   ] Wrote to register 0x40: [0, 0, 0, 0, 0, 0, 0, 0, 0, 0, 0, 0, 0, 0, 0, 0]
2023-07-26 00:58:31 [DEBUG   ] Wrote to register 0x40: [0, 0, 0, 0, 0, 0, 0, 0, 0, 0, 0, 0, 0, 0, 0, 0]
2023-07-26 00:58:31 [DEBUG   ] Wrote to register 0x40: [0, 0, 0, 0, 0, 0, 0, 0, 0, 0, 0, 0, 0, 0, 0, 0]
2023-07-26 00:58:31 [DEBUG   ] Wrote to register 0x40: [0, 0, 0, 0, 0, 0, 0, 0, 0, 0, 0, 0, 0, 0, 0, 0]
2023-07-26 00:58:31 [DEBUG   ] Wrote to register 0x40: [0, 0, 0, 0, 0, 0, 0, 0, 0, 0, 0, 0, 0, 0, 0, 0]
2023-07-26 00:58:31 [DEBUG   ] Wrote to register 0x40: [0, 0, 0, 0, 0, 0, 0, 0, 0, 0, 0, 0, 0, 0, 0, 0]
2023-07-26 00:58:31 [DEBUG   ] Wrote to register 0x40: [0, 0, 0, 0, 0, 0, 0, 0, 0, 0, 0, 0, 0, 0, 0, 0]
2023-07-26 00:58:31 [DEBUG   ] Wrote to register 0x40: [0, 0, 0, 0, 0, 0, 0, 0, 0, 0, 0, 0, 0, 0, 0, 0]
2023-07-26 00:58:31 [DEBUG   ] Wrote to register 0x40: [0, 0, 0, 0, 0, 0, 0, 0, 0, 0, 0, 0, 0, 0, 0, 0]
2023-07-26 00:58:32 [DEBUG   ] green_led_status0
2023-07-26 00:58:32 [DEBUG   ] Reading SPS30 data
2023-07-26 00:58:32 [DEBUG   ] Wrote 0x21 to register 0x00
2023-07-26 00:58:32 [DEBUG   ] Wrote 0x00 to register 0x00
2023-07-26 00:58:32 [DEBUG   ] Wrote 0x7F to register 0x00
2023-07-26 00:58:32 [DEBUG   ] Wrote 0x22 to register 0x00
2023-07-26 00:58:32 [DEBUG   ] Wrote 0x00 to register 0x00
2023-07-26 00:58:32 [DEBUG   ] Wrote 0x07 to register 0x00
2023-07-26 00:58:32 [DEBUG   ] Wrote to register 0x40: [8, 8, 8, 8, 8, 0, 0, 0, 0, 0, 0, 0, 62, 127, 65, 127]
2023-07-26 00:58:32 [DEBUG   ] Wrote to register 0x40: [62, 0, 0, 0, 0, 0, 0, 0, 8, 8, 8, 8, 8, 0, 0, 0]
2023-07-26 00:58:32 [DEBUG   ] Wrote to register 0x40: [0, 0, 0, 0, 0, 0, 0, 0, 0, 0, 0, 0, 0, 0, 0, 0]
2023-07-26 00:58:32 [DEBUG   ] Wrote to register 0x40: [0, 0, 0, 0, 0, 0, 0, 0, 0, 0, 0, 0, 0, 0, 0, 0]
2023-07-26 00:58:32 [DEBUG   ] Wrote to register 0x40: [0, 0, 0, 0, 0, 0, 0, 0, 0, 0, 0, 0, 0, 0, 0, 0]
2023-07-26 00:58:32 [DEBUG   ] Wrote to register 0x40: [0, 0, 0, 0, 0, 0, 0, 0, 0, 0, 0, 0, 0, 0, 0, 0]
2023-07-26 00:58:32 [DEBUG   ] Wrote to register 0x40: [0, 0, 0, 0, 0, 0, 0, 0, 0, 0, 0, 0, 0, 0, 0, 0]
2023-07-26 00:58:32 [DEBUG   ] Wrote to register 0x40: [0, 0, 0, 0, 0, 0, 0, 0, 0, 0, 0, 0, 0, 0, 0, 0]
2023-07-26 00:58:32 [DEBUG   ] Wrote to register 0x40: [108, 78, 90, 122, 54, 2, 6, 78, 120, 120, 78, 6, 108, 78, 90, 122]
2023-07-26 00:58:32 [DEBUG   ] Wrote to register 0x40: [54, 6, 66, 126, 126, 66, 6, 66, 126, 126, 74, 106, 98, 66, 126, 28]
2023-07-26 00:58:32 [DEBUG   ] Wrote to register 0x40: [112, 28, 126, 0, 0, 0, 0, 0, 0, 0, 108, 78, 90, 122, 54, 6]
2023-07-26 00:58:32 [DEBUG   ] Wrote to register 0x40: [66, 126, 126, 66, 6, 64, 114, 126, 22, 126, 112, 6, 66, 126, 126, 66]
2023-07-26 00:58:32 [DEBUG   ] Wrote to register 0x40: [6, 0, 108, 78, 90, 122, 54, 0, 0, 0, 0, 0, 0, 0, 0, 0]
2023-07-26 00:58:32 [DEBUG   ] Wrote to register 0x40: [0, 0, 0, 0, 0, 0, 0, 0, 0, 0, 0, 0, 0, 0, 0, 0]
2023-07-26 00:58:32 [DEBUG   ] Wrote to register 0x40: [0, 0, 0, 0, 0, 0, 0, 0, 0, 0, 0, 0, 0, 0, 0, 0]
2023-07-26 00:58:32 [DEBUG   ] Wrote to register 0x40: [0, 0, 0, 0, 0, 0, 0, 0, 0, 0, 0, 0, 0, 0, 0, 0]
2023-07-26 00:58:32 [DEBUG   ] Wrote to register 0x40: [66, 126, 126, 66, 0, 66, 126, 126, 82, 30, 12, 0, 0, 72, 72, 0]
2023-07-26 00:58:32 [DEBUG   ] Wrote to register 0x40: [0, 0, 0, 0, 0, 0, 0, 0, 66, 66, 127, 127, 64, 64, 62, 127]
2023-07-26 00:58:32 [DEBUG   ] Wrote to register 0x40: [65, 127, 62, 0, 0, 64, 64, 0, 0, 0, 66, 66, 127, 127, 64, 64]
2023-07-26 00:58:32 [DEBUG   ] Wrote to register 0x40: [62, 127, 65, 127, 62, 0, 34, 107, 73, 127, 54, 0, 0, 64, 64, 0]
2023-07-26 00:58:32 [DEBUG   ] Wrote to register 0x40: [0, 0, 98, 115, 89, 111, 102, 0, 62, 127, 65, 127, 62, 0, 3, 99]
2023-07-26 00:58:32 [DEBUG   ] Wrote to register 0x40: [121, 31, 7, 0, 0, 64, 64, 0, 0, 0, 66, 66, 127, 127, 64, 64]
2023-07-26 00:58:32 [DEBUG   ] Wrote to register 0x40: [98, 115, 89, 111, 102, 0, 0, 0, 0, 0, 0, 0, 0, 0, 0, 0]
2023-07-26 00:58:32 [DEBUG   ] Wrote to register 0x40: [0, 0, 0, 0, 0, 0, 0, 0, 0, 0, 0, 0, 0, 0, 0, 0]
2023-07-26 00:58:32 [DEBUG   ] Wrote to register 0x40: [60, 126, 66, 102, 38, 66, 126, 126, 82, 30, 12, 2, 62, 126, 64, 126]
2023-07-26 00:58:32 [DEBUG   ] Wrote to register 0x40: [62, 2, 0, 0, 0, 0, 0, 66, 126, 126, 66, 96, 96, 0, 56, 124]
2023-07-26 00:58:32 [DEBUG   ] Wrote to register 0x40: [68, 124, 56, 0, 104, 124, 84, 124, 120, 64, 56, 124, 69, 127, 127, 64]
2023-07-26 00:58:32 [DEBUG   ] Wrote to register 0x40: [0, 72, 72, 0, 0, 0, 0, 0, 0, 0, 0, 0, 62, 127, 65, 127]
2023-07-26 00:58:32 [DEBUG   ] Wrote to register 0x40: [62, 0, 0, 64, 64, 0, 0, 0, 66, 66, 127, 127, 64, 64, 3, 99]
2023-07-26 00:58:32 [DEBUG   ] Wrote to register 0x40: [121, 31, 7, 0, 0, 0, 0, 0, 0, 0, 0, 0, 0, 0, 0, 0]
2023-07-26 00:58:32 [DEBUG   ] Wrote to register 0x40: [0, 0, 0, 0, 0, 0, 0, 0, 0, 0, 0, 0, 0, 0, 0, 0]
2023-07-26 00:58:32 [DEBUG   ] Wrote to register 0x40: [0, 0, 0, 0, 0, 0, 0, 0, 0, 0, 0, 0, 0, 0, 0, 0]
2023-07-26 00:58:32 [DEBUG   ] Wrote to register 0x40: [126, 28, 112, 28, 126, 0, 56, 124, 84, 92, 88, 4, 124, 12, 124, 12]
2023-07-26 00:58:32 [DEBUG   ] Wrote to register 0x40: [120, 0, 0, 72, 72, 0, 0, 0, 0, 0, 0, 0, 0, 0, 24, 28]
2023-07-26 00:58:32 [DEBUG   ] Wrote to register 0x40: [18, 127, 127, 16, 98, 115, 89, 111, 102, 0, 24, 28, 18, 127, 127, 16]
2023-07-26 00:58:32 [DEBUG   ] Wrote to register 0x40: [0, 192, 48, 12, 3, 0, 3, 99, 121, 31, 7, 0, 54, 127, 73, 127]
2023-07-26 00:58:32 [DEBUG   ] Wrote to register 0x40: [54, 0, 62, 127, 65, 127, 62, 0, 54, 127, 73, 127, 54, 66, 126, 28]
2023-07-26 00:58:32 [DEBUG   ] Wrote to register 0x40: [112, 28, 126, 66, 126, 126, 74, 126, 52, 0, 0, 0, 0, 0, 0, 0]
2023-07-26 00:58:32 [DEBUG   ] Wrote to register 0x40: [111, 79, 69, 125, 57, 0, 0, 64, 64, 0, 0, 0, 24, 28, 18, 127]
2023-07-26 00:58:32 [DEBUG   ] Wrote to register 0x40: [127, 16, 34, 107, 73, 127, 54, 0, 39, 21, 127, 84, 114, 0, 0, 0]
2023-07-26 00:58:32 [DEBUG   ] Wrote to register 0x40: [126, 126, 66, 126, 60, 0, 68, 68, 125, 125, 64, 64, 72, 92, 92, 116]
2023-07-26 00:58:32 [DEBUG   ] Wrote to register 0x40: [116, 1, 127, 127, 56, 108, 68, 64, 0, 72, 72, 0, 0, 0, 0, 0]
2023-07-26 00:58:32 [DEBUG   ] Wrote to register 0x40: [0, 0, 0, 0, 34, 107, 73, 127, 54, 0, 0, 192, 48, 12, 3, 0]
2023-07-26 00:58:32 [DEBUG   ] Wrote to register 0x40: [111, 79, 69, 125, 57, 0, 38, 111, 73, 127, 62, 0, 60, 126, 82, 118]
2023-07-26 00:58:32 [DEBUG   ] Wrote to register 0x40: [116, 66, 126, 126, 74, 126, 52, 0, 0, 0, 0, 0, 0, 0, 3, 99]
2023-07-26 00:58:32 [DEBUG   ] Wrote to register 0x40: [121, 31, 7, 0, 39, 21, 127, 84, 114, 0, 0, 0, 0, 0, 0, 0]
2023-07-26 00:58:32 [DEBUG   ] Wrote to register 0x40: [0, 0, 0, 0, 0, 0, 0, 0, 0, 0, 0, 0, 0, 0, 0, 0]
2023-07-26 00:58:32 [DEBUG   ] Wrote to register 0x40: [0, 0, 0, 0, 0, 0, 0, 0, 0, 0, 0, 0, 0, 0, 0, 0]
2023-07-26 00:58:32 [DEBUG   ] Wrote to register 0x40: [0, 0, 0, 0, 0, 0, 0, 0, 0, 0, 0, 0, 0, 0, 0, 0]
2023-07-26 00:58:32 [DEBUG   ] Wrote to register 0x40: [0, 0, 0, 0, 0, 0, 0, 0, 0, 0, 0, 0, 0, 0, 0, 0]
2023-07-26 00:58:32 [DEBUG   ] Wrote to register 0x40: [0, 0, 0, 0, 0, 0, 0, 0, 0, 0, 0, 0, 0, 0, 0, 0]
2023-07-26 00:58:32 [DEBUG   ] Wrote to register 0x40: [0, 0, 0, 0, 0, 0, 0, 0, 0, 0, 0, 0, 0, 0, 0, 0]
2023-07-26 00:58:32 [DEBUG   ] Wrote to register 0x40: [0, 0, 0, 0, 0, 0, 0, 0, 0, 0, 0, 0, 0, 0, 0, 0]
2023-07-26 00:58:32 [DEBUG   ] Wrote to register 0x40: [0, 0, 0, 0, 0, 0, 0, 0, 0, 0, 0, 0, 0, 0, 0, 0]
2023-07-26 00:58:32 [DEBUG   ] Wrote to register 0x40: [0, 0, 0, 0, 0, 0, 0, 0, 0, 0, 0, 0, 0, 0, 0, 0]
2023-07-26 00:58:32 [DEBUG   ] Wrote to register 0x40: [0, 0, 0, 0, 0, 0, 0, 0, 0, 0, 0, 0, 0, 0, 0, 0]
2023-07-26 00:58:32 [DEBUG   ] Wrote to register 0x40: [0, 0, 0, 0, 0, 0, 0, 0, 0, 0, 0, 0, 0, 0, 0, 0]
2023-07-26 00:58:32 [DEBUG   ] Wrote to register 0x40: [0, 0, 0, 0, 0, 0, 0, 0, 0, 0, 0, 0, 0, 0, 0, 0]
2023-07-26 00:58:32 [DEBUG   ] Wrote to register 0x40: [0, 0, 0, 0, 0, 0, 0, 0, 0, 0, 0, 0, 0, 0, 0, 0]
2023-07-26 00:58:32 [DEBUG   ] Wrote to register 0x40: [0, 0, 0, 0, 0, 0, 0, 0, 0, 0, 0, 0, 0, 0, 0, 0]
2023-07-26 00:58:32 [DEBUG   ] Wrote to register 0x40: [0, 0, 0, 0, 0, 0, 0, 0, 0, 0, 0, 0, 0, 0, 0, 0]
2023-07-26 00:58:32 [DEBUG   ] Wrote to register 0x40: [0, 0, 0, 0, 0, 0, 0, 0, 0, 0, 0, 0, 0, 0, 0, 0]
2023-07-26 00:58:32 [DEBUG   ] Wrote to register 0x40: [0, 0, 0, 0, 0, 0, 0, 0, 0, 0, 0, 0, 0, 0, 0, 0]
2023-07-26 00:58:32 [DEBUG   ] Wrote to register 0x40: [0, 0, 0, 0, 0, 0, 0, 0, 0, 0, 0, 0, 0, 0, 0, 0]
2023-07-26 00:58:33 [DEBUG   ] green_led_status1
2023-07-26 00:58:34 [DEBUG   ] Reading SPS30 data
2023-07-26 00:58:34 [DEBUG   ] Writing samples to the DB
2023-07-26 00:58:34 [DEBUG   ] Wrote 0x21 to register 0x00
2023-07-26 00:58:34 [DEBUG   ] Wrote 0x00 to register 0x00
2023-07-26 00:58:34 [DEBUG   ] Wrote 0x7F to register 0x00
2023-07-26 00:58:34 [DEBUG   ] Wrote 0x22 to register 0x00
2023-07-26 00:58:34 [DEBUG   ] Wrote 0x00 to register 0x00
2023-07-26 00:58:34 [DEBUG   ] Wrote 0x07 to register 0x00
2023-07-26 00:58:34 [DEBUG   ] Wrote to register 0x40: [8, 8, 8, 8, 8, 0, 0, 0, 0, 0, 0, 0, 66, 66, 127, 127]
2023-07-26 00:58:34 [DEBUG   ] Wrote to register 0x40: [64, 64, 0, 0, 0, 0, 0, 0, 8, 8, 8, 8, 8, 0, 0, 0]
2023-07-26 00:58:34 [DEBUG   ] Wrote to register 0x40: [0, 0, 0, 0, 0, 0, 0, 0, 0, 0, 0, 0, 0, 0, 0, 0]
2023-07-26 00:58:34 [DEBUG   ] Wrote to register 0x40: [0, 0, 0, 0, 0, 0, 0, 0, 0, 0, 0, 0, 0, 0, 0, 0]
2023-07-26 00:58:34 [DEBUG   ] Wrote to register 0x40: [0, 0, 0, 0, 0, 0, 0, 0, 0, 0, 0, 0, 0, 0, 0, 0]
2023-07-26 00:58:34 [DEBUG   ] Wrote to register 0x40: [0, 0, 0, 0, 0, 0, 0, 0, 0, 0, 0, 0, 0, 0, 0, 0]
2023-07-26 00:58:34 [DEBUG   ] Wrote to register 0x40: [0, 0, 0, 0, 0, 0, 0, 0, 0, 0, 0, 0, 0, 0, 0, 0]
2023-07-26 00:58:34 [DEBUG   ] Wrote to register 0x40: [0, 0, 0, 0, 0, 0, 0, 0, 0, 0, 0, 0, 0, 0, 0, 0]
2023-07-26 00:58:34 [DEBUG   ] Wrote to register 0x40: [108, 78, 90, 122, 54, 66, 126, 126, 74, 106, 98, 66, 126, 126, 12, 50]
2023-07-26 00:58:34 [DEBUG   ] Wrote to register 0x40: [126, 2, 108, 78, 90, 122, 54, 0, 60, 126, 66, 126, 60, 66, 126, 126]
2023-07-26 00:58:34 [DEBUG   ] Wrote to register 0x40: [82, 62, 108, 64, 108, 78, 90, 122, 54, 0, 0, 72, 72, 0, 0, 0]
2023-07-26 00:58:34 [DEBUG   ] Wrote to register 0x40: [0, 0, 0, 0, 0, 6, 66, 126, 126, 66, 6, 4, 124, 12, 124, 12]
2023-07-26 00:58:34 [DEBUG   ] Wrote to register 0x40: [120, 4, 252, 252, 68, 124, 56, 0, 0, 0, 192, 64, 0, 0, 0, 0]
2023-07-26 00:58:34 [DEBUG   ] Wrote to register 0x40: [0, 0, 0, 66, 126, 126, 8, 126, 126, 6, 60, 124, 64, 124, 124, 4]
2023-07-26 00:58:34 [DEBUG   ] Wrote to register 0x40: [124, 12, 124, 12, 120, 0, 0, 0, 192, 64, 0, 0, 0, 0, 0, 0]
2023-07-26 00:58:34 [DEBUG   ] Wrote to register 0x40: [0, 0, 60, 126, 66, 102, 38, 0, 60, 126, 66, 126, 60, 0, 98, 115]
2023-07-26 00:58:34 [DEBUG   ] Wrote to register 0x40: [108, 78, 90, 122, 54, 66, 126, 126, 8, 126, 126, 6, 66, 126, 126, 66]
2023-07-26 00:58:34 [DEBUG   ] Wrote to register 0x40: [6, 0, 60, 126, 66, 102, 38, 0, 34, 107, 73, 127, 54, 0, 0, 0]
2023-07-26 00:58:34 [DEBUG   ] Wrote to register 0x40: [0, 0, 0, 0, 0, 0, 0, 0, 0, 0, 0, 0, 0, 0, 0, 0]
2023-07-26 00:58:34 [DEBUG   ] Wrote to register 0x40: [0, 0, 0, 0, 0, 0, 0, 0, 0, 0, 0, 0, 0, 0, 0, 0]
2023-07-26 00:58:34 [DEBUG   ] Wrote to register 0x40: [0, 1, 1, 1, 1, 0, 0, 0, 0, 1, 0, 0, 0, 0, 0, 0]
2023-07-26 00:58:34 [DEBUG   ] Wrote to register 0x40: [0, 0, 0, 0, 0, 0, 0, 0, 0, 0, 0, 0, 0, 0, 0, 0]
2023-07-26 00:58:34 [DEBUG   ] Wrote to register 0x40: [0, 0, 0, 0, 0, 0, 0, 1, 0, 0, 0, 0, 0, 0, 0, 0]
2023-07-26 00:58:34 [DEBUG   ] Wrote to register 0x40: [0, 0, 0, 0, 0, 0, 0, 0, 0, 0, 0, 0, 0, 0, 0, 0]
2023-07-26 00:58:34 [DEBUG   ] Wrote to register 0x40: [66, 126, 126, 66, 6, 0, 56, 124, 84, 92, 88, 4, 124, 12, 124, 12]
2023-07-26 00:58:34 [DEBUG   ] Wrote to register 0x40: [120, 4, 252, 252, 68, 124, 56, 0, 56, 124, 84, 92, 88, 0, 68, 124]
2023-07-26 00:58:34 [DEBUG   ] Wrote to register 0x40: [120, 76, 4, 12, 104, 124, 84, 124, 120, 64, 4, 63, 127, 68, 100, 4]
2023-07-26 00:58:34 [DEBUG   ] Wrote to register 0x40: [60, 124, 64, 124, 124, 64, 68, 124, 120, 76, 4, 12, 56, 124, 84, 92]
2023-07-26 00:58:34 [DEBUG   ] Wrote to register 0x40: [88, 0, 0, 72, 72, 0, 0, 0, 0, 0, 0, 0, 0, 0, 66, 66]
2023-07-26 00:58:34 [DEBUG   ] Wrote to register 0x40: [127, 127, 64, 64, 38, 111, 73, 127, 62, 0, 0, 64, 64, 0, 0, 0]
2023-07-26 00:58:34 [DEBUG   ] Wrote to register 0x40: [62, 127, 65, 127, 62, 0, 0, 0, 0, 0, 0, 0, 60, 126, 66, 102]
2023-07-26 00:58:34 [DEBUG   ] Wrote to register 0x40: [38, 0, 0, 0, 0, 0, 0, 0, 0, 0, 0, 0, 0, 0, 0, 0]
2023-07-26 00:58:34 [DEBUG   ] Wrote to register 0x40: [126, 126, 8, 126, 126, 6, 60, 124, 64, 124, 124, 4, 124, 12, 124, 12]
2023-07-26 00:58:34 [DEBUG   ] Wrote to register 0x40: [120, 1, 69, 69, 125, 125, 64, 64, 56, 124, 69, 127, 127, 64, 68, 68]
2023-07-26 00:58:34 [DEBUG   ] Wrote to register 0x40: [125, 125, 64, 64, 4, 63, 127, 68, 100, 4, 28, 252, 192, 124, 28, 4]
2023-07-26 00:58:34 [DEBUG   ] Wrote to register 0x40: [0, 72, 72, 0, 0, 0, 0, 0, 0, 0, 0, 0, 111, 79, 69, 125]
2023-07-26 00:58:34 [DEBUG   ] Wrote to register 0x40: [57, 0, 62, 127, 73, 123, 50, 0, 0, 64, 64, 0, 0, 0, 111, 79]
2023-07-26 00:58:34 [DEBUG   ] Wrote to register 0x40: [69, 125, 57, 0, 0, 0, 0, 0, 0, 0, 39, 21, 127, 84, 114, 0]
2023-07-26 00:58:34 [DEBUG   ] Wrote to register 0x40: [0, 0, 0, 0, 0, 0, 0, 0, 0, 0, 0, 0, 0, 0, 0, 0]
2023-07-26 00:58:34 [DEBUG   ] Wrote to register 0x40: [0, 0, 0, 0, 0, 0, 0, 0, 0, 0, 0, 0, 0, 0, 0, 0]
2023-07-26 00:58:34 [DEBUG   ] Wrote to register 0x40: [66, 126, 126, 66, 6, 0, 62, 127, 73, 123, 50, 0, 3, 99, 121, 31]
2023-07-26 00:58:34 [DEBUG   ] Wrote to register 0x40: [7, 0, 66, 66, 127, 127, 64, 64, 34, 107, 73, 127, 54, 0, 0, 0]
2023-07-26 00:58:34 [DEBUG   ] Wrote to register 0x40: [0, 0, 0, 0, 0, 60, 126, 129, 0, 1, 109, 79, 90, 122, 54, 0]
2023-07-26 00:58:34 [DEBUG   ] Wrote to register 0x40: [4, 63, 127, 68, 100, 32, 104, 124, 84, 124, 120, 64, 4, 63, 127, 68]
2023-07-26 00:58:34 [DEBUG   ] Wrote to register 0x40: [100, 4, 60, 124, 64, 124, 124, 64, 72, 92, 92, 116, 116, 32, 0, 72]
2023-07-26 00:58:34 [DEBUG   ] Wrote to register 0x40: [72, 0, 0, 0, 62, 127, 65, 127, 62, 65, 127, 127, 68, 124, 56, 0]
2023-07-26 00:58:34 [DEBUG   ] Wrote to register 0x40: [66, 66, 127, 127, 64, 64, 62, 127, 65, 127, 62, 0, 62, 127, 65, 127]
2023-07-26 00:58:34 [DEBUG   ] Wrote to register 0x40: [62, 0, 62, 127, 65, 127, 62, 0, 62, 127, 65, 127, 62, 0, 62, 127]
2023-07-26 00:58:34 [DEBUG   ] Wrote to register 0x40: [126, 126, 82, 30, 12, 66, 126, 126, 82, 30, 12, 66, 126, 28, 112, 28]
2023-07-26 00:58:34 [DEBUG   ] Wrote to register 0x40: [126, 0, 0, 72, 72, 0, 0, 0, 0, 0, 0, 0, 0, 0, 24, 28]
2023-07-26 00:58:34 [DEBUG   ] Wrote to register 0x40: [18, 127, 127, 16, 66, 66, 127, 127, 64, 64, 111, 79, 69, 125, 57, 0]
2023-07-26 00:58:34 [DEBUG   ] Wrote to register 0x40: [0, 0, 0, 0, 0, 0, 0, 0, 0, 0, 0, 0, 0, 0, 0, 0]
2023-07-26 00:58:34 [DEBUG   ] Wrote to register 0x40: [0, 0, 0, 0, 0, 0, 0, 0, 0, 0, 0, 0, 0, 0, 0, 0]
2023-07-26 00:58:34 [DEBUG   ] Wrote to register 0x40: [0, 0, 0, 0, 0, 0, 0, 0, 0, 0, 0, 0, 0, 0, 0, 0]
2023-07-26 00:58:34 [DEBUG   ] Wrote to register 0x40: [0, 0, 0, 0, 0, 0, 0, 0, 0, 0, 0, 0, 0, 0, 0, 0]
2023-07-26 00:58:34 [DEBUG   ] Wrote to register 0x40: [0, 0, 0, 0, 0, 0, 0, 0, 0, 0, 0, 0, 0, 0, 0, 0]
2023-07-26 00:58:34 [DEBUG   ] Wrote to register 0x40: [114, 126, 22, 126, 112, 66, 126, 126, 74, 126, 52, 0, 60, 126, 66, 102]
2023-07-26 00:58:34 [DEBUG   ] Wrote to register 0x40: [38, 0, 0, 0, 0, 0, 0, 0, 108, 78, 90, 122, 54, 0, 4, 63]
2023-07-26 00:58:34 [DEBUG   ] Wrote to register 0x40: [127, 68, 100, 32, 104, 124, 84, 124, 120, 64, 4, 63, 127, 68, 100, 32]
2023-07-26 00:58:34 [DEBUG   ] Wrote to register 0x40: [56, 124, 84, 92, 88, 0, 0, 72, 72, 0, 0, 0, 0, 0, 0, 0]
2023-07-26 00:58:34 [DEBUG   ] Wrote to register 0x40: [0, 0, 62, 127, 65, 127, 62, 0, 0, 0, 0, 0, 0, 0, 0, 0]
2023-07-26 00:58:34 [DEBUG   ] Wrote to register 0x40: [0, 0, 0, 0, 0, 0, 0, 0, 0, 0, 0, 0, 0, 0, 0, 0]
2023-07-26 00:58:34 [DEBUG   ] Wrote to register 0x40: [0, 0, 0, 0, 0, 0, 0, 0, 0, 0, 0, 0, 0, 0, 0, 0]
2023-07-26 00:58:34 [DEBUG   ] Wrote to register 0x40: [0, 0, 0, 0, 0, 0, 0, 0, 0, 0, 0, 0, 0, 0, 0, 0]
2023-07-26 00:58:35 [DEBUG   ] green_led_status0
2023-07-26 00:58:36 [DEBUG   ] Reading SPS30 data
2023-07-26 00:58:36 [DEBUG   ] Wrote 0x21 to register 0x00
2023-07-26 00:58:36 [DEBUG   ] Wrote 0x00 to register 0x00
2023-07-26 00:58:36 [DEBUG   ] Wrote 0x7F to register 0x00
2023-07-26 00:58:36 [DEBUG   ] Wrote 0x22 to register 0x00
2023-07-26 00:58:36 [DEBUG   ] Wrote 0x00 to register 0x00
2023-07-26 00:58:36 [DEBUG   ] Wrote 0x07 to register 0x00
2023-07-26 00:58:36 [DEBUG   ] Wrote to register 0x40: [8, 8, 8, 8, 8, 0, 0, 0, 0, 0, 0, 0, 66, 66, 127, 127]
2023-07-26 00:58:36 [DEBUG   ] Wrote to register 0x40: [64, 64, 0, 0, 0, 0, 0, 0, 8, 8, 8, 8, 8, 0, 0, 0]
2023-07-26 00:58:36 [DEBUG   ] Wrote to register 0x40: [0, 0, 0, 0, 0, 0, 0, 0, 0, 0, 0, 0, 0, 0, 0, 0]
2023-07-26 00:58:36 [DEBUG   ] Wrote to register 0x40: [0, 0, 0, 0, 0, 0, 0, 0, 0, 0, 0, 0, 0, 0, 0, 0]
2023-07-26 00:58:36 [DEBUG   ] Wrote to register 0x40: [0, 0, 0, 0, 0, 0, 0, 0, 0, 0, 0, 0, 0, 0, 0, 0]
2023-07-26 00:58:36 [DEBUG   ] Wrote to register 0x40: [0, 0, 0, 0, 0, 0, 0, 0, 0, 0, 0, 0, 0, 0, 0, 0]
2023-07-26 00:58:36 [DEBUG   ] Wrote to register 0x40: [0, 0, 0, 0, 0, 0, 0, 0, 0, 0, 0, 0, 0, 0, 0, 0]
2023-07-26 00:58:36 [DEBUG   ] Wrote to register 0x40: [0, 0, 0, 0, 0, 0, 0, 0, 0, 0, 0, 0, 0, 0, 0, 0]
2023-07-26 00:58:36 [DEBUG   ] Wrote to register 0x40: [108, 78, 90, 122, 54, 66, 126, 126, 74, 106, 98, 66, 126, 126, 12, 50]
2023-07-26 00:58:36 [DEBUG   ] Wrote to register 0x40: [126, 2, 108, 78, 90, 122, 54, 0, 60, 126, 66, 126, 60, 66, 126, 126]
2023-07-26 00:58:36 [DEBUG   ] Wrote to register 0x40: [82, 62, 108, 64, 108, 78, 90, 122, 54, 0, 0, 72, 72, 0, 0, 0]
2023-07-26 00:58:36 [DEBUG   ] Wrote to register 0x40: [0, 0, 0, 0, 0, 6, 66, 126, 126, 66, 6, 4, 124, 12, 124, 12]
2023-07-26 00:58:36 [DEBUG   ] Wrote to register 0x40: [120, 4, 252, 252, 68, 124, 56, 0, 0, 0, 192, 64, 0, 0, 0, 0]
2023-07-26 00:58:36 [DEBUG   ] Wrote to register 0x40: [0, 0, 0, 66, 126, 126, 8, 126, 126, 6, 60, 124, 64, 124, 124, 4]
2023-07-26 00:58:36 [DEBUG   ] Wrote to register 0x40: [124, 12, 124, 12, 120, 0, 0, 0, 192, 64, 0, 0, 0, 0, 0, 0]
2023-07-26 00:58:36 [DEBUG   ] Wrote to register 0x40: [0, 0, 60, 126, 66, 102, 38, 0, 60, 126, 66, 126, 60, 0, 98, 115]
2023-07-26 00:58:36 [DEBUG   ] Wrote to register 0x40: [108, 78, 90, 122, 54, 66, 126, 126, 8, 126, 126, 6, 66, 126, 126, 66]
2023-07-26 00:58:36 [DEBUG   ] Wrote to register 0x40: [6, 0, 60, 126, 66, 102, 38, 0, 34, 107, 73, 127, 54, 0, 0, 0]
2023-07-26 00:58:36 [DEBUG   ] Wrote to register 0x40: [0, 0, 0, 0, 0, 0, 0, 0, 0, 0, 0, 0, 0, 0, 0, 0]
2023-07-26 00:58:36 [DEBUG   ] Wrote to register 0x40: [0, 0, 0, 0, 0, 0, 0, 0, 0, 0, 0, 0, 0, 0, 0, 0]
2023-07-26 00:58:36 [DEBUG   ] Wrote to register 0x40: [0, 1, 1, 1, 1, 0, 0, 0, 0, 1, 0, 0, 0, 0, 0, 0]
2023-07-26 00:58:36 [DEBUG   ] Wrote to register 0x40: [0, 0, 0, 0, 0, 0, 0, 0, 0, 0, 0, 0, 0, 0, 0, 0]
2023-07-26 00:58:36 [DEBUG   ] Wrote to register 0x40: [0, 0, 0, 0, 0, 0, 0, 1, 0, 0, 0, 0, 0, 0, 0, 0]
2023-07-26 00:58:36 [DEBUG   ] Wrote to register 0x40: [0, 0, 0, 0, 0, 0, 0, 0, 0, 0, 0, 0, 0, 0, 0, 0]
2023-07-26 00:58:36 [DEBUG   ] Wrote to register 0x40: [66, 126, 126, 66, 6, 0, 56, 124, 84, 92, 88, 4, 124, 12, 124, 12]
2023-07-26 00:58:36 [DEBUG   ] Wrote to register 0x40: [120, 4, 252, 252, 68, 124, 56, 0, 56, 124, 84, 92, 88, 0, 68, 124]
2023-07-26 00:58:36 [DEBUG   ] Wrote to register 0x40: [120, 76, 4, 12, 104, 124, 84, 124, 120, 64, 4, 63, 127, 68, 100, 4]
2023-07-26 00:58:36 [DEBUG   ] Wrote to register 0x40: [60, 124, 64, 124, 124, 64, 68, 124, 120, 76, 4, 12, 56, 124, 84, 92]
2023-07-26 00:58:36 [DEBUG   ] Wrote to register 0x40: [88, 0, 0, 72, 72, 0, 0, 0, 0, 0, 0, 0, 0, 0, 66, 66]
2023-07-26 00:58:36 [DEBUG   ] Wrote to register 0x40: [127, 127, 64, 64, 38, 111, 73, 127, 62, 0, 0, 64, 64, 0, 0, 0]
2023-07-26 00:58:36 [DEBUG   ] Wrote to register 0x40: [62, 127, 65, 127, 62, 0, 0, 0, 0, 0, 0, 0, 60, 126, 66, 102]
2023-07-26 00:58:36 [DEBUG   ] Wrote to register 0x40: [38, 0, 0, 0, 0, 0, 0, 0, 0, 0, 0, 0, 0, 0, 0, 0]
2023-07-26 00:58:36 [DEBUG   ] Wrote to register 0x40: [126, 126, 8, 126, 126, 6, 60, 124, 64, 124, 124, 4, 124, 12, 124, 12]
2023-07-26 00:58:36 [DEBUG   ] Wrote to register 0x40: [120, 1, 69, 69, 125, 125, 64, 64, 56, 124, 69, 127, 127, 64, 68, 68]
2023-07-26 00:58:36 [DEBUG   ] Wrote to register 0x40: [125, 125, 64, 64, 4, 63, 127, 68, 100, 4, 28, 252, 192, 124, 28, 4]
2023-07-26 00:58:36 [DEBUG   ] Wrote to register 0x40: [0, 72, 72, 0, 0, 0, 0, 0, 0, 0, 0, 0, 111, 79, 69, 125]
2023-07-26 00:58:36 [DEBUG   ] Wrote to register 0x40: [57, 0, 62, 127, 73, 123, 50, 0, 0, 64, 64, 0, 0, 0, 62, 127]
2023-07-26 00:58:36 [DEBUG   ] Wrote to register 0x40: [73, 123, 50, 0, 0, 0, 0, 0, 0, 0, 39, 21, 127, 84, 114, 0]
2023-07-26 00:58:36 [DEBUG   ] Wrote to register 0x40: [0, 0, 0, 0, 0, 0, 0, 0, 0, 0, 0, 0, 0, 0, 0, 0]
2023-07-26 00:58:36 [DEBUG   ] Wrote to register 0x40: [0, 0, 0, 0, 0, 0, 0, 0, 0, 0, 0, 0, 0, 0, 0, 0]
2023-07-26 00:58:36 [DEBUG   ] Wrote to register 0x40: [66, 126, 126, 66, 6, 0, 62, 127, 73, 123, 50, 0, 3, 99, 121, 31]
2023-07-26 00:58:36 [DEBUG   ] Wrote to register 0x40: [7, 0, 66, 66, 127, 127, 64, 64, 34, 107, 73, 127, 54, 0, 0, 0]
2023-07-26 00:58:36 [DEBUG   ] Wrote to register 0x40: [0, 0, 0, 0, 0, 60, 126, 129, 0, 1, 109, 79, 90, 122, 54, 0]
2023-07-26 00:58:36 [DEBUG   ] Wrote to register 0x40: [4, 63, 127, 68, 100, 32, 104, 124, 84, 124, 120, 64, 4, 63, 127, 68]
2023-07-26 00:58:36 [DEBUG   ] Wrote to register 0x40: [100, 4, 60, 124, 64, 124, 124, 64, 72, 92, 92, 116, 116, 32, 0, 72]
2023-07-26 00:58:36 [DEBUG   ] Wrote to register 0x40: [72, 0, 0, 0, 62, 127, 65, 127, 62, 65, 127, 127, 68, 124, 56, 0]
2023-07-26 00:58:36 [DEBUG   ] Wrote to register 0x40: [66, 66, 127, 127, 64, 64, 62, 127, 65, 127, 62, 0, 62, 127, 65, 127]
2023-07-26 00:58:36 [DEBUG   ] Wrote to register 0x40: [62, 0, 62, 127, 65, 127, 62, 0, 62, 127, 65, 127, 62, 0, 62, 127]
2023-07-26 00:58:36 [DEBUG   ] Wrote to register 0x40: [126, 126, 82, 30, 12, 66, 126, 126, 82, 30, 12, 66, 126, 28, 112, 28]
2023-07-26 00:58:36 [DEBUG   ] Wrote to register 0x40: [126, 0, 0, 72, 72, 0, 0, 0, 0, 0, 0, 0, 0, 0, 24, 28]
2023-07-26 00:58:36 [DEBUG   ] Wrote to register 0x40: [18, 127, 127, 16, 66, 66, 127, 127, 64, 64, 111, 79, 69, 125, 57, 0]
2023-07-26 00:58:36 [DEBUG   ] Wrote to register 0x40: [0, 0, 0, 0, 0, 0, 0, 0, 0, 0, 0, 0, 0, 0, 0, 0]
2023-07-26 00:58:36 [DEBUG   ] Wrote to register 0x40: [0, 0, 0, 0, 0, 0, 0, 0, 0, 0, 0, 0, 0, 0, 0, 0]
2023-07-26 00:58:36 [DEBUG   ] Wrote to register 0x40: [0, 0, 0, 0, 0, 0, 0, 0, 0, 0, 0, 0, 0, 0, 0, 0]
2023-07-26 00:58:36 [DEBUG   ] Wrote to register 0x40: [0, 0, 0, 0, 0, 0, 0, 0, 0, 0, 0, 0, 0, 0, 0, 0]
2023-07-26 00:58:36 [DEBUG   ] Wrote to register 0x40: [0, 0, 0, 0, 0, 0, 0, 0, 0, 0, 0, 0, 0, 0, 0, 0]
2023-07-26 00:58:36 [DEBUG   ] Wrote to register 0x40: [114, 126, 22, 126, 112, 66, 126, 126, 74, 126, 52, 0, 60, 126, 66, 102]
2023-07-26 00:58:36 [DEBUG   ] Wrote to register 0x40: [38, 0, 0, 0, 0, 0, 0, 0, 108, 78, 90, 122, 54, 0, 4, 63]
2023-07-26 00:58:36 [DEBUG   ] Wrote to register 0x40: [127, 68, 100, 32, 104, 124, 84, 124, 120, 64, 4, 63, 127, 68, 100, 32]
2023-07-26 00:58:36 [DEBUG   ] Wrote to register 0x40: [56, 124, 84, 92, 88, 0, 0, 72, 72, 0, 0, 0, 0, 0, 0, 0]
2023-07-26 00:58:36 [DEBUG   ] Wrote to register 0x40: [0, 0, 62, 127, 65, 127, 62, 0, 0, 0, 0, 0, 0, 0, 0, 0]
2023-07-26 00:58:36 [DEBUG   ] Wrote to register 0x40: [0, 0, 0, 0, 0, 0, 0, 0, 0, 0, 0, 0, 0, 0, 0, 0]
2023-07-26 00:58:36 [DEBUG   ] Wrote to register 0x40: [0, 0, 0, 0, 0, 0, 0, 0, 0, 0, 0, 0, 0, 0, 0, 0]
2023-07-26 00:58:36 [DEBUG   ] Wrote to register 0x40: [0, 0, 0, 0, 0, 0, 0, 0, 0, 0, 0, 0, 0, 0, 0, 0]
2023-07-26 00:58:37 [DEBUG   ] green_led_status1
2023-07-26 00:58:37 [DEBUG   ] Reading SPS30 data
2023-07-26 00:58:38 [DEBUG   ] Wrote 0x21 to register 0x00
2023-07-26 00:58:38 [DEBUG   ] Wrote 0x00 to register 0x00
2023-07-26 00:58:38 [DEBUG   ] Wrote 0x7F to register 0x00
2023-07-26 00:58:38 [DEBUG   ] Wrote 0x22 to register 0x00
2023-07-26 00:58:38 [DEBUG   ] Wrote 0x00 to register 0x00
2023-07-26 00:58:38 [DEBUG   ] Wrote 0x07 to register 0x00
2023-07-26 00:58:38 [DEBUG   ] Wrote to register 0x40: [8, 8, 8, 8, 8, 0, 0, 0, 0, 0, 0, 0, 66, 66, 127, 127]
2023-07-26 00:58:38 [DEBUG   ] Wrote to register 0x40: [64, 64, 0, 0, 0, 0, 0, 0, 8, 8, 8, 8, 8, 0, 0, 0]
2023-07-26 00:58:38 [DEBUG   ] Wrote to register 0x40: [0, 0, 0, 0, 0, 0, 0, 0, 0, 0, 0, 0, 0, 0, 0, 0]
2023-07-26 00:58:38 [DEBUG   ] Wrote to register 0x40: [0, 0, 0, 0, 0, 0, 0, 0, 0, 0, 0, 0, 0, 0, 0, 0]
2023-07-26 00:58:38 [DEBUG   ] Wrote to register 0x40: [0, 0, 0, 0, 0, 0, 0, 0, 0, 0, 0, 0, 0, 0, 0, 0]
2023-07-26 00:58:38 [DEBUG   ] Wrote to register 0x40: [0, 0, 0, 0, 0, 0, 0, 0, 0, 0, 0, 0, 0, 0, 0, 0]
2023-07-26 00:58:38 [DEBUG   ] Wrote to register 0x40: [0, 0, 0, 0, 0, 0, 0, 0, 0, 0, 0, 0, 0, 0, 0, 0]
2023-07-26 00:58:38 [DEBUG   ] Wrote to register 0x40: [0, 0, 0, 0, 0, 0, 0, 0, 0, 0, 0, 0, 0, 0, 0, 0]
2023-07-26 00:58:38 [DEBUG   ] Wrote to register 0x40: [108, 78, 90, 122, 54, 66, 126, 126, 74, 106, 98, 66, 126, 126, 12, 50]
2023-07-26 00:58:38 [DEBUG   ] Wrote to register 0x40: [126, 2, 108, 78, 90, 122, 54, 0, 60, 126, 66, 126, 60, 66, 126, 126]
2023-07-26 00:58:38 [DEBUG   ] Wrote to register 0x40: [82, 62, 108, 64, 108, 78, 90, 122, 54, 0, 0, 72, 72, 0, 0, 0]
2023-07-26 00:58:38 [DEBUG   ] Wrote to register 0x40: [0, 0, 0, 0, 0, 6, 66, 126, 126, 66, 6, 4, 124, 12, 124, 12]
2023-07-26 00:58:38 [DEBUG   ] Wrote to register 0x40: [120, 4, 252, 252, 68, 124, 56, 0, 0, 0, 192, 64, 0, 0, 0, 0]
2023-07-26 00:58:38 [DEBUG   ] Wrote to register 0x40: [0, 0, 0, 66, 126, 126, 8, 126, 126, 6, 60, 124, 64, 124, 124, 4]
2023-07-26 00:58:38 [DEBUG   ] Wrote to register 0x40: [124, 12, 124, 12, 120, 0, 0, 0, 192, 64, 0, 0, 0, 0, 0, 0]
2023-07-26 00:58:38 [DEBUG   ] Wrote to register 0x40: [0, 0, 60, 126, 66, 102, 38, 0, 60, 126, 66, 126, 60, 0, 98, 115]
2023-07-26 00:58:38 [DEBUG   ] Wrote to register 0x40: [108, 78, 90, 122, 54, 66, 126, 126, 8, 126, 126, 6, 66, 126, 126, 66]
2023-07-26 00:58:38 [DEBUG   ] Wrote to register 0x40: [6, 0, 60, 126, 66, 102, 38, 0, 34, 107, 73, 127, 54, 0, 0, 0]
2023-07-26 00:58:38 [DEBUG   ] Wrote to register 0x40: [0, 0, 0, 0, 0, 0, 0, 0, 0, 0, 0, 0, 0, 0, 0, 0]
2023-07-26 00:58:38 [DEBUG   ] Wrote to register 0x40: [0, 0, 0, 0, 0, 0, 0, 0, 0, 0, 0, 0, 0, 0, 0, 0]
2023-07-26 00:58:38 [DEBUG   ] Wrote to register 0x40: [0, 1, 1, 1, 1, 0, 0, 0, 0, 1, 0, 0, 0, 0, 0, 0]
2023-07-26 00:58:38 [DEBUG   ] Wrote to register 0x40: [0, 0, 0, 0, 0, 0, 0, 0, 0, 0, 0, 0, 0, 0, 0, 0]
2023-07-26 00:58:38 [DEBUG   ] Wrote to register 0x40: [0, 0, 0, 0, 0, 0, 0, 1, 0, 0, 0, 0, 0, 0, 0, 0]
2023-07-26 00:58:38 [DEBUG   ] Wrote to register 0x40: [0, 0, 0, 0, 0, 0, 0, 0, 0, 0, 0, 0, 0, 0, 0, 0]
2023-07-26 00:58:38 [DEBUG   ] Wrote to register 0x40: [66, 126, 126, 66, 6, 0, 56, 124, 84, 92, 88, 4, 124, 12, 124, 12]
2023-07-26 00:58:38 [DEBUG   ] Wrote to register 0x40: [120, 4, 252, 252, 68, 124, 56, 0, 56, 124, 84, 92, 88, 0, 68, 124]
2023-07-26 00:58:38 [DEBUG   ] Wrote to register 0x40: [120, 76, 4, 12, 104, 124, 84, 124, 120, 64, 4, 63, 127, 68, 100, 4]
2023-07-26 00:58:38 [DEBUG   ] Wrote to register 0x40: [60, 124, 64, 124, 124, 64, 68, 124, 120, 76, 4, 12, 56, 124, 84, 92]
2023-07-26 00:58:38 [DEBUG   ] Wrote to register 0x40: [88, 0, 0, 72, 72, 0, 0, 0, 0, 0, 0, 0, 0, 0, 66, 66]
2023-07-26 00:58:38 [DEBUG   ] Wrote to register 0x40: [127, 127, 64, 64, 38, 111, 73, 127, 62, 0, 0, 64, 64, 0, 0, 0]
2023-07-26 00:58:38 [DEBUG   ] Wrote to register 0x40: [62, 127, 65, 127, 62, 0, 0, 0, 0, 0, 0, 0, 60, 126, 66, 102]
2023-07-26 00:58:38 [DEBUG   ] Wrote to register 0x40: [38, 0, 0, 0, 0, 0, 0, 0, 0, 0, 0, 0, 0, 0, 0, 0]
2023-07-26 00:58:38 [DEBUG   ] Wrote to register 0x40: [126, 126, 8, 126, 126, 6, 60, 124, 64, 124, 124, 4, 124, 12, 124, 12]
2023-07-26 00:58:38 [DEBUG   ] Wrote to register 0x40: [120, 1, 69, 69, 125, 125, 64, 64, 56, 124, 69, 127, 127, 64, 68, 68]
2023-07-26 00:58:38 [DEBUG   ] Wrote to register 0x40: [125, 125, 64, 64, 4, 63, 127, 68, 100, 4, 28, 252, 192, 124, 28, 4]
2023-07-26 00:58:38 [DEBUG   ] Wrote to register 0x40: [0, 72, 72, 0, 0, 0, 0, 0, 0, 0, 0, 0, 111, 79, 69, 125]
2023-07-26 00:58:38 [DEBUG   ] Wrote to register 0x40: [57, 0, 62, 127, 73, 123, 50, 0, 0, 64, 64, 0, 0, 0, 38, 111]
2023-07-26 00:58:38 [DEBUG   ] Wrote to register 0x40: [73, 127, 62, 0, 0, 0, 0, 0, 0, 0, 39, 21, 127, 84, 114, 0]
2023-07-26 00:58:38 [DEBUG   ] Wrote to register 0x40: [0, 0, 0, 0, 0, 0, 0, 0, 0, 0, 0, 0, 0, 0, 0, 0]
2023-07-26 00:58:38 [DEBUG   ] Wrote to register 0x40: [0, 0, 0, 0, 0, 0, 0, 0, 0, 0, 0, 0, 0, 0, 0, 0]
2023-07-26 00:58:38 [DEBUG   ] Wrote to register 0x40: [66, 126, 126, 66, 6, 0, 62, 127, 73, 123, 50, 0, 3, 99, 121, 31]
2023-07-26 00:58:38 [DEBUG   ] Wrote to register 0x40: [7, 0, 66, 66, 127, 127, 64, 64, 34, 107, 73, 127, 54, 0, 0, 0]
2023-07-26 00:58:38 [DEBUG   ] Wrote to register 0x40: [0, 0, 0, 0, 0, 60, 126, 129, 0, 1, 109, 79, 90, 122, 54, 0]
2023-07-26 00:58:38 [DEBUG   ] Wrote to register 0x40: [4, 63, 127, 68, 100, 32, 104, 124, 84, 124, 120, 64, 4, 63, 127, 68]
2023-07-26 00:58:38 [DEBUG   ] Wrote to register 0x40: [100, 4, 60, 124, 64, 124, 124, 64, 72, 92, 92, 116, 116, 32, 0, 72]
2023-07-26 00:58:38 [DEBUG   ] Wrote to register 0x40: [72, 0, 0, 0, 62, 127, 65, 127, 62, 65, 127, 127, 68, 124, 56, 0]
2023-07-26 00:58:38 [DEBUG   ] Wrote to register 0x40: [66, 66, 127, 127, 64, 64, 62, 127, 65, 127, 62, 0, 62, 127, 65, 127]
2023-07-26 00:58:38 [DEBUG   ] Wrote to register 0x40: [62, 0, 62, 127, 65, 127, 62, 0, 62, 127, 65, 127, 62, 0, 62, 127]
2023-07-26 00:58:38 [DEBUG   ] Wrote to register 0x40: [126, 126, 82, 30, 12, 66, 126, 126, 82, 30, 12, 66, 126, 28, 112, 28]
2023-07-26 00:58:38 [DEBUG   ] Wrote to register 0x40: [126, 0, 0, 72, 72, 0, 0, 0, 0, 0, 0, 0, 0, 0, 24, 28]
2023-07-26 00:58:38 [DEBUG   ] Wrote to register 0x40: [18, 127, 127, 16, 66, 66, 127, 127, 64, 64, 111, 79, 69, 125, 57, 0]
2023-07-26 00:58:38 [DEBUG   ] Wrote to register 0x40: [0, 0, 0, 0, 0, 0, 0, 0, 0, 0, 0, 0, 0, 0, 0, 0]
2023-07-26 00:58:38 [DEBUG   ] Wrote to register 0x40: [0, 0, 0, 0, 0, 0, 0, 0, 0, 0, 0, 0, 0, 0, 0, 0]
2023-07-26 00:58:38 [DEBUG   ] Wrote to register 0x40: [0, 0, 0, 0, 0, 0, 0, 0, 0, 0, 0, 0, 0, 0, 0, 0]
2023-07-26 00:58:38 [DEBUG   ] Wrote to register 0x40: [0, 0, 0, 0, 0, 0, 0, 0, 0, 0, 0, 0, 0, 0, 0, 0]
2023-07-26 00:58:38 [DEBUG   ] Wrote to register 0x40: [0, 0, 0, 0, 0, 0, 0, 0, 0, 0, 0, 0, 0, 0, 0, 0]
2023-07-26 00:58:38 [DEBUG   ] Wrote to register 0x40: [114, 126, 22, 126, 112, 66, 126, 126, 74, 126, 52, 0, 60, 126, 66, 102]
2023-07-26 00:58:38 [DEBUG   ] Wrote to register 0x40: [38, 0, 0, 0, 0, 0, 0, 0, 108, 78, 90, 122, 54, 0, 4, 63]
2023-07-26 00:58:38 [DEBUG   ] Wrote to register 0x40: [127, 68, 100, 32, 104, 124, 84, 124, 120, 64, 4, 63, 127, 68, 100, 32]
2023-07-26 00:58:38 [DEBUG   ] Wrote to register 0x40: [56, 124, 84, 92, 88, 0, 0, 72, 72, 0, 0, 0, 0, 0, 0, 0]
2023-07-26 00:58:38 [DEBUG   ] Wrote to register 0x40: [0, 0, 62, 127, 65, 127, 62, 0, 0, 0, 0, 0, 0, 0, 0, 0]
2023-07-26 00:58:38 [DEBUG   ] Wrote to register 0x40: [0, 0, 0, 0, 0, 0, 0, 0, 0, 0, 0, 0, 0, 0, 0, 0]
2023-07-26 00:58:38 [DEBUG   ] Wrote to register 0x40: [0, 0, 0, 0, 0, 0, 0, 0, 0, 0, 0, 0, 0, 0, 0, 0]
2023-07-26 00:58:38 [DEBUG   ] Wrote to register 0x40: [0, 0, 0, 0, 0, 0, 0, 0, 0, 0, 0, 0, 0, 0, 0, 0]
2023-07-26 00:58:39 [DEBUG   ] green_led_status0
2023-07-26 00:58:39 [DEBUG   ] Reading SPS30 data
2023-07-26 00:58:40 [DEBUG   ] Wrote 0x21 to register 0x00
2023-07-26 00:58:40 [DEBUG   ] Wrote 0x00 to register 0x00
2023-07-26 00:58:40 [DEBUG   ] Wrote 0x7F to register 0x00
2023-07-26 00:58:40 [DEBUG   ] Wrote 0x22 to register 0x00
2023-07-26 00:58:40 [DEBUG   ] Wrote 0x00 to register 0x00
2023-07-26 00:58:40 [DEBUG   ] Wrote 0x07 to register 0x00
2023-07-26 00:58:40 [DEBUG   ] Wrote to register 0x40: [8, 8, 8, 8, 8, 0, 0, 0, 0, 0, 0, 0, 66, 66, 127, 127]
2023-07-26 00:58:40 [DEBUG   ] Wrote to register 0x40: [64, 64, 0, 0, 0, 0, 0, 0, 8, 8, 8, 8, 8, 0, 0, 0]
2023-07-26 00:58:40 [DEBUG   ] Wrote to register 0x40: [0, 0, 0, 0, 0, 0, 0, 0, 0, 0, 0, 0, 0, 0, 0, 0]
2023-07-26 00:58:40 [DEBUG   ] Wrote to register 0x40: [0, 0, 0, 0, 0, 0, 0, 0, 0, 0, 0, 0, 0, 0, 0, 0]
2023-07-26 00:58:40 [DEBUG   ] Wrote to register 0x40: [0, 0, 0, 0, 0, 0, 0, 0, 0, 0, 0, 0, 0, 0, 0, 0]
2023-07-26 00:58:40 [DEBUG   ] Wrote to register 0x40: [0, 0, 0, 0, 0, 0, 0, 0, 0, 0, 0, 0, 0, 0, 0, 0]
2023-07-26 00:58:40 [DEBUG   ] Wrote to register 0x40: [0, 0, 0, 0, 0, 0, 0, 0, 0, 0, 0, 0, 0, 0, 0, 0]
2023-07-26 00:58:40 [DEBUG   ] Wrote to register 0x40: [0, 0, 0, 0, 0, 0, 0, 0, 0, 0, 0, 0, 0, 0, 0, 0]
2023-07-26 00:58:40 [DEBUG   ] Wrote to register 0x40: [108, 78, 90, 122, 54, 66, 126, 126, 74, 106, 98, 66, 126, 126, 12, 50]
2023-07-26 00:58:40 [DEBUG   ] Wrote to register 0x40: [126, 2, 108, 78, 90, 122, 54, 0, 60, 126, 66, 126, 60, 66, 126, 126]
2023-07-26 00:58:40 [DEBUG   ] Wrote to register 0x40: [82, 62, 108, 64, 108, 78, 90, 122, 54, 0, 0, 72, 72, 0, 0, 0]
2023-07-26 00:58:40 [DEBUG   ] Wrote to register 0x40: [0, 0, 0, 0, 0, 6, 66, 126, 126, 66, 6, 4, 124, 12, 124, 12]
2023-07-26 00:58:40 [DEBUG   ] Wrote to register 0x40: [120, 4, 252, 252, 68, 124, 56, 0, 0, 0, 192, 64, 0, 0, 0, 0]
2023-07-26 00:58:40 [DEBUG   ] Wrote to register 0x40: [0, 0, 0, 66, 126, 126, 8, 126, 126, 6, 60, 124, 64, 124, 124, 4]
2023-07-26 00:58:40 [DEBUG   ] Wrote to register 0x40: [124, 12, 124, 12, 120, 0, 0, 0, 192, 64, 0, 0, 0, 0, 0, 0]
2023-07-26 00:58:40 [DEBUG   ] Wrote to register 0x40: [0, 0, 60, 126, 66, 102, 38, 0, 60, 126, 66, 126, 60, 0, 98, 115]
2023-07-26 00:58:40 [DEBUG   ] Wrote to register 0x40: [108, 78, 90, 122, 54, 66, 126, 126, 8, 126, 126, 6, 66, 126, 126, 66]
2023-07-26 00:58:40 [DEBUG   ] Wrote to register 0x40: [6, 0, 60, 126, 66, 102, 38, 0, 34, 107, 73, 127, 54, 0, 0, 0]
2023-07-26 00:58:40 [DEBUG   ] Wrote to register 0x40: [0, 0, 0, 0, 0, 0, 0, 0, 0, 0, 0, 0, 0, 0, 0, 0]
2023-07-26 00:58:40 [DEBUG   ] Wrote to register 0x40: [0, 0, 0, 0, 0, 0, 0, 0, 0, 0, 0, 0, 0, 0, 0, 0]
2023-07-26 00:58:40 [DEBUG   ] Wrote to register 0x40: [0, 1, 1, 1, 1, 0, 0, 0, 0, 1, 0, 0, 0, 0, 0, 0]
2023-07-26 00:58:40 [DEBUG   ] Wrote to register 0x40: [0, 0, 0, 0, 0, 0, 0, 0, 0, 0, 0, 0, 0, 0, 0, 0]
2023-07-26 00:58:40 [DEBUG   ] Wrote to register 0x40: [0, 0, 0, 0, 0, 0, 0, 1, 0, 0, 0, 0, 0, 0, 0, 0]
2023-07-26 00:58:40 [DEBUG   ] Wrote to register 0x40: [0, 0, 0, 0, 0, 0, 0, 0, 0, 0, 0, 0, 0, 0, 0, 0]
2023-07-26 00:58:40 [DEBUG   ] Wrote to register 0x40: [66, 126, 126, 66, 6, 0, 56, 124, 84, 92, 88, 4, 124, 12, 124, 12]
2023-07-26 00:58:40 [DEBUG   ] Wrote to register 0x40: [120, 4, 252, 252, 68, 124, 56, 0, 56, 124, 84, 92, 88, 0, 68, 124]
2023-07-26 00:58:40 [DEBUG   ] Wrote to register 0x40: [120, 76, 4, 12, 104, 124, 84, 124, 120, 64, 4, 63, 127, 68, 100, 4]
2023-07-26 00:58:40 [DEBUG   ] Wrote to register 0x40: [60, 124, 64, 124, 124, 64, 68, 124, 120, 76, 4, 12, 56, 124, 84, 92]
2023-07-26 00:58:40 [DEBUG   ] Wrote to register 0x40: [88, 0, 0, 72, 72, 0, 0, 0, 0, 0, 0, 0, 0, 0, 66, 66]
2023-07-26 00:58:40 [DEBUG   ] Wrote to register 0x40: [127, 127, 64, 64, 38, 111, 73, 127, 62, 0, 0, 64, 64, 0, 0, 0]
2023-07-26 00:58:40 [DEBUG   ] Wrote to register 0x40: [62, 127, 65, 127, 62, 0, 0, 0, 0, 0, 0, 0, 60, 126, 66, 102]
2023-07-26 00:58:40 [DEBUG   ] Wrote to register 0x40: [38, 0, 0, 0, 0, 0, 0, 0, 0, 0, 0, 0, 0, 0, 0, 0]
2023-07-26 00:58:40 [DEBUG   ] Wrote to register 0x40: [126, 126, 8, 126, 126, 6, 60, 124, 64, 124, 124, 4, 124, 12, 124, 12]
2023-07-26 00:58:40 [DEBUG   ] Wrote to register 0x40: [120, 1, 69, 69, 125, 125, 64, 64, 56, 124, 69, 127, 127, 64, 68, 68]
2023-07-26 00:58:40 [DEBUG   ] Wrote to register 0x40: [125, 125, 64, 64, 4, 63, 127, 68, 100, 4, 28, 252, 192, 124, 28, 4]
2023-07-26 00:58:40 [DEBUG   ] Wrote to register 0x40: [0, 72, 72, 0, 0, 0, 0, 0, 0, 0, 0, 0, 111, 79, 69, 125]
2023-07-26 00:58:40 [DEBUG   ] Wrote to register 0x40: [57, 0, 62, 127, 73, 123, 50, 0, 0, 64, 64, 0, 0, 0, 38, 111]
2023-07-26 00:58:40 [DEBUG   ] Wrote to register 0x40: [73, 127, 62, 0, 0, 0, 0, 0, 0, 0, 39, 21, 127, 84, 114, 0]
2023-07-26 00:58:40 [DEBUG   ] Wrote to register 0x40: [0, 0, 0, 0, 0, 0, 0, 0, 0, 0, 0, 0, 0, 0, 0, 0]
2023-07-26 00:58:40 [DEBUG   ] Wrote to register 0x40: [0, 0, 0, 0, 0, 0, 0, 0, 0, 0, 0, 0, 0, 0, 0, 0]
2023-07-26 00:58:40 [DEBUG   ] Wrote to register 0x40: [66, 126, 126, 66, 6, 0, 62, 127, 73, 123, 50, 0, 3, 99, 121, 31]
2023-07-26 00:58:40 [DEBUG   ] Wrote to register 0x40: [7, 0, 66, 66, 127, 127, 64, 64, 34, 107, 73, 127, 54, 0, 0, 0]
2023-07-26 00:58:40 [DEBUG   ] Wrote to register 0x40: [0, 0, 0, 0, 0, 60, 126, 129, 0, 1, 109, 79, 90, 122, 54, 0]
2023-07-26 00:58:40 [DEBUG   ] Wrote to register 0x40: [4, 63, 127, 68, 100, 32, 104, 124, 84, 124, 120, 64, 4, 63, 127, 68]
2023-07-26 00:58:40 [DEBUG   ] Wrote to register 0x40: [100, 4, 60, 124, 64, 124, 124, 64, 72, 92, 92, 116, 116, 32, 0, 72]
2023-07-26 00:58:40 [DEBUG   ] Wrote to register 0x40: [72, 0, 0, 0, 62, 127, 65, 127, 62, 65, 127, 127, 68, 124, 56, 0]
2023-07-26 00:58:40 [DEBUG   ] Wrote to register 0x40: [62, 127, 65, 127, 62, 0, 0, 129, 126, 60, 0, 0, 0, 0, 0, 0]
2023-07-26 00:58:40 [DEBUG   ] Wrote to register 0x40: [0, 0, 0, 0, 0, 0, 0, 0, 0, 0, 0, 0, 0, 0, 0, 0]
2023-07-26 00:58:40 [DEBUG   ] Wrote to register 0x40: [126, 126, 82, 30, 12, 66, 126, 126, 82, 30, 12, 66, 126, 28, 112, 28]
2023-07-26 00:58:40 [DEBUG   ] Wrote to register 0x40: [126, 0, 0, 72, 72, 0, 0, 0, 0, 0, 0, 0, 0, 0, 24, 28]
2023-07-26 00:58:40 [DEBUG   ] Wrote to register 0x40: [18, 127, 127, 16, 66, 66, 127, 127, 64, 64, 111, 79, 69, 125, 57, 0]
2023-07-26 00:58:40 [DEBUG   ] Wrote to register 0x40: [0, 0, 0, 0, 0, 0, 0, 0, 0, 0, 0, 0, 0, 0, 0, 0]
2023-07-26 00:58:40 [DEBUG   ] Wrote to register 0x40: [0, 0, 0, 0, 0, 0, 0, 0, 0, 0, 0, 0, 0, 0, 0, 0]
2023-07-26 00:58:40 [DEBUG   ] Wrote to register 0x40: [0, 0, 0, 0, 0, 0, 0, 0, 0, 0, 0, 0, 0, 0, 0, 0]
2023-07-26 00:58:40 [DEBUG   ] Wrote to register 0x40: [0, 0, 0, 0, 0, 0, 0, 0, 0, 0, 0, 0, 0, 0, 0, 0]
2023-07-26 00:58:40 [DEBUG   ] Wrote to register 0x40: [0, 0, 0, 0, 0, 0, 0, 0, 0, 0, 0, 0, 0, 0, 0, 0]
2023-07-26 00:58:40 [DEBUG   ] Wrote to register 0x40: [114, 126, 22, 126, 112, 66, 126, 126, 74, 126, 52, 0, 60, 126, 66, 102]
2023-07-26 00:58:40 [DEBUG   ] Wrote to register 0x40: [38, 0, 0, 0, 0, 0, 0, 0, 108, 78, 90, 122, 54, 0, 4, 63]
2023-07-26 00:58:40 [DEBUG   ] Wrote to register 0x40: [127, 68, 100, 32, 104, 124, 84, 124, 120, 64, 4, 63, 127, 68, 100, 32]
2023-07-26 00:58:40 [DEBUG   ] Wrote to register 0x40: [56, 124, 84, 92, 88, 0, 0, 72, 72, 0, 0, 0, 0, 0, 0, 0]
2023-07-26 00:58:40 [DEBUG   ] Wrote to register 0x40: [0, 0, 62, 127, 65, 127, 62, 0, 0, 0, 0, 0, 0, 0, 0, 0]
2023-07-26 00:58:40 [DEBUG   ] Wrote to register 0x40: [0, 0, 0, 0, 0, 0, 0, 0, 0, 0, 0, 0, 0, 0, 0, 0]
2023-07-26 00:58:40 [DEBUG   ] Wrote to register 0x40: [0, 0, 0, 0, 0, 0, 0, 0, 0, 0, 0, 0, 0, 0, 0, 0]
2023-07-26 00:58:40 [DEBUG   ] Wrote to register 0x40: [0, 0, 0, 0, 0, 0, 0, 0, 0, 0, 0, 0, 0, 0, 0, 0]
2023-07-26 00:58:41 [DEBUG   ] green_led_status1
2023-07-26 00:58:41 [DEBUG   ] Reading SPS30 data
2023-07-26 00:58:41 [DEBUG   ] Wrote 0x21 to register 0x00
2023-07-26 00:58:41 [DEBUG   ] Wrote 0x00 to register 0x00
2023-07-26 00:58:41 [DEBUG   ] Wrote 0x7F to register 0x00
2023-07-26 00:58:41 [DEBUG   ] Wrote 0x22 to register 0x00
2023-07-26 00:58:41 [DEBUG   ] Wrote 0x00 to register 0x00
2023-07-26 00:58:41 [DEBUG   ] Wrote 0x07 to register 0x00
2023-07-26 00:58:41 [DEBUG   ] Wrote to register 0x40: [8, 8, 8, 8, 8, 0, 0, 0, 0, 0, 0, 0, 66, 66, 127, 127]
2023-07-26 00:58:41 [DEBUG   ] Wrote to register 0x40: [64, 64, 0, 0, 0, 0, 0, 0, 8, 8, 8, 8, 8, 0, 0, 0]
2023-07-26 00:58:41 [DEBUG   ] Wrote to register 0x40: [0, 0, 0, 0, 0, 0, 0, 0, 0, 0, 0, 0, 0, 0, 0, 0]
2023-07-26 00:58:41 [DEBUG   ] Wrote to register 0x40: [0, 0, 0, 0, 0, 0, 0, 0, 0, 0, 0, 0, 0, 0, 0, 0]
2023-07-26 00:58:41 [DEBUG   ] Wrote to register 0x40: [0, 0, 0, 0, 0, 0, 0, 0, 0, 0, 0, 0, 0, 0, 0, 0]
2023-07-26 00:58:41 [DEBUG   ] Wrote to register 0x40: [0, 0, 0, 0, 0, 0, 0, 0, 0, 0, 0, 0, 0, 0, 0, 0]
2023-07-26 00:58:41 [DEBUG   ] Wrote to register 0x40: [0, 0, 0, 0, 0, 0, 0, 0, 0, 0, 0, 0, 0, 0, 0, 0]
2023-07-26 00:58:41 [DEBUG   ] Wrote to register 0x40: [0, 0, 0, 0, 0, 0, 0, 0, 0, 0, 0, 0, 0, 0, 0, 0]
2023-07-26 00:58:41 [DEBUG   ] Wrote to register 0x40: [108, 78, 90, 122, 54, 66, 126, 126, 74, 106, 98, 66, 126, 126, 12, 50]
2023-07-26 00:58:41 [DEBUG   ] Wrote to register 0x40: [126, 2, 108, 78, 90, 122, 54, 0, 60, 126, 66, 126, 60, 66, 126, 126]
2023-07-26 00:58:41 [DEBUG   ] Wrote to register 0x40: [82, 62, 108, 64, 108, 78, 90, 122, 54, 0, 0, 72, 72, 0, 0, 0]
2023-07-26 00:58:41 [DEBUG   ] Wrote to register 0x40: [0, 0, 0, 0, 0, 6, 66, 126, 126, 66, 6, 4, 124, 12, 124, 12]
2023-07-26 00:58:41 [DEBUG   ] Wrote to register 0x40: [120, 4, 252, 252, 68, 124, 56, 0, 0, 0, 192, 64, 0, 0, 0, 0]
2023-07-26 00:58:41 [DEBUG   ] Wrote to register 0x40: [0, 0, 0, 66, 126, 126, 8, 126, 126, 6, 60, 124, 64, 124, 124, 4]
2023-07-26 00:58:41 [DEBUG   ] Wrote to register 0x40: [124, 12, 124, 12, 120, 0, 0, 0, 192, 64, 0, 0, 0, 0, 0, 0]
2023-07-26 00:58:41 [DEBUG   ] Wrote to register 0x40: [0, 0, 60, 126, 66, 102, 38, 0, 60, 126, 66, 126, 60, 0, 98, 115]
2023-07-26 00:58:41 [DEBUG   ] Wrote to register 0x40: [108, 78, 90, 122, 54, 66, 126, 126, 8, 126, 126, 6, 66, 126, 126, 66]
2023-07-26 00:58:41 [DEBUG   ] Wrote to register 0x40: [6, 0, 60, 126, 66, 102, 38, 0, 34, 107, 73, 127, 54, 0, 0, 0]
2023-07-26 00:58:41 [DEBUG   ] Wrote to register 0x40: [0, 0, 0, 0, 0, 0, 0, 0, 0, 0, 0, 0, 0, 0, 0, 0]
2023-07-26 00:58:41 [DEBUG   ] Wrote to register 0x40: [0, 0, 0, 0, 0, 0, 0, 0, 0, 0, 0, 0, 0, 0, 0, 0]
2023-07-26 00:58:41 [DEBUG   ] Wrote to register 0x40: [0, 1, 1, 1, 1, 0, 0, 0, 0, 1, 0, 0, 0, 0, 0, 0]
2023-07-26 00:58:41 [DEBUG   ] Wrote to register 0x40: [0, 0, 0, 0, 0, 0, 0, 0, 0, 0, 0, 0, 0, 0, 0, 0]
2023-07-26 00:58:41 [DEBUG   ] Wrote to register 0x40: [0, 0, 0, 0, 0, 0, 0, 1, 0, 0, 0, 0, 0, 0, 0, 0]
2023-07-26 00:58:41 [DEBUG   ] Wrote to register 0x40: [0, 0, 0, 0, 0, 0, 0, 0, 0, 0, 0, 0, 0, 0, 0, 0]
2023-07-26 00:58:41 [DEBUG   ] Wrote to register 0x40: [66, 126, 126, 66, 6, 0, 56, 124, 84, 92, 88, 4, 124, 12, 124, 12]
2023-07-26 00:58:41 [DEBUG   ] Wrote to register 0x40: [120, 4, 252, 252, 68, 124, 56, 0, 56, 124, 84, 92, 88, 0, 68, 124]
2023-07-26 00:58:41 [DEBUG   ] Wrote to register 0x40: [120, 76, 4, 12, 104, 124, 84, 124, 120, 64, 4, 63, 127, 68, 100, 4]
2023-07-26 00:58:41 [DEBUG   ] Wrote to register 0x40: [60, 124, 64, 124, 124, 64, 68, 124, 120, 76, 4, 12, 56, 124, 84, 92]
2023-07-26 00:58:41 [DEBUG   ] Wrote to register 0x40: [88, 0, 0, 72, 72, 0, 0, 0, 0, 0, 0, 0, 0, 0, 66, 66]
2023-07-26 00:58:41 [DEBUG   ] Wrote to register 0x40: [127, 127, 64, 64, 38, 111, 73, 127, 62, 0, 0, 64, 64, 0, 0, 0]
2023-07-26 00:58:41 [DEBUG   ] Wrote to register 0x40: [62, 127, 65, 127, 62, 0, 0, 0, 0, 0, 0, 0, 60, 126, 66, 102]
2023-07-26 00:58:41 [DEBUG   ] Wrote to register 0x40: [38, 0, 0, 0, 0, 0, 0, 0, 0, 0, 0, 0, 0, 0, 0, 0]
2023-07-26 00:58:41 [DEBUG   ] Wrote to register 0x40: [126, 126, 8, 126, 126, 6, 60, 124, 64, 124, 124, 4, 124, 12, 124, 12]
2023-07-26 00:58:41 [DEBUG   ] Wrote to register 0x40: [120, 1, 69, 69, 125, 125, 64, 64, 56, 124, 69, 127, 127, 64, 68, 68]
2023-07-26 00:58:41 [DEBUG   ] Wrote to register 0x40: [125, 125, 64, 64, 4, 63, 127, 68, 100, 4, 28, 252, 192, 124, 28, 4]
2023-07-26 00:58:41 [DEBUG   ] Wrote to register 0x40: [0, 72, 72, 0, 0, 0, 0, 0, 0, 0, 0, 0, 111, 79, 69, 125]
2023-07-26 00:58:41 [DEBUG   ] Wrote to register 0x40: [57, 0, 62, 127, 73, 123, 50, 0, 0, 64, 64, 0, 0, 0, 54, 127]
2023-07-26 00:58:41 [DEBUG   ] Wrote to register 0x40: [73, 127, 54, 0, 0, 0, 0, 0, 0, 0, 39, 21, 127, 84, 114, 0]
2023-07-26 00:58:41 [DEBUG   ] Wrote to register 0x40: [0, 0, 0, 0, 0, 0, 0, 0, 0, 0, 0, 0, 0, 0, 0, 0]
2023-07-26 00:58:41 [DEBUG   ] Wrote to register 0x40: [0, 0, 0, 0, 0, 0, 0, 0, 0, 0, 0, 0, 0, 0, 0, 0]
2023-07-26 00:58:41 [DEBUG   ] Wrote to register 0x40: [66, 126, 126, 66, 6, 0, 62, 127, 73, 123, 50, 0, 3, 99, 121, 31]
2023-07-26 00:58:41 [DEBUG   ] Wrote to register 0x40: [7, 0, 66, 66, 127, 127, 64, 64, 34, 107, 73, 127, 54, 0, 0, 0]
2023-07-26 00:58:41 [DEBUG   ] Wrote to register 0x40: [0, 0, 0, 0, 0, 60, 126, 129, 0, 1, 109, 79, 90, 122, 54, 0]
2023-07-26 00:58:41 [DEBUG   ] Wrote to register 0x40: [4, 63, 127, 68, 100, 32, 104, 124, 84, 124, 120, 64, 4, 63, 127, 68]
2023-07-26 00:58:41 [DEBUG   ] Wrote to register 0x40: [100, 4, 60, 124, 64, 124, 124, 64, 72, 92, 92, 116, 116, 32, 0, 72]
2023-07-26 00:58:41 [DEBUG   ] Wrote to register 0x40: [72, 0, 0, 0, 62, 127, 65, 127, 62, 65, 127, 127, 68, 124, 56, 0]
2023-07-26 00:58:41 [DEBUG   ] Wrote to register 0x40: [66, 66, 127, 127, 64, 64, 62, 127, 65, 127, 62, 0, 62, 127, 65, 127]
2023-07-26 00:58:41 [DEBUG   ] Wrote to register 0x40: [62, 0, 62, 127, 65, 127, 62, 0, 62, 127, 65, 127, 62, 0, 62, 127]
2023-07-26 00:58:41 [DEBUG   ] Wrote to register 0x40: [126, 126, 82, 30, 12, 66, 126, 126, 82, 30, 12, 66, 126, 28, 112, 28]
2023-07-26 00:58:41 [DEBUG   ] Wrote to register 0x40: [126, 0, 0, 72, 72, 0, 0, 0, 0, 0, 0, 0, 0, 0, 24, 28]
2023-07-26 00:58:41 [DEBUG   ] Wrote to register 0x40: [18, 127, 127, 16, 66, 66, 127, 127, 64, 64, 111, 79, 69, 125, 57, 0]
2023-07-26 00:58:41 [DEBUG   ] Wrote to register 0x40: [0, 0, 0, 0, 0, 0, 0, 0, 0, 0, 0, 0, 0, 0, 0, 0]
2023-07-26 00:58:41 [DEBUG   ] Wrote to register 0x40: [0, 0, 0, 0, 0, 0, 0, 0, 0, 0, 0, 0, 0, 0, 0, 0]
2023-07-26 00:58:41 [DEBUG   ] Wrote to register 0x40: [0, 0, 0, 0, 0, 0, 0, 0, 0, 0, 0, 0, 0, 0, 0, 0]
2023-07-26 00:58:41 [DEBUG   ] Wrote to register 0x40: [0, 0, 0, 0, 0, 0, 0, 0, 0, 0, 0, 0, 0, 0, 0, 0]
2023-07-26 00:58:41 [DEBUG   ] Wrote to register 0x40: [0, 0, 0, 0, 0, 0, 0, 0, 0, 0, 0, 0, 0, 0, 0, 0]
2023-07-26 00:58:41 [DEBUG   ] Wrote to register 0x40: [114, 126, 22, 126, 112, 66, 126, 126, 74, 126, 52, 0, 60, 126, 66, 102]
2023-07-26 00:58:41 [DEBUG   ] Wrote to register 0x40: [38, 0, 0, 0, 0, 0, 0, 0, 108, 78, 90, 122, 54, 0, 4, 63]
2023-07-26 00:58:41 [DEBUG   ] Wrote to register 0x40: [127, 68, 100, 32, 104, 124, 84, 124, 120, 64, 4, 63, 127, 68, 100, 32]
2023-07-26 00:58:41 [DEBUG   ] Wrote to register 0x40: [56, 124, 84, 92, 88, 0, 0, 72, 72, 0, 0, 0, 0, 0, 0, 0]
2023-07-26 00:58:41 [DEBUG   ] Wrote to register 0x40: [0, 0, 62, 127, 65, 127, 62, 0, 0, 0, 0, 0, 0, 0, 0, 0]
2023-07-26 00:58:41 [DEBUG   ] Wrote to register 0x40: [0, 0, 0, 0, 0, 0, 0, 0, 0, 0, 0, 0, 0, 0, 0, 0]
2023-07-26 00:58:41 [DEBUG   ] Wrote to register 0x40: [0, 0, 0, 0, 0, 0, 0, 0, 0, 0, 0, 0, 0, 0, 0, 0]
2023-07-26 00:58:41 [DEBUG   ] Wrote to register 0x40: [0, 0, 0, 0, 0, 0, 0, 0, 0, 0, 0, 0, 0, 0, 0, 0]
