2023-08-15 20:55:47 [DEBUG   ] Script started
2023-08-15 20:55:47 [DEBUG   ] Script started
2023-08-15 20:55:47 [INFO    ] Setting leds and buttons
2023-08-15 20:55:47 [INFO    ] Completed setting leds and buttons
2023-08-15 20:55:48 [DEBUG   ] OLED set up
2023-08-15 20:55:48 [DEBUG   ] Using hardware I2C with platform I2C provider.
2023-08-15 20:55:48 [DEBUG   ] Wrote 0xAE to register 0x00
2023-08-15 20:55:48 [DEBUG   ] Wrote 0xD5 to register 0x00
2023-08-15 20:55:48 [DEBUG   ] Wrote 0x80 to register 0x00
2023-08-15 20:55:48 [DEBUG   ] Wrote 0xA8 to register 0x00
2023-08-15 20:55:48 [DEBUG   ] Wrote 0x3F to register 0x00
2023-08-15 20:55:48 [DEBUG   ] Wrote 0xD3 to register 0x00
2023-08-15 20:55:48 [DEBUG   ] Wrote 0x00 to register 0x00
2023-08-15 20:55:48 [DEBUG   ] Wrote 0x40 to register 0x00
2023-08-15 20:55:48 [DEBUG   ] Wrote 0x8D to register 0x00
2023-08-15 20:55:48 [DEBUG   ] Wrote 0x14 to register 0x00
2023-08-15 20:55:48 [DEBUG   ] Wrote 0x20 to register 0x00
2023-08-15 20:55:48 [DEBUG   ] Wrote 0x00 to register 0x00
2023-08-15 20:55:48 [DEBUG   ] Wrote 0xA1 to register 0x00
2023-08-15 20:55:48 [DEBUG   ] Wrote 0xC8 to register 0x00
2023-08-15 20:55:48 [DEBUG   ] Wrote 0xDA to register 0x00
2023-08-15 20:55:48 [DEBUG   ] Wrote 0x12 to register 0x00
2023-08-15 20:55:48 [DEBUG   ] Wrote 0x81 to register 0x00
2023-08-15 20:55:48 [DEBUG   ] Wrote 0xCF to register 0x00
2023-08-15 20:55:48 [DEBUG   ] Wrote 0xD9 to register 0x00
2023-08-15 20:55:48 [DEBUG   ] Wrote 0xF1 to register 0x00
2023-08-15 20:55:48 [DEBUG   ] Wrote 0xDB to register 0x00
2023-08-15 20:55:48 [DEBUG   ] Wrote 0x40 to register 0x00
2023-08-15 20:55:48 [DEBUG   ] Wrote 0xA4 to register 0x00
2023-08-15 20:55:48 [DEBUG   ] Wrote 0xA6 to register 0x00
2023-08-15 20:55:48 [DEBUG   ] Wrote 0xAF to register 0x00
2023-08-15 20:55:48 [DEBUG   ] Wrote 0x21 to register 0x00
2023-08-15 20:55:48 [DEBUG   ] Wrote 0x00 to register 0x00
2023-08-15 20:55:48 [DEBUG   ] Wrote 0x7F to register 0x00
2023-08-15 20:55:48 [DEBUG   ] Wrote 0x22 to register 0x00
2023-08-15 20:55:48 [DEBUG   ] Wrote 0x00 to register 0x00
2023-08-15 20:55:48 [DEBUG   ] Wrote 0x07 to register 0x00
2023-08-15 20:55:48 [DEBUG   ] Wrote to register 0x40: [0, 0, 0, 0, 0, 0, 0, 0, 0, 0, 0, 0, 0, 0, 0, 0]
2023-08-15 20:55:48 [DEBUG   ] Wrote to register 0x40: [0, 0, 0, 0, 0, 0, 0, 0, 0, 0, 0, 0, 0, 0, 0, 0]
2023-08-15 20:55:48 [DEBUG   ] Wrote to register 0x40: [0, 0, 0, 0, 0, 0, 0, 0, 0, 0, 0, 0, 0, 0, 0, 0]
2023-08-15 20:55:48 [DEBUG   ] Wrote to register 0x40: [0, 0, 0, 0, 0, 0, 0, 0, 0, 0, 0, 0, 0, 0, 0, 0]
2023-08-15 20:55:48 [DEBUG   ] Wrote to register 0x40: [0, 0, 0, 0, 0, 0, 0, 0, 0, 0, 0, 0, 0, 0, 0, 0]
2023-08-15 20:55:48 [DEBUG   ] Wrote to register 0x40: [0, 0, 0, 0, 0, 0, 0, 0, 0, 0, 0, 0, 0, 0, 0, 0]
2023-08-15 20:55:48 [DEBUG   ] Wrote to register 0x40: [0, 0, 0, 0, 0, 0, 0, 0, 0, 0, 0, 0, 0, 0, 0, 0]
2023-08-15 20:55:48 [DEBUG   ] Wrote to register 0x40: [0, 0, 0, 0, 0, 0, 0, 0, 0, 0, 0, 0, 0, 0, 0, 0]
2023-08-15 20:55:48 [DEBUG   ] Wrote to register 0x40: [0, 0, 0, 0, 0, 0, 0, 0, 0, 0, 0, 0, 0, 0, 0, 0]
2023-08-15 20:55:48 [DEBUG   ] Wrote to register 0x40: [0, 0, 0, 0, 0, 0, 0, 0, 0, 0, 0, 0, 0, 0, 0, 0]
2023-08-15 20:55:48 [DEBUG   ] Wrote to register 0x40: [0, 0, 0, 0, 0, 0, 0, 0, 0, 0, 0, 0, 0, 0, 0, 0]
2023-08-15 20:55:48 [DEBUG   ] Wrote to register 0x40: [0, 0, 0, 0, 0, 0, 0, 0, 0, 0, 0, 0, 0, 0, 0, 0]
2023-08-15 20:55:48 [DEBUG   ] Wrote to register 0x40: [0, 0, 0, 0, 0, 0, 0, 0, 0, 0, 0, 0, 0, 0, 0, 0]
2023-08-15 20:55:48 [DEBUG   ] Wrote to register 0x40: [0, 0, 0, 0, 0, 0, 0, 0, 0, 0, 0, 0, 0, 0, 0, 0]
2023-08-15 20:55:48 [DEBUG   ] Wrote to register 0x40: [0, 0, 0, 0, 0, 0, 0, 0, 0, 0, 0, 0, 0, 0, 0, 0]
2023-08-15 20:55:48 [DEBUG   ] Wrote to register 0x40: [0, 0, 0, 0, 0, 0, 0, 0, 0, 0, 0, 0, 0, 0, 0, 0]
2023-08-15 20:55:48 [DEBUG   ] Wrote to register 0x40: [0, 0, 0, 0, 0, 0, 0, 0, 0, 0, 0, 0, 0, 0, 0, 0]
2023-08-15 20:55:48 [DEBUG   ] Wrote to register 0x40: [0, 0, 0, 0, 0, 0, 0, 0, 0, 0, 0, 0, 0, 0, 0, 0]
2023-08-15 20:55:48 [DEBUG   ] Wrote to register 0x40: [0, 0, 0, 0, 0, 0, 0, 0, 0, 0, 0, 0, 0, 0, 0, 0]
2023-08-15 20:55:48 [DEBUG   ] Wrote to register 0x40: [0, 0, 0, 0, 0, 0, 0, 0, 0, 0, 0, 0, 0, 0, 0, 0]
2023-08-15 20:55:48 [DEBUG   ] Wrote to register 0x40: [0, 0, 0, 0, 0, 0, 0, 0, 0, 0, 0, 0, 0, 0, 0, 0]
2023-08-15 20:55:48 [DEBUG   ] Wrote to register 0x40: [0, 0, 0, 0, 0, 0, 0, 0, 0, 0, 0, 0, 0, 0, 0, 0]
2023-08-15 20:55:48 [DEBUG   ] Wrote to register 0x40: [0, 0, 0, 0, 0, 0, 0, 0, 0, 0, 0, 0, 0, 0, 0, 0]
2023-08-15 20:55:48 [DEBUG   ] Wrote to register 0x40: [0, 0, 0, 0, 0, 0, 0, 0, 0, 0, 0, 0, 0, 0, 0, 0]
2023-08-15 20:55:48 [DEBUG   ] Wrote to register 0x40: [0, 0, 0, 0, 0, 0, 0, 0, 0, 0, 0, 0, 0, 0, 0, 0]
2023-08-15 20:55:48 [DEBUG   ] Wrote to register 0x40: [0, 0, 0, 0, 0, 0, 0, 0, 0, 0, 0, 0, 0, 0, 0, 0]
2023-08-15 20:55:48 [DEBUG   ] Wrote to register 0x40: [0, 0, 0, 0, 0, 0, 0, 0, 0, 0, 0, 0, 0, 0, 0, 0]
2023-08-15 20:55:48 [DEBUG   ] Wrote to register 0x40: [0, 0, 0, 0, 0, 0, 0, 0, 0, 0, 0, 0, 0, 0, 0, 0]
2023-08-15 20:55:48 [DEBUG   ] Wrote to register 0x40: [0, 0, 0, 0, 0, 0, 0, 0, 0, 0, 0, 0, 0, 0, 0, 0]
2023-08-15 20:55:48 [DEBUG   ] Wrote to register 0x40: [0, 0, 0, 0, 0, 0, 0, 0, 0, 0, 0, 0, 0, 0, 0, 0]
2023-08-15 20:55:48 [DEBUG   ] Wrote to register 0x40: [0, 0, 0, 0, 0, 0, 0, 0, 0, 0, 0, 0, 0, 0, 0, 0]
2023-08-15 20:55:48 [DEBUG   ] Wrote to register 0x40: [0, 0, 0, 0, 0, 0, 0, 0, 0, 0, 0, 0, 0, 0, 0, 0]
2023-08-15 20:55:48 [DEBUG   ] Wrote to register 0x40: [0, 0, 0, 0, 0, 0, 0, 0, 0, 0, 0, 0, 0, 0, 0, 0]
2023-08-15 20:55:48 [DEBUG   ] Wrote to register 0x40: [0, 0, 0, 0, 0, 0, 0, 0, 0, 0, 0, 0, 0, 0, 0, 0]
2023-08-15 20:55:48 [DEBUG   ] Wrote to register 0x40: [0, 0, 0, 0, 0, 0, 0, 0, 0, 0, 0, 0, 0, 0, 0, 0]
2023-08-15 20:55:48 [DEBUG   ] Wrote to register 0x40: [0, 0, 0, 0, 0, 0, 0, 0, 0, 0, 0, 0, 0, 0, 0, 0]
2023-08-15 20:55:48 [DEBUG   ] Wrote to register 0x40: [0, 0, 0, 0, 0, 0, 0, 0, 0, 0, 0, 0, 0, 0, 0, 0]
2023-08-15 20:55:48 [DEBUG   ] Wrote to register 0x40: [0, 0, 0, 0, 0, 0, 0, 0, 0, 0, 0, 0, 0, 0, 0, 0]
2023-08-15 20:55:48 [DEBUG   ] Wrote to register 0x40: [0, 0, 0, 0, 0, 0, 0, 0, 0, 0, 0, 0, 0, 0, 0, 0]
2023-08-15 20:55:48 [DEBUG   ] Wrote to register 0x40: [0, 0, 0, 0, 0, 0, 0, 0, 0, 0, 0, 0, 0, 0, 0, 0]
2023-08-15 20:55:48 [DEBUG   ] Wrote to register 0x40: [0, 0, 0, 0, 0, 0, 0, 0, 0, 0, 0, 0, 0, 0, 0, 0]
2023-08-15 20:55:48 [DEBUG   ] Wrote to register 0x40: [0, 0, 0, 0, 0, 0, 0, 0, 0, 0, 0, 0, 0, 0, 0, 0]
2023-08-15 20:55:48 [DEBUG   ] Wrote to register 0x40: [0, 0, 0, 0, 0, 0, 0, 0, 0, 0, 0, 0, 0, 0, 0, 0]
2023-08-15 20:55:48 [DEBUG   ] Wrote to register 0x40: [0, 0, 0, 0, 0, 0, 0, 0, 0, 0, 0, 0, 0, 0, 0, 0]
2023-08-15 20:55:48 [DEBUG   ] Wrote to register 0x40: [0, 0, 0, 0, 0, 0, 0, 0, 0, 0, 0, 0, 0, 0, 0, 0]
2023-08-15 20:55:48 [DEBUG   ] Wrote to register 0x40: [0, 0, 0, 0, 0, 0, 0, 0, 0, 0, 0, 0, 0, 0, 0, 0]
2023-08-15 20:55:48 [DEBUG   ] Wrote to register 0x40: [0, 0, 0, 0, 0, 0, 0, 0, 0, 0, 0, 0, 0, 0, 0, 0]
2023-08-15 20:55:48 [DEBUG   ] Wrote to register 0x40: [0, 0, 0, 0, 0, 0, 0, 0, 0, 0, 0, 0, 0, 0, 0, 0]
2023-08-15 20:55:48 [DEBUG   ] Wrote to register 0x40: [0, 0, 0, 0, 0, 0, 0, 0, 0, 0, 0, 0, 0, 0, 0, 0]
2023-08-15 20:55:48 [DEBUG   ] Wrote to register 0x40: [0, 0, 0, 0, 0, 0, 0, 0, 0, 0, 0, 0, 0, 0, 0, 0]
2023-08-15 20:55:48 [DEBUG   ] Wrote to register 0x40: [0, 0, 0, 0, 0, 0, 0, 0, 0, 0, 0, 0, 0, 0, 0, 0]
2023-08-15 20:55:48 [DEBUG   ] Wrote to register 0x40: [0, 0, 0, 0, 0, 0, 0, 0, 0, 0, 0, 0, 0, 0, 0, 0]
2023-08-15 20:55:48 [DEBUG   ] Wrote to register 0x40: [0, 0, 0, 0, 0, 0, 0, 0, 0, 0, 0, 0, 0, 0, 0, 0]
2023-08-15 20:55:48 [DEBUG   ] Wrote to register 0x40: [0, 0, 0, 0, 0, 0, 0, 0, 0, 0, 0, 0, 0, 0, 0, 0]
2023-08-15 20:55:48 [DEBUG   ] Wrote to register 0x40: [0, 0, 0, 0, 0, 0, 0, 0, 0, 0, 0, 0, 0, 0, 0, 0]
2023-08-15 20:55:48 [DEBUG   ] Wrote to register 0x40: [0, 0, 0, 0, 0, 0, 0, 0, 0, 0, 0, 0, 0, 0, 0, 0]
2023-08-15 20:55:48 [DEBUG   ] Wrote to register 0x40: [0, 0, 0, 0, 0, 0, 0, 0, 0, 0, 0, 0, 0, 0, 0, 0]
2023-08-15 20:55:48 [DEBUG   ] Wrote to register 0x40: [0, 0, 0, 0, 0, 0, 0, 0, 0, 0, 0, 0, 0, 0, 0, 0]
2023-08-15 20:55:48 [DEBUG   ] Wrote to register 0x40: [0, 0, 0, 0, 0, 0, 0, 0, 0, 0, 0, 0, 0, 0, 0, 0]
2023-08-15 20:55:48 [DEBUG   ] Wrote to register 0x40: [0, 0, 0, 0, 0, 0, 0, 0, 0, 0, 0, 0, 0, 0, 0, 0]
2023-08-15 20:55:48 [DEBUG   ] Wrote to register 0x40: [0, 0, 0, 0, 0, 0, 0, 0, 0, 0, 0, 0, 0, 0, 0, 0]
2023-08-15 20:55:48 [DEBUG   ] Wrote to register 0x40: [0, 0, 0, 0, 0, 0, 0, 0, 0, 0, 0, 0, 0, 0, 0, 0]
2023-08-15 20:55:48 [DEBUG   ] Wrote to register 0x40: [0, 0, 0, 0, 0, 0, 0, 0, 0, 0, 0, 0, 0, 0, 0, 0]
2023-08-15 20:55:48 [DEBUG   ] Wrote to register 0x40: [0, 0, 0, 0, 0, 0, 0, 0, 0, 0, 0, 0, 0, 0, 0, 0]
2023-08-15 20:55:48 [DEBUG   ] STREAM b'IHDR' 16 13
2023-08-15 20:55:48 [DEBUG   ] STREAM b'IDAT' 41 1216
2023-08-15 21:00:38 [DEBUG   ] Script started
2023-08-15 21:00:38 [DEBUG   ] Script started
2023-08-15 21:00:38 [INFO    ] Setting leds and buttons
2023-08-15 21:00:38 [INFO    ] Completed setting leds and buttons
2023-08-15 21:00:39 [DEBUG   ] OLED set up
2023-08-15 21:00:39 [DEBUG   ] Using hardware I2C with platform I2C provider.
2023-08-15 21:00:39 [DEBUG   ] Wrote 0xAE to register 0x00
2023-08-15 21:00:39 [DEBUG   ] Wrote 0xD5 to register 0x00
2023-08-15 21:00:39 [DEBUG   ] Wrote 0x80 to register 0x00
2023-08-15 21:00:39 [DEBUG   ] Wrote 0xA8 to register 0x00
2023-08-15 21:00:39 [DEBUG   ] Wrote 0x3F to register 0x00
2023-08-15 21:00:39 [DEBUG   ] Wrote 0xD3 to register 0x00
2023-08-15 21:00:39 [DEBUG   ] Wrote 0x00 to register 0x00
2023-08-15 21:00:39 [DEBUG   ] Wrote 0x40 to register 0x00
2023-08-15 21:00:39 [DEBUG   ] Wrote 0x8D to register 0x00
2023-08-15 21:00:39 [DEBUG   ] Wrote 0x14 to register 0x00
2023-08-15 21:00:39 [DEBUG   ] Wrote 0x20 to register 0x00
2023-08-15 21:00:39 [DEBUG   ] Wrote 0x00 to register 0x00
2023-08-15 21:00:39 [DEBUG   ] Wrote 0xA1 to register 0x00
2023-08-15 21:00:39 [DEBUG   ] Wrote 0xC8 to register 0x00
2023-08-15 21:00:39 [DEBUG   ] Wrote 0xDA to register 0x00
2023-08-15 21:00:39 [DEBUG   ] Wrote 0x12 to register 0x00
2023-08-15 21:00:39 [DEBUG   ] Wrote 0x81 to register 0x00
2023-08-15 21:00:39 [DEBUG   ] Wrote 0xCF to register 0x00
2023-08-15 21:00:39 [DEBUG   ] Wrote 0xD9 to register 0x00
2023-08-15 21:00:39 [DEBUG   ] Wrote 0xF1 to register 0x00
2023-08-15 21:00:39 [DEBUG   ] Wrote 0xDB to register 0x00
2023-08-15 21:00:39 [DEBUG   ] Wrote 0x40 to register 0x00
2023-08-15 21:00:39 [DEBUG   ] Wrote 0xA4 to register 0x00
2023-08-15 21:00:39 [DEBUG   ] Wrote 0xA6 to register 0x00
2023-08-15 21:00:39 [DEBUG   ] Wrote 0xAF to register 0x00
2023-08-15 21:00:39 [DEBUG   ] Wrote 0x21 to register 0x00
2023-08-15 21:00:39 [DEBUG   ] Wrote 0x00 to register 0x00
2023-08-15 21:00:39 [DEBUG   ] Wrote 0x7F to register 0x00
2023-08-15 21:00:39 [DEBUG   ] Wrote 0x22 to register 0x00
2023-08-15 21:00:39 [DEBUG   ] Wrote 0x00 to register 0x00
2023-08-15 21:00:39 [DEBUG   ] Wrote 0x07 to register 0x00
2023-08-15 21:00:39 [DEBUG   ] Wrote to register 0x40: [0, 0, 0, 0, 0, 0, 0, 0, 0, 0, 0, 0, 0, 0, 0, 0]
2023-08-15 21:00:39 [DEBUG   ] Wrote to register 0x40: [0, 0, 0, 0, 0, 0, 0, 0, 0, 0, 0, 0, 0, 0, 0, 0]
2023-08-15 21:00:39 [DEBUG   ] Wrote to register 0x40: [0, 0, 0, 0, 0, 0, 0, 0, 0, 0, 0, 0, 0, 0, 0, 0]
2023-08-15 21:00:39 [DEBUG   ] Wrote to register 0x40: [0, 0, 0, 0, 0, 0, 0, 0, 0, 0, 0, 0, 0, 0, 0, 0]
2023-08-15 21:00:39 [DEBUG   ] Wrote to register 0x40: [0, 0, 0, 0, 0, 0, 0, 0, 0, 0, 0, 0, 0, 0, 0, 0]
2023-08-15 21:00:39 [DEBUG   ] Wrote to register 0x40: [0, 0, 0, 0, 0, 0, 0, 0, 0, 0, 0, 0, 0, 0, 0, 0]
2023-08-15 21:00:39 [DEBUG   ] Wrote to register 0x40: [0, 0, 0, 0, 0, 0, 0, 0, 0, 0, 0, 0, 0, 0, 0, 0]
2023-08-15 21:00:39 [DEBUG   ] Wrote to register 0x40: [0, 0, 0, 0, 0, 0, 0, 0, 0, 0, 0, 0, 0, 0, 0, 0]
2023-08-15 21:00:39 [DEBUG   ] Wrote to register 0x40: [0, 0, 0, 0, 0, 0, 0, 0, 0, 0, 0, 0, 0, 0, 0, 0]
2023-08-15 21:00:39 [DEBUG   ] Wrote to register 0x40: [0, 0, 0, 0, 0, 0, 0, 0, 0, 0, 0, 0, 0, 0, 0, 0]
2023-08-15 21:00:39 [DEBUG   ] Wrote to register 0x40: [0, 0, 0, 0, 0, 0, 0, 0, 0, 0, 0, 0, 0, 0, 0, 0]
2023-08-15 21:00:39 [DEBUG   ] Wrote to register 0x40: [0, 0, 0, 0, 0, 0, 0, 0, 0, 0, 0, 0, 0, 0, 0, 0]
2023-08-15 21:00:39 [DEBUG   ] Wrote to register 0x40: [0, 0, 0, 0, 0, 0, 0, 0, 0, 0, 0, 0, 0, 0, 0, 0]
2023-08-15 21:00:39 [DEBUG   ] Wrote to register 0x40: [0, 0, 0, 0, 0, 0, 0, 0, 0, 0, 0, 0, 0, 0, 0, 0]
2023-08-15 21:00:39 [DEBUG   ] Wrote to register 0x40: [0, 0, 0, 0, 0, 0, 0, 0, 0, 0, 0, 0, 0, 0, 0, 0]
2023-08-15 21:00:39 [DEBUG   ] Wrote to register 0x40: [0, 0, 0, 0, 0, 0, 0, 0, 0, 0, 0, 0, 0, 0, 0, 0]
2023-08-15 21:00:39 [DEBUG   ] Wrote to register 0x40: [0, 0, 0, 0, 0, 0, 0, 0, 0, 0, 0, 0, 0, 0, 0, 0]
2023-08-15 21:00:39 [DEBUG   ] Wrote to register 0x40: [0, 0, 0, 0, 0, 0, 0, 0, 0, 0, 0, 0, 0, 0, 0, 0]
2023-08-15 21:00:39 [DEBUG   ] Wrote to register 0x40: [0, 0, 0, 0, 0, 0, 0, 0, 0, 0, 0, 0, 0, 0, 0, 0]
2023-08-15 21:00:39 [DEBUG   ] Wrote to register 0x40: [0, 0, 0, 0, 0, 0, 0, 0, 0, 0, 0, 0, 0, 0, 0, 0]
2023-08-15 21:00:39 [DEBUG   ] Wrote to register 0x40: [0, 0, 0, 0, 0, 0, 0, 0, 0, 0, 0, 0, 0, 0, 0, 0]
2023-08-15 21:00:39 [DEBUG   ] Wrote to register 0x40: [0, 0, 0, 0, 0, 0, 0, 0, 0, 0, 0, 0, 0, 0, 0, 0]
2023-08-15 21:00:39 [DEBUG   ] Wrote to register 0x40: [0, 0, 0, 0, 0, 0, 0, 0, 0, 0, 0, 0, 0, 0, 0, 0]
2023-08-15 21:00:39 [DEBUG   ] Wrote to register 0x40: [0, 0, 0, 0, 0, 0, 0, 0, 0, 0, 0, 0, 0, 0, 0, 0]
2023-08-15 21:00:39 [DEBUG   ] Wrote to register 0x40: [0, 0, 0, 0, 0, 0, 0, 0, 0, 0, 0, 0, 0, 0, 0, 0]
2023-08-15 21:00:39 [DEBUG   ] Wrote to register 0x40: [0, 0, 0, 0, 0, 0, 0, 0, 0, 0, 0, 0, 0, 0, 0, 0]
2023-08-15 21:00:39 [DEBUG   ] Wrote to register 0x40: [0, 0, 0, 0, 0, 0, 0, 0, 0, 0, 0, 0, 0, 0, 0, 0]
2023-08-15 21:00:39 [DEBUG   ] Wrote to register 0x40: [0, 0, 0, 0, 0, 0, 0, 0, 0, 0, 0, 0, 0, 0, 0, 0]
2023-08-15 21:00:39 [DEBUG   ] Wrote to register 0x40: [0, 0, 0, 0, 0, 0, 0, 0, 0, 0, 0, 0, 0, 0, 0, 0]
2023-08-15 21:00:39 [DEBUG   ] Wrote to register 0x40: [0, 0, 0, 0, 0, 0, 0, 0, 0, 0, 0, 0, 0, 0, 0, 0]
2023-08-15 21:00:39 [DEBUG   ] Wrote to register 0x40: [0, 0, 0, 0, 0, 0, 0, 0, 0, 0, 0, 0, 0, 0, 0, 0]
2023-08-15 21:00:39 [DEBUG   ] Wrote to register 0x40: [0, 0, 0, 0, 0, 0, 0, 0, 0, 0, 0, 0, 0, 0, 0, 0]
2023-08-15 21:00:39 [DEBUG   ] Wrote to register 0x40: [0, 0, 0, 0, 0, 0, 0, 0, 0, 0, 0, 0, 0, 0, 0, 0]
2023-08-15 21:00:39 [DEBUG   ] Wrote to register 0x40: [0, 0, 0, 0, 0, 0, 0, 0, 0, 0, 0, 0, 0, 0, 0, 0]
2023-08-15 21:00:39 [DEBUG   ] Wrote to register 0x40: [0, 0, 0, 0, 0, 0, 0, 0, 0, 0, 0, 0, 0, 0, 0, 0]
2023-08-15 21:00:39 [DEBUG   ] Wrote to register 0x40: [0, 0, 0, 0, 0, 0, 0, 0, 0, 0, 0, 0, 0, 0, 0, 0]
2023-08-15 21:00:39 [DEBUG   ] Wrote to register 0x40: [0, 0, 0, 0, 0, 0, 0, 0, 0, 0, 0, 0, 0, 0, 0, 0]
2023-08-15 21:00:39 [DEBUG   ] Wrote to register 0x40: [0, 0, 0, 0, 0, 0, 0, 0, 0, 0, 0, 0, 0, 0, 0, 0]
2023-08-15 21:00:39 [DEBUG   ] Wrote to register 0x40: [0, 0, 0, 0, 0, 0, 0, 0, 0, 0, 0, 0, 0, 0, 0, 0]
2023-08-15 21:00:39 [DEBUG   ] Wrote to register 0x40: [0, 0, 0, 0, 0, 0, 0, 0, 0, 0, 0, 0, 0, 0, 0, 0]
2023-08-15 21:00:39 [DEBUG   ] Wrote to register 0x40: [0, 0, 0, 0, 0, 0, 0, 0, 0, 0, 0, 0, 0, 0, 0, 0]
2023-08-15 21:00:39 [DEBUG   ] Wrote to register 0x40: [0, 0, 0, 0, 0, 0, 0, 0, 0, 0, 0, 0, 0, 0, 0, 0]
2023-08-15 21:00:39 [DEBUG   ] Wrote to register 0x40: [0, 0, 0, 0, 0, 0, 0, 0, 0, 0, 0, 0, 0, 0, 0, 0]
2023-08-15 21:00:39 [DEBUG   ] Wrote to register 0x40: [0, 0, 0, 0, 0, 0, 0, 0, 0, 0, 0, 0, 0, 0, 0, 0]
2023-08-15 21:00:39 [DEBUG   ] Wrote to register 0x40: [0, 0, 0, 0, 0, 0, 0, 0, 0, 0, 0, 0, 0, 0, 0, 0]
2023-08-15 21:00:39 [DEBUG   ] Wrote to register 0x40: [0, 0, 0, 0, 0, 0, 0, 0, 0, 0, 0, 0, 0, 0, 0, 0]
2023-08-15 21:00:39 [DEBUG   ] Wrote to register 0x40: [0, 0, 0, 0, 0, 0, 0, 0, 0, 0, 0, 0, 0, 0, 0, 0]
2023-08-15 21:00:39 [DEBUG   ] Wrote to register 0x40: [0, 0, 0, 0, 0, 0, 0, 0, 0, 0, 0, 0, 0, 0, 0, 0]
2023-08-15 21:00:39 [DEBUG   ] Wrote to register 0x40: [0, 0, 0, 0, 0, 0, 0, 0, 0, 0, 0, 0, 0, 0, 0, 0]
2023-08-15 21:00:39 [DEBUG   ] Wrote to register 0x40: [0, 0, 0, 0, 0, 0, 0, 0, 0, 0, 0, 0, 0, 0, 0, 0]
2023-08-15 21:00:39 [DEBUG   ] Wrote to register 0x40: [0, 0, 0, 0, 0, 0, 0, 0, 0, 0, 0, 0, 0, 0, 0, 0]
2023-08-15 21:00:39 [DEBUG   ] Wrote to register 0x40: [0, 0, 0, 0, 0, 0, 0, 0, 0, 0, 0, 0, 0, 0, 0, 0]
2023-08-15 21:00:39 [DEBUG   ] Wrote to register 0x40: [0, 0, 0, 0, 0, 0, 0, 0, 0, 0, 0, 0, 0, 0, 0, 0]
2023-08-15 21:00:39 [DEBUG   ] Wrote to register 0x40: [0, 0, 0, 0, 0, 0, 0, 0, 0, 0, 0, 0, 0, 0, 0, 0]
2023-08-15 21:00:39 [DEBUG   ] Wrote to register 0x40: [0, 0, 0, 0, 0, 0, 0, 0, 0, 0, 0, 0, 0, 0, 0, 0]
2023-08-15 21:00:39 [DEBUG   ] Wrote to register 0x40: [0, 0, 0, 0, 0, 0, 0, 0, 0, 0, 0, 0, 0, 0, 0, 0]
2023-08-15 21:00:39 [DEBUG   ] Wrote to register 0x40: [0, 0, 0, 0, 0, 0, 0, 0, 0, 0, 0, 0, 0, 0, 0, 0]
2023-08-15 21:00:39 [DEBUG   ] Wrote to register 0x40: [0, 0, 0, 0, 0, 0, 0, 0, 0, 0, 0, 0, 0, 0, 0, 0]
2023-08-15 21:00:39 [DEBUG   ] Wrote to register 0x40: [0, 0, 0, 0, 0, 0, 0, 0, 0, 0, 0, 0, 0, 0, 0, 0]
2023-08-15 21:00:39 [DEBUG   ] Wrote to register 0x40: [0, 0, 0, 0, 0, 0, 0, 0, 0, 0, 0, 0, 0, 0, 0, 0]
2023-08-15 21:00:39 [DEBUG   ] Wrote to register 0x40: [0, 0, 0, 0, 0, 0, 0, 0, 0, 0, 0, 0, 0, 0, 0, 0]
2023-08-15 21:00:39 [DEBUG   ] Wrote to register 0x40: [0, 0, 0, 0, 0, 0, 0, 0, 0, 0, 0, 0, 0, 0, 0, 0]
2023-08-15 21:00:39 [DEBUG   ] Wrote to register 0x40: [0, 0, 0, 0, 0, 0, 0, 0, 0, 0, 0, 0, 0, 0, 0, 0]
2023-08-15 21:00:39 [DEBUG   ] Wrote to register 0x40: [0, 0, 0, 0, 0, 0, 0, 0, 0, 0, 0, 0, 0, 0, 0, 0]
2023-08-15 21:00:39 [DEBUG   ] STREAM b'IHDR' 16 13
2023-08-15 21:00:39 [DEBUG   ] STREAM b'IDAT' 41 1216
2023-08-15 21:11:48 [DEBUG   ] Script started
2023-08-15 21:11:48 [DEBUG   ] Script started
2023-08-15 21:11:48 [INFO    ] Setting leds and buttons
2023-08-15 21:11:48 [INFO    ] Completed setting leds and buttons
2023-08-15 21:11:49 [DEBUG   ] OLED set up
2023-08-15 21:11:49 [DEBUG   ] Using hardware I2C with platform I2C provider.
2023-08-15 21:11:49 [DEBUG   ] Wrote 0xAE to register 0x00
2023-08-15 21:11:49 [DEBUG   ] Wrote 0xD5 to register 0x00
2023-08-15 21:11:49 [DEBUG   ] Wrote 0x80 to register 0x00
2023-08-15 21:11:49 [DEBUG   ] Wrote 0xA8 to register 0x00
2023-08-15 21:11:49 [DEBUG   ] Wrote 0x3F to register 0x00
2023-08-15 21:11:49 [DEBUG   ] Wrote 0xD3 to register 0x00
2023-08-15 21:11:49 [DEBUG   ] Wrote 0x00 to register 0x00
2023-08-15 21:11:49 [DEBUG   ] Wrote 0x40 to register 0x00
2023-08-15 21:11:49 [DEBUG   ] Wrote 0x8D to register 0x00
2023-08-15 21:11:49 [DEBUG   ] Wrote 0x14 to register 0x00
2023-08-15 21:11:49 [DEBUG   ] Wrote 0x20 to register 0x00
2023-08-15 21:11:49 [DEBUG   ] Wrote 0x00 to register 0x00
2023-08-15 21:11:49 [DEBUG   ] Wrote 0xA1 to register 0x00
2023-08-15 21:11:49 [DEBUG   ] Wrote 0xC8 to register 0x00
2023-08-15 21:11:49 [DEBUG   ] Wrote 0xDA to register 0x00
2023-08-15 21:11:49 [DEBUG   ] Wrote 0x12 to register 0x00
2023-08-15 21:11:49 [DEBUG   ] Wrote 0x81 to register 0x00
2023-08-15 21:11:49 [DEBUG   ] Wrote 0xCF to register 0x00
2023-08-15 21:11:49 [DEBUG   ] Wrote 0xD9 to register 0x00
2023-08-15 21:11:49 [DEBUG   ] Wrote 0xF1 to register 0x00
2023-08-15 21:11:49 [DEBUG   ] Wrote 0xDB to register 0x00
2023-08-15 21:11:49 [DEBUG   ] Wrote 0x40 to register 0x00
2023-08-15 21:11:49 [DEBUG   ] Wrote 0xA4 to register 0x00
2023-08-15 21:11:49 [DEBUG   ] Wrote 0xA6 to register 0x00
2023-08-15 21:11:49 [DEBUG   ] Wrote 0xAF to register 0x00
2023-08-15 21:11:49 [DEBUG   ] Wrote 0x21 to register 0x00
2023-08-15 21:11:49 [DEBUG   ] Wrote 0x00 to register 0x00
2023-08-15 21:11:49 [DEBUG   ] Wrote 0x7F to register 0x00
2023-08-15 21:11:49 [DEBUG   ] Wrote 0x22 to register 0x00
2023-08-15 21:11:49 [DEBUG   ] Wrote 0x00 to register 0x00
2023-08-15 21:11:49 [DEBUG   ] Wrote 0x07 to register 0x00
2023-08-15 21:11:49 [DEBUG   ] Wrote to register 0x40: [0, 0, 0, 0, 0, 0, 0, 0, 0, 0, 0, 0, 0, 0, 0, 0]
2023-08-15 21:11:49 [DEBUG   ] Wrote to register 0x40: [0, 0, 0, 0, 0, 0, 0, 0, 0, 0, 0, 0, 0, 0, 0, 0]
2023-08-15 21:11:49 [DEBUG   ] Wrote to register 0x40: [0, 0, 0, 0, 0, 0, 0, 0, 0, 0, 0, 0, 0, 0, 0, 0]
2023-08-15 21:11:49 [DEBUG   ] Wrote to register 0x40: [0, 0, 0, 0, 0, 0, 0, 0, 0, 0, 0, 0, 0, 0, 0, 0]
2023-08-15 21:11:49 [DEBUG   ] Wrote to register 0x40: [0, 0, 0, 0, 0, 0, 0, 0, 0, 0, 0, 0, 0, 0, 0, 0]
2023-08-15 21:11:49 [DEBUG   ] Wrote to register 0x40: [0, 0, 0, 0, 0, 0, 0, 0, 0, 0, 0, 0, 0, 0, 0, 0]
2023-08-15 21:11:49 [DEBUG   ] Wrote to register 0x40: [0, 0, 0, 0, 0, 0, 0, 0, 0, 0, 0, 0, 0, 0, 0, 0]
2023-08-15 21:11:49 [DEBUG   ] Wrote to register 0x40: [0, 0, 0, 0, 0, 0, 0, 0, 0, 0, 0, 0, 0, 0, 0, 0]
2023-08-15 21:11:49 [DEBUG   ] Wrote to register 0x40: [0, 0, 0, 0, 0, 0, 0, 0, 0, 0, 0, 0, 0, 0, 0, 0]
2023-08-15 21:11:49 [DEBUG   ] Wrote to register 0x40: [0, 0, 0, 0, 0, 0, 0, 0, 0, 0, 0, 0, 0, 0, 0, 0]
2023-08-15 21:11:49 [DEBUG   ] Wrote to register 0x40: [0, 0, 0, 0, 0, 0, 0, 0, 0, 0, 0, 0, 0, 0, 0, 0]
2023-08-15 21:11:49 [DEBUG   ] Wrote to register 0x40: [0, 0, 0, 0, 0, 0, 0, 0, 0, 0, 0, 0, 0, 0, 0, 0]
2023-08-15 21:11:49 [DEBUG   ] Wrote to register 0x40: [0, 0, 0, 0, 0, 0, 0, 0, 0, 0, 0, 0, 0, 0, 0, 0]
2023-08-15 21:11:49 [DEBUG   ] Wrote to register 0x40: [0, 0, 0, 0, 0, 0, 0, 0, 0, 0, 0, 0, 0, 0, 0, 0]
2023-08-15 21:11:49 [DEBUG   ] Wrote to register 0x40: [0, 0, 0, 0, 0, 0, 0, 0, 0, 0, 0, 0, 0, 0, 0, 0]
2023-08-15 21:11:49 [DEBUG   ] Wrote to register 0x40: [0, 0, 0, 0, 0, 0, 0, 0, 0, 0, 0, 0, 0, 0, 0, 0]
2023-08-15 21:11:49 [DEBUG   ] Wrote to register 0x40: [0, 0, 0, 0, 0, 0, 0, 0, 0, 0, 0, 0, 0, 0, 0, 0]
2023-08-15 21:11:49 [DEBUG   ] Wrote to register 0x40: [0, 0, 0, 0, 0, 0, 0, 0, 0, 0, 0, 0, 0, 0, 0, 0]
2023-08-15 21:11:49 [DEBUG   ] Wrote to register 0x40: [0, 0, 0, 0, 0, 0, 0, 0, 0, 0, 0, 0, 0, 0, 0, 0]
2023-08-15 21:11:49 [DEBUG   ] Wrote to register 0x40: [0, 0, 0, 0, 0, 0, 0, 0, 0, 0, 0, 0, 0, 0, 0, 0]
2023-08-15 21:11:49 [DEBUG   ] Wrote to register 0x40: [0, 0, 0, 0, 0, 0, 0, 0, 0, 0, 0, 0, 0, 0, 0, 0]
2023-08-15 21:11:49 [DEBUG   ] Wrote to register 0x40: [0, 0, 0, 0, 0, 0, 0, 0, 0, 0, 0, 0, 0, 0, 0, 0]
2023-08-15 21:11:49 [DEBUG   ] Wrote to register 0x40: [0, 0, 0, 0, 0, 0, 0, 0, 0, 0, 0, 0, 0, 0, 0, 0]
2023-08-15 21:11:49 [DEBUG   ] Wrote to register 0x40: [0, 0, 0, 0, 0, 0, 0, 0, 0, 0, 0, 0, 0, 0, 0, 0]
2023-08-15 21:11:49 [DEBUG   ] Wrote to register 0x40: [0, 0, 0, 0, 0, 0, 0, 0, 0, 0, 0, 0, 0, 0, 0, 0]
2023-08-15 21:11:49 [DEBUG   ] Wrote to register 0x40: [0, 0, 0, 0, 0, 0, 0, 0, 0, 0, 0, 0, 0, 0, 0, 0]
2023-08-15 21:11:49 [DEBUG   ] Wrote to register 0x40: [0, 0, 0, 0, 0, 0, 0, 0, 0, 0, 0, 0, 0, 0, 0, 0]
2023-08-15 21:11:49 [DEBUG   ] Wrote to register 0x40: [0, 0, 0, 0, 0, 0, 0, 0, 0, 0, 0, 0, 0, 0, 0, 0]
2023-08-15 21:11:49 [DEBUG   ] Wrote to register 0x40: [0, 0, 0, 0, 0, 0, 0, 0, 0, 0, 0, 0, 0, 0, 0, 0]
2023-08-15 21:11:49 [DEBUG   ] Wrote to register 0x40: [0, 0, 0, 0, 0, 0, 0, 0, 0, 0, 0, 0, 0, 0, 0, 0]
2023-08-15 21:11:49 [DEBUG   ] Wrote to register 0x40: [0, 0, 0, 0, 0, 0, 0, 0, 0, 0, 0, 0, 0, 0, 0, 0]
2023-08-15 21:11:49 [DEBUG   ] Wrote to register 0x40: [0, 0, 0, 0, 0, 0, 0, 0, 0, 0, 0, 0, 0, 0, 0, 0]
2023-08-15 21:11:49 [DEBUG   ] Wrote to register 0x40: [0, 0, 0, 0, 0, 0, 0, 0, 0, 0, 0, 0, 0, 0, 0, 0]
2023-08-15 21:11:49 [DEBUG   ] Wrote to register 0x40: [0, 0, 0, 0, 0, 0, 0, 0, 0, 0, 0, 0, 0, 0, 0, 0]
2023-08-15 21:11:49 [DEBUG   ] Wrote to register 0x40: [0, 0, 0, 0, 0, 0, 0, 0, 0, 0, 0, 0, 0, 0, 0, 0]
2023-08-15 21:11:49 [DEBUG   ] Wrote to register 0x40: [0, 0, 0, 0, 0, 0, 0, 0, 0, 0, 0, 0, 0, 0, 0, 0]
2023-08-15 21:11:49 [DEBUG   ] Wrote to register 0x40: [0, 0, 0, 0, 0, 0, 0, 0, 0, 0, 0, 0, 0, 0, 0, 0]
2023-08-15 21:11:49 [DEBUG   ] Wrote to register 0x40: [0, 0, 0, 0, 0, 0, 0, 0, 0, 0, 0, 0, 0, 0, 0, 0]
2023-08-15 21:11:49 [DEBUG   ] Wrote to register 0x40: [0, 0, 0, 0, 0, 0, 0, 0, 0, 0, 0, 0, 0, 0, 0, 0]
2023-08-15 21:11:49 [DEBUG   ] Wrote to register 0x40: [0, 0, 0, 0, 0, 0, 0, 0, 0, 0, 0, 0, 0, 0, 0, 0]
2023-08-15 21:11:49 [DEBUG   ] Wrote to register 0x40: [0, 0, 0, 0, 0, 0, 0, 0, 0, 0, 0, 0, 0, 0, 0, 0]
2023-08-15 21:11:49 [DEBUG   ] Wrote to register 0x40: [0, 0, 0, 0, 0, 0, 0, 0, 0, 0, 0, 0, 0, 0, 0, 0]
2023-08-15 21:11:49 [DEBUG   ] Wrote to register 0x40: [0, 0, 0, 0, 0, 0, 0, 0, 0, 0, 0, 0, 0, 0, 0, 0]
2023-08-15 21:11:49 [DEBUG   ] Wrote to register 0x40: [0, 0, 0, 0, 0, 0, 0, 0, 0, 0, 0, 0, 0, 0, 0, 0]
2023-08-15 21:11:49 [DEBUG   ] Wrote to register 0x40: [0, 0, 0, 0, 0, 0, 0, 0, 0, 0, 0, 0, 0, 0, 0, 0]
2023-08-15 21:11:49 [DEBUG   ] Wrote to register 0x40: [0, 0, 0, 0, 0, 0, 0, 0, 0, 0, 0, 0, 0, 0, 0, 0]
2023-08-15 21:11:49 [DEBUG   ] Wrote to register 0x40: [0, 0, 0, 0, 0, 0, 0, 0, 0, 0, 0, 0, 0, 0, 0, 0]
2023-08-15 21:11:49 [DEBUG   ] Wrote to register 0x40: [0, 0, 0, 0, 0, 0, 0, 0, 0, 0, 0, 0, 0, 0, 0, 0]
2023-08-15 21:11:49 [DEBUG   ] Wrote to register 0x40: [0, 0, 0, 0, 0, 0, 0, 0, 0, 0, 0, 0, 0, 0, 0, 0]
2023-08-15 21:11:49 [DEBUG   ] Wrote to register 0x40: [0, 0, 0, 0, 0, 0, 0, 0, 0, 0, 0, 0, 0, 0, 0, 0]
2023-08-15 21:11:49 [DEBUG   ] Wrote to register 0x40: [0, 0, 0, 0, 0, 0, 0, 0, 0, 0, 0, 0, 0, 0, 0, 0]
2023-08-15 21:11:49 [DEBUG   ] Wrote to register 0x40: [0, 0, 0, 0, 0, 0, 0, 0, 0, 0, 0, 0, 0, 0, 0, 0]
2023-08-15 21:11:49 [DEBUG   ] Wrote to register 0x40: [0, 0, 0, 0, 0, 0, 0, 0, 0, 0, 0, 0, 0, 0, 0, 0]
2023-08-15 21:11:49 [DEBUG   ] Wrote to register 0x40: [0, 0, 0, 0, 0, 0, 0, 0, 0, 0, 0, 0, 0, 0, 0, 0]
2023-08-15 21:11:49 [DEBUG   ] Wrote to register 0x40: [0, 0, 0, 0, 0, 0, 0, 0, 0, 0, 0, 0, 0, 0, 0, 0]
2023-08-15 21:11:49 [DEBUG   ] Wrote to register 0x40: [0, 0, 0, 0, 0, 0, 0, 0, 0, 0, 0, 0, 0, 0, 0, 0]
2023-08-15 21:11:49 [DEBUG   ] Wrote to register 0x40: [0, 0, 0, 0, 0, 0, 0, 0, 0, 0, 0, 0, 0, 0, 0, 0]
2023-08-15 21:11:49 [DEBUG   ] Wrote to register 0x40: [0, 0, 0, 0, 0, 0, 0, 0, 0, 0, 0, 0, 0, 0, 0, 0]
2023-08-15 21:11:49 [DEBUG   ] Wrote to register 0x40: [0, 0, 0, 0, 0, 0, 0, 0, 0, 0, 0, 0, 0, 0, 0, 0]
2023-08-15 21:11:49 [DEBUG   ] Wrote to register 0x40: [0, 0, 0, 0, 0, 0, 0, 0, 0, 0, 0, 0, 0, 0, 0, 0]
2023-08-15 21:11:49 [DEBUG   ] Wrote to register 0x40: [0, 0, 0, 0, 0, 0, 0, 0, 0, 0, 0, 0, 0, 0, 0, 0]
2023-08-15 21:11:49 [DEBUG   ] Wrote to register 0x40: [0, 0, 0, 0, 0, 0, 0, 0, 0, 0, 0, 0, 0, 0, 0, 0]
2023-08-15 21:11:49 [DEBUG   ] Wrote to register 0x40: [0, 0, 0, 0, 0, 0, 0, 0, 0, 0, 0, 0, 0, 0, 0, 0]
2023-08-15 21:11:49 [DEBUG   ] Wrote to register 0x40: [0, 0, 0, 0, 0, 0, 0, 0, 0, 0, 0, 0, 0, 0, 0, 0]
2023-08-15 21:11:49 [DEBUG   ] STREAM b'IHDR' 16 13
2023-08-15 21:11:49 [DEBUG   ] STREAM b'IDAT' 41 1216
2023-08-15 21:19:39 [DEBUG   ] Script started
2023-08-15 21:19:39 [DEBUG   ] Script started
2023-08-15 21:19:39 [INFO    ] Setting leds and buttons
2023-08-15 21:19:39 [INFO    ] Completed setting leds and buttons
2023-08-15 21:19:40 [DEBUG   ] OLED set up
2023-08-15 21:19:40 [DEBUG   ] Using hardware I2C with platform I2C provider.
2023-08-15 21:19:40 [DEBUG   ] Wrote 0xAE to register 0x00
2023-08-15 21:19:40 [DEBUG   ] Wrote 0xD5 to register 0x00
2023-08-15 21:19:40 [DEBUG   ] Wrote 0x80 to register 0x00
2023-08-15 21:19:40 [DEBUG   ] Wrote 0xA8 to register 0x00
2023-08-15 21:19:40 [DEBUG   ] Wrote 0x3F to register 0x00
2023-08-15 21:19:40 [DEBUG   ] Wrote 0xD3 to register 0x00
2023-08-15 21:19:40 [DEBUG   ] Wrote 0x00 to register 0x00
2023-08-15 21:19:40 [DEBUG   ] Wrote 0x40 to register 0x00
2023-08-15 21:19:40 [DEBUG   ] Wrote 0x8D to register 0x00
2023-08-15 21:19:40 [DEBUG   ] Wrote 0x14 to register 0x00
2023-08-15 21:19:40 [DEBUG   ] Wrote 0x20 to register 0x00
2023-08-15 21:19:40 [DEBUG   ] Wrote 0x00 to register 0x00
2023-08-15 21:19:40 [DEBUG   ] Wrote 0xA1 to register 0x00
2023-08-15 21:19:40 [DEBUG   ] Wrote 0xC8 to register 0x00
2023-08-15 21:19:40 [DEBUG   ] Wrote 0xDA to register 0x00
2023-08-15 21:19:40 [DEBUG   ] Wrote 0x12 to register 0x00
2023-08-15 21:19:40 [DEBUG   ] Wrote 0x81 to register 0x00
2023-08-15 21:19:40 [DEBUG   ] Wrote 0xCF to register 0x00
2023-08-15 21:19:40 [DEBUG   ] Wrote 0xD9 to register 0x00
2023-08-15 21:19:40 [DEBUG   ] Wrote 0xF1 to register 0x00
2023-08-15 21:19:40 [DEBUG   ] Wrote 0xDB to register 0x00
2023-08-15 21:19:40 [DEBUG   ] Wrote 0x40 to register 0x00
2023-08-15 21:19:40 [DEBUG   ] Wrote 0xA4 to register 0x00
2023-08-15 21:19:40 [DEBUG   ] Wrote 0xA6 to register 0x00
2023-08-15 21:19:40 [DEBUG   ] Wrote 0xAF to register 0x00
2023-08-15 21:19:40 [DEBUG   ] Wrote 0x21 to register 0x00
2023-08-15 21:19:40 [DEBUG   ] Wrote 0x00 to register 0x00
2023-08-15 21:19:40 [DEBUG   ] Wrote 0x7F to register 0x00
2023-08-15 21:19:40 [DEBUG   ] Wrote 0x22 to register 0x00
2023-08-15 21:19:40 [DEBUG   ] Wrote 0x00 to register 0x00
2023-08-15 21:19:40 [DEBUG   ] Wrote 0x07 to register 0x00
2023-08-15 21:19:40 [DEBUG   ] Wrote to register 0x40: [0, 0, 0, 0, 0, 0, 0, 0, 0, 0, 0, 0, 0, 0, 0, 0]
2023-08-15 21:19:40 [DEBUG   ] Wrote to register 0x40: [0, 0, 0, 0, 0, 0, 0, 0, 0, 0, 0, 0, 0, 0, 0, 0]
2023-08-15 21:19:40 [DEBUG   ] Wrote to register 0x40: [0, 0, 0, 0, 0, 0, 0, 0, 0, 0, 0, 0, 0, 0, 0, 0]
2023-08-15 21:19:40 [DEBUG   ] Wrote to register 0x40: [0, 0, 0, 0, 0, 0, 0, 0, 0, 0, 0, 0, 0, 0, 0, 0]
2023-08-15 21:19:40 [DEBUG   ] Wrote to register 0x40: [0, 0, 0, 0, 0, 0, 0, 0, 0, 0, 0, 0, 0, 0, 0, 0]
2023-08-15 21:19:40 [DEBUG   ] Wrote to register 0x40: [0, 0, 0, 0, 0, 0, 0, 0, 0, 0, 0, 0, 0, 0, 0, 0]
2023-08-15 21:19:40 [DEBUG   ] Wrote to register 0x40: [0, 0, 0, 0, 0, 0, 0, 0, 0, 0, 0, 0, 0, 0, 0, 0]
2023-08-15 21:19:40 [DEBUG   ] Wrote to register 0x40: [0, 0, 0, 0, 0, 0, 0, 0, 0, 0, 0, 0, 0, 0, 0, 0]
2023-08-15 21:19:40 [DEBUG   ] Wrote to register 0x40: [0, 0, 0, 0, 0, 0, 0, 0, 0, 0, 0, 0, 0, 0, 0, 0]
2023-08-15 21:19:40 [DEBUG   ] Wrote to register 0x40: [0, 0, 0, 0, 0, 0, 0, 0, 0, 0, 0, 0, 0, 0, 0, 0]
2023-08-15 21:19:40 [DEBUG   ] Wrote to register 0x40: [0, 0, 0, 0, 0, 0, 0, 0, 0, 0, 0, 0, 0, 0, 0, 0]
2023-08-15 21:19:40 [DEBUG   ] Wrote to register 0x40: [0, 0, 0, 0, 0, 0, 0, 0, 0, 0, 0, 0, 0, 0, 0, 0]
2023-08-15 21:19:40 [DEBUG   ] Wrote to register 0x40: [0, 0, 0, 0, 0, 0, 0, 0, 0, 0, 0, 0, 0, 0, 0, 0]
2023-08-15 21:19:40 [DEBUG   ] Wrote to register 0x40: [0, 0, 0, 0, 0, 0, 0, 0, 0, 0, 0, 0, 0, 0, 0, 0]
2023-08-15 21:19:41 [DEBUG   ] Wrote to register 0x40: [0, 0, 0, 0, 0, 0, 0, 0, 0, 0, 0, 0, 0, 0, 0, 0]
2023-08-15 21:19:41 [DEBUG   ] Wrote to register 0x40: [0, 0, 0, 0, 0, 0, 0, 0, 0, 0, 0, 0, 0, 0, 0, 0]
2023-08-15 21:19:41 [DEBUG   ] Wrote to register 0x40: [0, 0, 0, 0, 0, 0, 0, 0, 0, 0, 0, 0, 0, 0, 0, 0]
2023-08-15 21:19:41 [DEBUG   ] Wrote to register 0x40: [0, 0, 0, 0, 0, 0, 0, 0, 0, 0, 0, 0, 0, 0, 0, 0]
2023-08-15 21:19:41 [DEBUG   ] Wrote to register 0x40: [0, 0, 0, 0, 0, 0, 0, 0, 0, 0, 0, 0, 0, 0, 0, 0]
2023-08-15 21:19:41 [DEBUG   ] Wrote to register 0x40: [0, 0, 0, 0, 0, 0, 0, 0, 0, 0, 0, 0, 0, 0, 0, 0]
2023-08-15 21:19:41 [DEBUG   ] Wrote to register 0x40: [0, 0, 0, 0, 0, 0, 0, 0, 0, 0, 0, 0, 0, 0, 0, 0]
2023-08-15 21:19:41 [DEBUG   ] Wrote to register 0x40: [0, 0, 0, 0, 0, 0, 0, 0, 0, 0, 0, 0, 0, 0, 0, 0]
2023-08-15 21:19:41 [DEBUG   ] Wrote to register 0x40: [0, 0, 0, 0, 0, 0, 0, 0, 0, 0, 0, 0, 0, 0, 0, 0]
2023-08-15 21:19:41 [DEBUG   ] Wrote to register 0x40: [0, 0, 0, 0, 0, 0, 0, 0, 0, 0, 0, 0, 0, 0, 0, 0]
2023-08-15 21:19:41 [DEBUG   ] Wrote to register 0x40: [0, 0, 0, 0, 0, 0, 0, 0, 0, 0, 0, 0, 0, 0, 0, 0]
2023-08-15 21:19:41 [DEBUG   ] Wrote to register 0x40: [0, 0, 0, 0, 0, 0, 0, 0, 0, 0, 0, 0, 0, 0, 0, 0]
2023-08-15 21:19:41 [DEBUG   ] Wrote to register 0x40: [0, 0, 0, 0, 0, 0, 0, 0, 0, 0, 0, 0, 0, 0, 0, 0]
2023-08-15 21:19:41 [DEBUG   ] Wrote to register 0x40: [0, 0, 0, 0, 0, 0, 0, 0, 0, 0, 0, 0, 0, 0, 0, 0]
2023-08-15 21:19:41 [DEBUG   ] Wrote to register 0x40: [0, 0, 0, 0, 0, 0, 0, 0, 0, 0, 0, 0, 0, 0, 0, 0]
2023-08-15 21:19:41 [DEBUG   ] Wrote to register 0x40: [0, 0, 0, 0, 0, 0, 0, 0, 0, 0, 0, 0, 0, 0, 0, 0]
2023-08-15 21:19:41 [DEBUG   ] Wrote to register 0x40: [0, 0, 0, 0, 0, 0, 0, 0, 0, 0, 0, 0, 0, 0, 0, 0]
2023-08-15 21:19:41 [DEBUG   ] Wrote to register 0x40: [0, 0, 0, 0, 0, 0, 0, 0, 0, 0, 0, 0, 0, 0, 0, 0]
2023-08-15 21:19:41 [DEBUG   ] Wrote to register 0x40: [0, 0, 0, 0, 0, 0, 0, 0, 0, 0, 0, 0, 0, 0, 0, 0]
2023-08-15 21:19:41 [DEBUG   ] Wrote to register 0x40: [0, 0, 0, 0, 0, 0, 0, 0, 0, 0, 0, 0, 0, 0, 0, 0]
2023-08-15 21:19:41 [DEBUG   ] Wrote to register 0x40: [0, 0, 0, 0, 0, 0, 0, 0, 0, 0, 0, 0, 0, 0, 0, 0]
2023-08-15 21:19:41 [DEBUG   ] Wrote to register 0x40: [0, 0, 0, 0, 0, 0, 0, 0, 0, 0, 0, 0, 0, 0, 0, 0]
2023-08-15 21:19:41 [DEBUG   ] Wrote to register 0x40: [0, 0, 0, 0, 0, 0, 0, 0, 0, 0, 0, 0, 0, 0, 0, 0]
2023-08-15 21:19:41 [DEBUG   ] Wrote to register 0x40: [0, 0, 0, 0, 0, 0, 0, 0, 0, 0, 0, 0, 0, 0, 0, 0]
2023-08-15 21:19:41 [DEBUG   ] Wrote to register 0x40: [0, 0, 0, 0, 0, 0, 0, 0, 0, 0, 0, 0, 0, 0, 0, 0]
2023-08-15 21:19:41 [DEBUG   ] Wrote to register 0x40: [0, 0, 0, 0, 0, 0, 0, 0, 0, 0, 0, 0, 0, 0, 0, 0]
2023-08-15 21:19:41 [DEBUG   ] Wrote to register 0x40: [0, 0, 0, 0, 0, 0, 0, 0, 0, 0, 0, 0, 0, 0, 0, 0]
2023-08-15 21:19:41 [DEBUG   ] Wrote to register 0x40: [0, 0, 0, 0, 0, 0, 0, 0, 0, 0, 0, 0, 0, 0, 0, 0]
2023-08-15 21:19:41 [DEBUG   ] Wrote to register 0x40: [0, 0, 0, 0, 0, 0, 0, 0, 0, 0, 0, 0, 0, 0, 0, 0]
2023-08-15 21:19:41 [DEBUG   ] Wrote to register 0x40: [0, 0, 0, 0, 0, 0, 0, 0, 0, 0, 0, 0, 0, 0, 0, 0]
2023-08-15 21:19:41 [DEBUG   ] Wrote to register 0x40: [0, 0, 0, 0, 0, 0, 0, 0, 0, 0, 0, 0, 0, 0, 0, 0]
2023-08-15 21:19:41 [DEBUG   ] Wrote to register 0x40: [0, 0, 0, 0, 0, 0, 0, 0, 0, 0, 0, 0, 0, 0, 0, 0]
2023-08-15 21:19:41 [DEBUG   ] Wrote to register 0x40: [0, 0, 0, 0, 0, 0, 0, 0, 0, 0, 0, 0, 0, 0, 0, 0]
2023-08-15 21:19:41 [DEBUG   ] Wrote to register 0x40: [0, 0, 0, 0, 0, 0, 0, 0, 0, 0, 0, 0, 0, 0, 0, 0]
2023-08-15 21:19:41 [DEBUG   ] Wrote to register 0x40: [0, 0, 0, 0, 0, 0, 0, 0, 0, 0, 0, 0, 0, 0, 0, 0]
2023-08-15 21:19:41 [DEBUG   ] Wrote to register 0x40: [0, 0, 0, 0, 0, 0, 0, 0, 0, 0, 0, 0, 0, 0, 0, 0]
2023-08-15 21:19:41 [DEBUG   ] Wrote to register 0x40: [0, 0, 0, 0, 0, 0, 0, 0, 0, 0, 0, 0, 0, 0, 0, 0]
2023-08-15 21:19:41 [DEBUG   ] Wrote to register 0x40: [0, 0, 0, 0, 0, 0, 0, 0, 0, 0, 0, 0, 0, 0, 0, 0]
2023-08-15 21:19:41 [DEBUG   ] Wrote to register 0x40: [0, 0, 0, 0, 0, 0, 0, 0, 0, 0, 0, 0, 0, 0, 0, 0]
2023-08-15 21:19:41 [DEBUG   ] Wrote to register 0x40: [0, 0, 0, 0, 0, 0, 0, 0, 0, 0, 0, 0, 0, 0, 0, 0]
2023-08-15 21:19:41 [DEBUG   ] Wrote to register 0x40: [0, 0, 0, 0, 0, 0, 0, 0, 0, 0, 0, 0, 0, 0, 0, 0]
2023-08-15 21:19:41 [DEBUG   ] Wrote to register 0x40: [0, 0, 0, 0, 0, 0, 0, 0, 0, 0, 0, 0, 0, 0, 0, 0]
2023-08-15 21:19:41 [DEBUG   ] Wrote to register 0x40: [0, 0, 0, 0, 0, 0, 0, 0, 0, 0, 0, 0, 0, 0, 0, 0]
2023-08-15 21:19:41 [DEBUG   ] Wrote to register 0x40: [0, 0, 0, 0, 0, 0, 0, 0, 0, 0, 0, 0, 0, 0, 0, 0]
2023-08-15 21:19:41 [DEBUG   ] Wrote to register 0x40: [0, 0, 0, 0, 0, 0, 0, 0, 0, 0, 0, 0, 0, 0, 0, 0]
2023-08-15 21:19:41 [DEBUG   ] Wrote to register 0x40: [0, 0, 0, 0, 0, 0, 0, 0, 0, 0, 0, 0, 0, 0, 0, 0]
2023-08-15 21:19:41 [DEBUG   ] Wrote to register 0x40: [0, 0, 0, 0, 0, 0, 0, 0, 0, 0, 0, 0, 0, 0, 0, 0]
2023-08-15 21:19:41 [DEBUG   ] Wrote to register 0x40: [0, 0, 0, 0, 0, 0, 0, 0, 0, 0, 0, 0, 0, 0, 0, 0]
2023-08-15 21:19:41 [DEBUG   ] Wrote to register 0x40: [0, 0, 0, 0, 0, 0, 0, 0, 0, 0, 0, 0, 0, 0, 0, 0]
2023-08-15 21:19:41 [DEBUG   ] Wrote to register 0x40: [0, 0, 0, 0, 0, 0, 0, 0, 0, 0, 0, 0, 0, 0, 0, 0]
2023-08-15 21:19:41 [DEBUG   ] STREAM b'IHDR' 16 13
2023-08-15 21:19:41 [DEBUG   ] STREAM b'IDAT' 41 1216
2023-08-15 21:21:00 [DEBUG   ] Script started
2023-08-15 21:21:00 [DEBUG   ] Script started
2023-08-15 21:21:00 [INFO    ] Setting leds and buttons
2023-08-15 21:21:00 [INFO    ] Completed setting leds and buttons
2023-08-15 21:21:01 [DEBUG   ] OLED set up
2023-08-15 21:21:01 [DEBUG   ] Using hardware I2C with platform I2C provider.
2023-08-15 21:21:01 [DEBUG   ] Wrote 0xAE to register 0x00
2023-08-15 21:21:01 [DEBUG   ] Wrote 0xD5 to register 0x00
2023-08-15 21:21:01 [DEBUG   ] Wrote 0x80 to register 0x00
2023-08-15 21:21:01 [DEBUG   ] Wrote 0xA8 to register 0x00
2023-08-15 21:21:01 [DEBUG   ] Wrote 0x3F to register 0x00
2023-08-15 21:21:01 [DEBUG   ] Wrote 0xD3 to register 0x00
2023-08-15 21:21:01 [DEBUG   ] Wrote 0x00 to register 0x00
2023-08-15 21:21:01 [DEBUG   ] Wrote 0x40 to register 0x00
2023-08-15 21:21:01 [DEBUG   ] Wrote 0x8D to register 0x00
2023-08-15 21:21:01 [DEBUG   ] Wrote 0x14 to register 0x00
2023-08-15 21:21:01 [DEBUG   ] Wrote 0x20 to register 0x00
2023-08-15 21:21:01 [DEBUG   ] Wrote 0x00 to register 0x00
2023-08-15 21:21:01 [DEBUG   ] Wrote 0xA1 to register 0x00
2023-08-15 21:21:01 [DEBUG   ] Wrote 0xC8 to register 0x00
2023-08-15 21:21:01 [DEBUG   ] Wrote 0xDA to register 0x00
2023-08-15 21:21:01 [DEBUG   ] Wrote 0x12 to register 0x00
2023-08-15 21:21:01 [DEBUG   ] Wrote 0x81 to register 0x00
2023-08-15 21:21:01 [DEBUG   ] Wrote 0xCF to register 0x00
2023-08-15 21:21:01 [DEBUG   ] Wrote 0xD9 to register 0x00
2023-08-15 21:21:01 [DEBUG   ] Wrote 0xF1 to register 0x00
2023-08-15 21:21:01 [DEBUG   ] Wrote 0xDB to register 0x00
2023-08-15 21:21:01 [DEBUG   ] Wrote 0x40 to register 0x00
2023-08-15 21:21:01 [DEBUG   ] Wrote 0xA4 to register 0x00
2023-08-15 21:21:01 [DEBUG   ] Wrote 0xA6 to register 0x00
2023-08-15 21:21:01 [DEBUG   ] Wrote 0xAF to register 0x00
2023-08-15 21:21:01 [DEBUG   ] Wrote 0x21 to register 0x00
2023-08-15 21:21:01 [DEBUG   ] Wrote 0x00 to register 0x00
2023-08-15 21:21:01 [DEBUG   ] Wrote 0x7F to register 0x00
2023-08-15 21:21:01 [DEBUG   ] Wrote 0x22 to register 0x00
2023-08-15 21:21:01 [DEBUG   ] Wrote 0x00 to register 0x00
2023-08-15 21:21:01 [DEBUG   ] Wrote 0x07 to register 0x00
2023-08-15 21:21:01 [DEBUG   ] Wrote to register 0x40: [0, 0, 0, 0, 0, 0, 0, 0, 0, 0, 0, 0, 0, 0, 0, 0]
2023-08-15 21:21:01 [DEBUG   ] Wrote to register 0x40: [0, 0, 0, 0, 0, 0, 0, 0, 0, 0, 0, 0, 0, 0, 0, 0]
2023-08-15 21:21:01 [DEBUG   ] Wrote to register 0x40: [0, 0, 0, 0, 0, 0, 0, 0, 0, 0, 0, 0, 0, 0, 0, 0]
2023-08-15 21:21:01 [DEBUG   ] Wrote to register 0x40: [0, 0, 0, 0, 0, 0, 0, 0, 0, 0, 0, 0, 0, 0, 0, 0]
2023-08-15 21:21:01 [DEBUG   ] Wrote to register 0x40: [0, 0, 0, 0, 0, 0, 0, 0, 0, 0, 0, 0, 0, 0, 0, 0]
2023-08-15 21:21:01 [DEBUG   ] Wrote to register 0x40: [0, 0, 0, 0, 0, 0, 0, 0, 0, 0, 0, 0, 0, 0, 0, 0]
2023-08-15 21:21:01 [DEBUG   ] Wrote to register 0x40: [0, 0, 0, 0, 0, 0, 0, 0, 0, 0, 0, 0, 0, 0, 0, 0]
2023-08-15 21:21:01 [DEBUG   ] Wrote to register 0x40: [0, 0, 0, 0, 0, 0, 0, 0, 0, 0, 0, 0, 0, 0, 0, 0]
2023-08-15 21:21:01 [DEBUG   ] Wrote to register 0x40: [0, 0, 0, 0, 0, 0, 0, 0, 0, 0, 0, 0, 0, 0, 0, 0]
2023-08-15 21:21:01 [DEBUG   ] Wrote to register 0x40: [0, 0, 0, 0, 0, 0, 0, 0, 0, 0, 0, 0, 0, 0, 0, 0]
2023-08-15 21:21:01 [DEBUG   ] Wrote to register 0x40: [0, 0, 0, 0, 0, 0, 0, 0, 0, 0, 0, 0, 0, 0, 0, 0]
2023-08-15 21:21:01 [DEBUG   ] Wrote to register 0x40: [0, 0, 0, 0, 0, 0, 0, 0, 0, 0, 0, 0, 0, 0, 0, 0]
2023-08-15 21:21:01 [DEBUG   ] Wrote to register 0x40: [0, 0, 0, 0, 0, 0, 0, 0, 0, 0, 0, 0, 0, 0, 0, 0]
2023-08-15 21:21:01 [DEBUG   ] Wrote to register 0x40: [0, 0, 0, 0, 0, 0, 0, 0, 0, 0, 0, 0, 0, 0, 0, 0]
2023-08-15 21:21:01 [DEBUG   ] Wrote to register 0x40: [0, 0, 0, 0, 0, 0, 0, 0, 0, 0, 0, 0, 0, 0, 0, 0]
2023-08-15 21:21:01 [DEBUG   ] Wrote to register 0x40: [0, 0, 0, 0, 0, 0, 0, 0, 0, 0, 0, 0, 0, 0, 0, 0]
2023-08-15 21:21:01 [DEBUG   ] Wrote to register 0x40: [0, 0, 0, 0, 0, 0, 0, 0, 0, 0, 0, 0, 0, 0, 0, 0]
2023-08-15 21:21:01 [DEBUG   ] Wrote to register 0x40: [0, 0, 0, 0, 0, 0, 0, 0, 0, 0, 0, 0, 0, 0, 0, 0]
2023-08-15 21:21:01 [DEBUG   ] Wrote to register 0x40: [0, 0, 0, 0, 0, 0, 0, 0, 0, 0, 0, 0, 0, 0, 0, 0]
2023-08-15 21:21:01 [DEBUG   ] Wrote to register 0x40: [0, 0, 0, 0, 0, 0, 0, 0, 0, 0, 0, 0, 0, 0, 0, 0]
2023-08-15 21:21:01 [DEBUG   ] Wrote to register 0x40: [0, 0, 0, 0, 0, 0, 0, 0, 0, 0, 0, 0, 0, 0, 0, 0]
2023-08-15 21:21:01 [DEBUG   ] Wrote to register 0x40: [0, 0, 0, 0, 0, 0, 0, 0, 0, 0, 0, 0, 0, 0, 0, 0]
2023-08-15 21:21:01 [DEBUG   ] Wrote to register 0x40: [0, 0, 0, 0, 0, 0, 0, 0, 0, 0, 0, 0, 0, 0, 0, 0]
2023-08-15 21:21:01 [DEBUG   ] Wrote to register 0x40: [0, 0, 0, 0, 0, 0, 0, 0, 0, 0, 0, 0, 0, 0, 0, 0]
2023-08-15 21:21:01 [DEBUG   ] Wrote to register 0x40: [0, 0, 0, 0, 0, 0, 0, 0, 0, 0, 0, 0, 0, 0, 0, 0]
2023-08-15 21:21:01 [DEBUG   ] Wrote to register 0x40: [0, 0, 0, 0, 0, 0, 0, 0, 0, 0, 0, 0, 0, 0, 0, 0]
2023-08-15 21:21:01 [DEBUG   ] Wrote to register 0x40: [0, 0, 0, 0, 0, 0, 0, 0, 0, 0, 0, 0, 0, 0, 0, 0]
2023-08-15 21:21:01 [DEBUG   ] Wrote to register 0x40: [0, 0, 0, 0, 0, 0, 0, 0, 0, 0, 0, 0, 0, 0, 0, 0]
2023-08-15 21:21:01 [DEBUG   ] Wrote to register 0x40: [0, 0, 0, 0, 0, 0, 0, 0, 0, 0, 0, 0, 0, 0, 0, 0]
2023-08-15 21:21:01 [DEBUG   ] Wrote to register 0x40: [0, 0, 0, 0, 0, 0, 0, 0, 0, 0, 0, 0, 0, 0, 0, 0]
2023-08-15 21:21:01 [DEBUG   ] Wrote to register 0x40: [0, 0, 0, 0, 0, 0, 0, 0, 0, 0, 0, 0, 0, 0, 0, 0]
2023-08-15 21:21:01 [DEBUG   ] Wrote to register 0x40: [0, 0, 0, 0, 0, 0, 0, 0, 0, 0, 0, 0, 0, 0, 0, 0]
2023-08-15 21:21:01 [DEBUG   ] Wrote to register 0x40: [0, 0, 0, 0, 0, 0, 0, 0, 0, 0, 0, 0, 0, 0, 0, 0]
2023-08-15 21:21:01 [DEBUG   ] Wrote to register 0x40: [0, 0, 0, 0, 0, 0, 0, 0, 0, 0, 0, 0, 0, 0, 0, 0]
2023-08-15 21:21:01 [DEBUG   ] Wrote to register 0x40: [0, 0, 0, 0, 0, 0, 0, 0, 0, 0, 0, 0, 0, 0, 0, 0]
2023-08-15 21:21:02 [DEBUG   ] Wrote to register 0x40: [0, 0, 0, 0, 0, 0, 0, 0, 0, 0, 0, 0, 0, 0, 0, 0]
2023-08-15 21:21:02 [DEBUG   ] Wrote to register 0x40: [0, 0, 0, 0, 0, 0, 0, 0, 0, 0, 0, 0, 0, 0, 0, 0]
2023-08-15 21:21:02 [DEBUG   ] Wrote to register 0x40: [0, 0, 0, 0, 0, 0, 0, 0, 0, 0, 0, 0, 0, 0, 0, 0]
2023-08-15 21:21:02 [DEBUG   ] Wrote to register 0x40: [0, 0, 0, 0, 0, 0, 0, 0, 0, 0, 0, 0, 0, 0, 0, 0]
2023-08-15 21:21:02 [DEBUG   ] Wrote to register 0x40: [0, 0, 0, 0, 0, 0, 0, 0, 0, 0, 0, 0, 0, 0, 0, 0]
2023-08-15 21:21:02 [DEBUG   ] Wrote to register 0x40: [0, 0, 0, 0, 0, 0, 0, 0, 0, 0, 0, 0, 0, 0, 0, 0]
2023-08-15 21:21:02 [DEBUG   ] Wrote to register 0x40: [0, 0, 0, 0, 0, 0, 0, 0, 0, 0, 0, 0, 0, 0, 0, 0]
2023-08-15 21:21:02 [DEBUG   ] Wrote to register 0x40: [0, 0, 0, 0, 0, 0, 0, 0, 0, 0, 0, 0, 0, 0, 0, 0]
2023-08-15 21:21:02 [DEBUG   ] Wrote to register 0x40: [0, 0, 0, 0, 0, 0, 0, 0, 0, 0, 0, 0, 0, 0, 0, 0]
2023-08-15 21:21:02 [DEBUG   ] Wrote to register 0x40: [0, 0, 0, 0, 0, 0, 0, 0, 0, 0, 0, 0, 0, 0, 0, 0]
2023-08-15 21:21:02 [DEBUG   ] Wrote to register 0x40: [0, 0, 0, 0, 0, 0, 0, 0, 0, 0, 0, 0, 0, 0, 0, 0]
2023-08-15 21:21:02 [DEBUG   ] Wrote to register 0x40: [0, 0, 0, 0, 0, 0, 0, 0, 0, 0, 0, 0, 0, 0, 0, 0]
2023-08-15 21:21:02 [DEBUG   ] Wrote to register 0x40: [0, 0, 0, 0, 0, 0, 0, 0, 0, 0, 0, 0, 0, 0, 0, 0]
2023-08-15 21:21:02 [DEBUG   ] Wrote to register 0x40: [0, 0, 0, 0, 0, 0, 0, 0, 0, 0, 0, 0, 0, 0, 0, 0]
2023-08-15 21:21:02 [DEBUG   ] Wrote to register 0x40: [0, 0, 0, 0, 0, 0, 0, 0, 0, 0, 0, 0, 0, 0, 0, 0]
2023-08-15 21:21:02 [DEBUG   ] Wrote to register 0x40: [0, 0, 0, 0, 0, 0, 0, 0, 0, 0, 0, 0, 0, 0, 0, 0]
2023-08-15 21:21:02 [DEBUG   ] Wrote to register 0x40: [0, 0, 0, 0, 0, 0, 0, 0, 0, 0, 0, 0, 0, 0, 0, 0]
2023-08-15 21:21:02 [DEBUG   ] Wrote to register 0x40: [0, 0, 0, 0, 0, 0, 0, 0, 0, 0, 0, 0, 0, 0, 0, 0]
2023-08-15 21:21:02 [DEBUG   ] Wrote to register 0x40: [0, 0, 0, 0, 0, 0, 0, 0, 0, 0, 0, 0, 0, 0, 0, 0]
2023-08-15 21:21:02 [DEBUG   ] Wrote to register 0x40: [0, 0, 0, 0, 0, 0, 0, 0, 0, 0, 0, 0, 0, 0, 0, 0]
2023-08-15 21:21:02 [DEBUG   ] Wrote to register 0x40: [0, 0, 0, 0, 0, 0, 0, 0, 0, 0, 0, 0, 0, 0, 0, 0]
2023-08-15 21:21:02 [DEBUG   ] Wrote to register 0x40: [0, 0, 0, 0, 0, 0, 0, 0, 0, 0, 0, 0, 0, 0, 0, 0]
2023-08-15 21:21:02 [DEBUG   ] Wrote to register 0x40: [0, 0, 0, 0, 0, 0, 0, 0, 0, 0, 0, 0, 0, 0, 0, 0]
2023-08-15 21:21:02 [DEBUG   ] Wrote to register 0x40: [0, 0, 0, 0, 0, 0, 0, 0, 0, 0, 0, 0, 0, 0, 0, 0]
2023-08-15 21:21:02 [DEBUG   ] Wrote to register 0x40: [0, 0, 0, 0, 0, 0, 0, 0, 0, 0, 0, 0, 0, 0, 0, 0]
2023-08-15 21:21:02 [DEBUG   ] Wrote to register 0x40: [0, 0, 0, 0, 0, 0, 0, 0, 0, 0, 0, 0, 0, 0, 0, 0]
2023-08-15 21:21:02 [DEBUG   ] Wrote to register 0x40: [0, 0, 0, 0, 0, 0, 0, 0, 0, 0, 0, 0, 0, 0, 0, 0]
2023-08-15 21:21:02 [DEBUG   ] Wrote to register 0x40: [0, 0, 0, 0, 0, 0, 0, 0, 0, 0, 0, 0, 0, 0, 0, 0]
2023-08-15 21:21:02 [DEBUG   ] Wrote to register 0x40: [0, 0, 0, 0, 0, 0, 0, 0, 0, 0, 0, 0, 0, 0, 0, 0]
2023-08-15 21:21:02 [DEBUG   ] STREAM b'IHDR' 16 13
2023-08-15 21:21:02 [DEBUG   ] STREAM b'IDAT' 41 1216
2023-08-15 21:21:47 [DEBUG   ] Script started
2023-08-15 21:21:47 [DEBUG   ] Script started
2023-08-15 21:21:47 [INFO    ] Setting leds and buttons
2023-08-15 21:21:47 [INFO    ] Completed setting leds and buttons
2023-08-15 21:21:48 [DEBUG   ] OLED set up
2023-08-15 21:21:48 [DEBUG   ] Using hardware I2C with platform I2C provider.
2023-08-15 21:21:48 [DEBUG   ] Wrote 0xAE to register 0x00
2023-08-15 21:21:48 [DEBUG   ] Wrote 0xD5 to register 0x00
2023-08-15 21:21:48 [DEBUG   ] Wrote 0x80 to register 0x00
2023-08-15 21:21:48 [DEBUG   ] Wrote 0xA8 to register 0x00
2023-08-15 21:21:48 [DEBUG   ] Wrote 0x3F to register 0x00
2023-08-15 21:21:48 [DEBUG   ] Wrote 0xD3 to register 0x00
2023-08-15 21:21:48 [DEBUG   ] Wrote 0x00 to register 0x00
2023-08-15 21:21:48 [DEBUG   ] Wrote 0x40 to register 0x00
2023-08-15 21:21:48 [DEBUG   ] Wrote 0x8D to register 0x00
2023-08-15 21:21:48 [DEBUG   ] Wrote 0x14 to register 0x00
2023-08-15 21:21:48 [DEBUG   ] Wrote 0x20 to register 0x00
2023-08-15 21:21:48 [DEBUG   ] Wrote 0x00 to register 0x00
2023-08-15 21:21:48 [DEBUG   ] Wrote 0xA1 to register 0x00
2023-08-15 21:21:48 [DEBUG   ] Wrote 0xC8 to register 0x00
2023-08-15 21:21:48 [DEBUG   ] Wrote 0xDA to register 0x00
2023-08-15 21:21:48 [DEBUG   ] Wrote 0x12 to register 0x00
2023-08-15 21:21:48 [DEBUG   ] Wrote 0x81 to register 0x00
2023-08-15 21:21:48 [DEBUG   ] Wrote 0xCF to register 0x00
2023-08-15 21:21:48 [DEBUG   ] Wrote 0xD9 to register 0x00
2023-08-15 21:21:48 [DEBUG   ] Wrote 0xF1 to register 0x00
2023-08-15 21:21:48 [DEBUG   ] Wrote 0xDB to register 0x00
2023-08-15 21:21:48 [DEBUG   ] Wrote 0x40 to register 0x00
2023-08-15 21:21:48 [DEBUG   ] Wrote 0xA4 to register 0x00
2023-08-15 21:21:48 [DEBUG   ] Wrote 0xA6 to register 0x00
2023-08-15 21:21:48 [DEBUG   ] Wrote 0xAF to register 0x00
2023-08-15 21:21:48 [DEBUG   ] Wrote 0x21 to register 0x00
2023-08-15 21:21:48 [DEBUG   ] Wrote 0x00 to register 0x00
2023-08-15 21:21:48 [DEBUG   ] Wrote 0x7F to register 0x00
2023-08-15 21:21:48 [DEBUG   ] Wrote 0x22 to register 0x00
2023-08-15 21:21:48 [DEBUG   ] Wrote 0x00 to register 0x00
2023-08-15 21:21:48 [DEBUG   ] Wrote 0x07 to register 0x00
2023-08-15 21:21:48 [DEBUG   ] Wrote to register 0x40: [0, 0, 0, 0, 0, 0, 0, 0, 0, 0, 0, 0, 0, 0, 0, 0]
2023-08-15 21:21:48 [DEBUG   ] Wrote to register 0x40: [0, 0, 0, 0, 0, 0, 0, 0, 0, 0, 0, 0, 0, 0, 0, 0]
2023-08-15 21:21:48 [DEBUG   ] Wrote to register 0x40: [0, 0, 0, 0, 0, 0, 0, 0, 0, 0, 0, 0, 0, 0, 0, 0]
2023-08-15 21:21:48 [DEBUG   ] Wrote to register 0x40: [0, 0, 0, 0, 0, 0, 0, 0, 0, 0, 0, 0, 0, 0, 0, 0]
2023-08-15 21:21:48 [DEBUG   ] Wrote to register 0x40: [0, 0, 0, 0, 0, 0, 0, 0, 0, 0, 0, 0, 0, 0, 0, 0]
2023-08-15 21:21:48 [DEBUG   ] Wrote to register 0x40: [0, 0, 0, 0, 0, 0, 0, 0, 0, 0, 0, 0, 0, 0, 0, 0]
2023-08-15 21:21:48 [DEBUG   ] Wrote to register 0x40: [0, 0, 0, 0, 0, 0, 0, 0, 0, 0, 0, 0, 0, 0, 0, 0]
2023-08-15 21:21:48 [DEBUG   ] Wrote to register 0x40: [0, 0, 0, 0, 0, 0, 0, 0, 0, 0, 0, 0, 0, 0, 0, 0]
2023-08-15 21:21:48 [DEBUG   ] Wrote to register 0x40: [0, 0, 0, 0, 0, 0, 0, 0, 0, 0, 0, 0, 0, 0, 0, 0]
2023-08-15 21:21:48 [DEBUG   ] Wrote to register 0x40: [0, 0, 0, 0, 0, 0, 0, 0, 0, 0, 0, 0, 0, 0, 0, 0]
2023-08-15 21:21:48 [DEBUG   ] Wrote to register 0x40: [0, 0, 0, 0, 0, 0, 0, 0, 0, 0, 0, 0, 0, 0, 0, 0]
2023-08-15 21:21:48 [DEBUG   ] Wrote to register 0x40: [0, 0, 0, 0, 0, 0, 0, 0, 0, 0, 0, 0, 0, 0, 0, 0]
2023-08-15 21:21:48 [DEBUG   ] Wrote to register 0x40: [0, 0, 0, 0, 0, 0, 0, 0, 0, 0, 0, 0, 0, 0, 0, 0]
2023-08-15 21:21:48 [DEBUG   ] Wrote to register 0x40: [0, 0, 0, 0, 0, 0, 0, 0, 0, 0, 0, 0, 0, 0, 0, 0]
2023-08-15 21:21:48 [DEBUG   ] Wrote to register 0x40: [0, 0, 0, 0, 0, 0, 0, 0, 0, 0, 0, 0, 0, 0, 0, 0]
2023-08-15 21:21:48 [DEBUG   ] Wrote to register 0x40: [0, 0, 0, 0, 0, 0, 0, 0, 0, 0, 0, 0, 0, 0, 0, 0]
2023-08-15 21:21:48 [DEBUG   ] Wrote to register 0x40: [0, 0, 0, 0, 0, 0, 0, 0, 0, 0, 0, 0, 0, 0, 0, 0]
2023-08-15 21:21:48 [DEBUG   ] Wrote to register 0x40: [0, 0, 0, 0, 0, 0, 0, 0, 0, 0, 0, 0, 0, 0, 0, 0]
2023-08-15 21:21:48 [DEBUG   ] Wrote to register 0x40: [0, 0, 0, 0, 0, 0, 0, 0, 0, 0, 0, 0, 0, 0, 0, 0]
2023-08-15 21:21:48 [DEBUG   ] Wrote to register 0x40: [0, 0, 0, 0, 0, 0, 0, 0, 0, 0, 0, 0, 0, 0, 0, 0]
2023-08-15 21:21:48 [DEBUG   ] Wrote to register 0x40: [0, 0, 0, 0, 0, 0, 0, 0, 0, 0, 0, 0, 0, 0, 0, 0]
2023-08-15 21:21:48 [DEBUG   ] Wrote to register 0x40: [0, 0, 0, 0, 0, 0, 0, 0, 0, 0, 0, 0, 0, 0, 0, 0]
2023-08-15 21:21:48 [DEBUG   ] Wrote to register 0x40: [0, 0, 0, 0, 0, 0, 0, 0, 0, 0, 0, 0, 0, 0, 0, 0]
2023-08-15 21:21:48 [DEBUG   ] Wrote to register 0x40: [0, 0, 0, 0, 0, 0, 0, 0, 0, 0, 0, 0, 0, 0, 0, 0]
2023-08-15 21:21:48 [DEBUG   ] Wrote to register 0x40: [0, 0, 0, 0, 0, 0, 0, 0, 0, 0, 0, 0, 0, 0, 0, 0]
2023-08-15 21:21:48 [DEBUG   ] Wrote to register 0x40: [0, 0, 0, 0, 0, 0, 0, 0, 0, 0, 0, 0, 0, 0, 0, 0]
2023-08-15 21:21:48 [DEBUG   ] Wrote to register 0x40: [0, 0, 0, 0, 0, 0, 0, 0, 0, 0, 0, 0, 0, 0, 0, 0]
2023-08-15 21:21:48 [DEBUG   ] Wrote to register 0x40: [0, 0, 0, 0, 0, 0, 0, 0, 0, 0, 0, 0, 0, 0, 0, 0]
2023-08-15 21:21:48 [DEBUG   ] Wrote to register 0x40: [0, 0, 0, 0, 0, 0, 0, 0, 0, 0, 0, 0, 0, 0, 0, 0]
2023-08-15 21:21:48 [DEBUG   ] Wrote to register 0x40: [0, 0, 0, 0, 0, 0, 0, 0, 0, 0, 0, 0, 0, 0, 0, 0]
2023-08-15 21:21:48 [DEBUG   ] Wrote to register 0x40: [0, 0, 0, 0, 0, 0, 0, 0, 0, 0, 0, 0, 0, 0, 0, 0]
2023-08-15 21:21:48 [DEBUG   ] Wrote to register 0x40: [0, 0, 0, 0, 0, 0, 0, 0, 0, 0, 0, 0, 0, 0, 0, 0]
2023-08-15 21:21:48 [DEBUG   ] Wrote to register 0x40: [0, 0, 0, 0, 0, 0, 0, 0, 0, 0, 0, 0, 0, 0, 0, 0]
2023-08-15 21:21:48 [DEBUG   ] Wrote to register 0x40: [0, 0, 0, 0, 0, 0, 0, 0, 0, 0, 0, 0, 0, 0, 0, 0]
2023-08-15 21:21:48 [DEBUG   ] Wrote to register 0x40: [0, 0, 0, 0, 0, 0, 0, 0, 0, 0, 0, 0, 0, 0, 0, 0]
2023-08-15 21:21:48 [DEBUG   ] Wrote to register 0x40: [0, 0, 0, 0, 0, 0, 0, 0, 0, 0, 0, 0, 0, 0, 0, 0]
2023-08-15 21:21:48 [DEBUG   ] Wrote to register 0x40: [0, 0, 0, 0, 0, 0, 0, 0, 0, 0, 0, 0, 0, 0, 0, 0]
2023-08-15 21:21:48 [DEBUG   ] Wrote to register 0x40: [0, 0, 0, 0, 0, 0, 0, 0, 0, 0, 0, 0, 0, 0, 0, 0]
2023-08-15 21:21:48 [DEBUG   ] Wrote to register 0x40: [0, 0, 0, 0, 0, 0, 0, 0, 0, 0, 0, 0, 0, 0, 0, 0]
2023-08-15 21:21:48 [DEBUG   ] Wrote to register 0x40: [0, 0, 0, 0, 0, 0, 0, 0, 0, 0, 0, 0, 0, 0, 0, 0]
2023-08-15 21:21:48 [DEBUG   ] Wrote to register 0x40: [0, 0, 0, 0, 0, 0, 0, 0, 0, 0, 0, 0, 0, 0, 0, 0]
2023-08-15 21:21:48 [DEBUG   ] Wrote to register 0x40: [0, 0, 0, 0, 0, 0, 0, 0, 0, 0, 0, 0, 0, 0, 0, 0]
2023-08-15 21:21:48 [DEBUG   ] Wrote to register 0x40: [0, 0, 0, 0, 0, 0, 0, 0, 0, 0, 0, 0, 0, 0, 0, 0]
2023-08-15 21:21:48 [DEBUG   ] Wrote to register 0x40: [0, 0, 0, 0, 0, 0, 0, 0, 0, 0, 0, 0, 0, 0, 0, 0]
2023-08-15 21:21:48 [DEBUG   ] Wrote to register 0x40: [0, 0, 0, 0, 0, 0, 0, 0, 0, 0, 0, 0, 0, 0, 0, 0]
2023-08-15 21:21:48 [DEBUG   ] Wrote to register 0x40: [0, 0, 0, 0, 0, 0, 0, 0, 0, 0, 0, 0, 0, 0, 0, 0]
2023-08-15 21:21:48 [DEBUG   ] Wrote to register 0x40: [0, 0, 0, 0, 0, 0, 0, 0, 0, 0, 0, 0, 0, 0, 0, 0]
2023-08-15 21:21:48 [DEBUG   ] Wrote to register 0x40: [0, 0, 0, 0, 0, 0, 0, 0, 0, 0, 0, 0, 0, 0, 0, 0]
2023-08-15 21:21:48 [DEBUG   ] Wrote to register 0x40: [0, 0, 0, 0, 0, 0, 0, 0, 0, 0, 0, 0, 0, 0, 0, 0]
2023-08-15 21:21:48 [DEBUG   ] Wrote to register 0x40: [0, 0, 0, 0, 0, 0, 0, 0, 0, 0, 0, 0, 0, 0, 0, 0]
2023-08-15 21:21:48 [DEBUG   ] Wrote to register 0x40: [0, 0, 0, 0, 0, 0, 0, 0, 0, 0, 0, 0, 0, 0, 0, 0]
2023-08-15 21:21:48 [DEBUG   ] Wrote to register 0x40: [0, 0, 0, 0, 0, 0, 0, 0, 0, 0, 0, 0, 0, 0, 0, 0]
2023-08-15 21:21:48 [DEBUG   ] Wrote to register 0x40: [0, 0, 0, 0, 0, 0, 0, 0, 0, 0, 0, 0, 0, 0, 0, 0]
2023-08-15 21:21:48 [DEBUG   ] Wrote to register 0x40: [0, 0, 0, 0, 0, 0, 0, 0, 0, 0, 0, 0, 0, 0, 0, 0]
2023-08-15 21:21:48 [DEBUG   ] Wrote to register 0x40: [0, 0, 0, 0, 0, 0, 0, 0, 0, 0, 0, 0, 0, 0, 0, 0]
2023-08-15 21:21:48 [DEBUG   ] Wrote to register 0x40: [0, 0, 0, 0, 0, 0, 0, 0, 0, 0, 0, 0, 0, 0, 0, 0]
2023-08-15 21:21:48 [DEBUG   ] Wrote to register 0x40: [0, 0, 0, 0, 0, 0, 0, 0, 0, 0, 0, 0, 0, 0, 0, 0]
2023-08-15 21:21:48 [DEBUG   ] Wrote to register 0x40: [0, 0, 0, 0, 0, 0, 0, 0, 0, 0, 0, 0, 0, 0, 0, 0]
2023-08-15 21:21:48 [DEBUG   ] Wrote to register 0x40: [0, 0, 0, 0, 0, 0, 0, 0, 0, 0, 0, 0, 0, 0, 0, 0]
2023-08-15 21:21:48 [DEBUG   ] Wrote to register 0x40: [0, 0, 0, 0, 0, 0, 0, 0, 0, 0, 0, 0, 0, 0, 0, 0]
2023-08-15 21:21:48 [DEBUG   ] Wrote to register 0x40: [0, 0, 0, 0, 0, 0, 0, 0, 0, 0, 0, 0, 0, 0, 0, 0]
2023-08-15 21:21:48 [DEBUG   ] Wrote to register 0x40: [0, 0, 0, 0, 0, 0, 0, 0, 0, 0, 0, 0, 0, 0, 0, 0]
2023-08-15 21:21:48 [DEBUG   ] Wrote to register 0x40: [0, 0, 0, 0, 0, 0, 0, 0, 0, 0, 0, 0, 0, 0, 0, 0]
2023-08-15 21:21:48 [DEBUG   ] Wrote to register 0x40: [0, 0, 0, 0, 0, 0, 0, 0, 0, 0, 0, 0, 0, 0, 0, 0]
2023-08-15 21:21:48 [DEBUG   ] STREAM b'IHDR' 16 13
2023-08-15 21:21:48 [DEBUG   ] STREAM b'IDAT' 41 1216
2023-08-15 21:21:51 [DEBUG   ] Script started
2023-08-15 21:21:51 [DEBUG   ] Script started
2023-08-15 21:21:51 [INFO    ] Setting leds and buttons
2023-08-15 21:21:51 [INFO    ] Completed setting leds and buttons
2023-08-15 21:21:52 [DEBUG   ] OLED set up
2023-08-15 21:21:52 [DEBUG   ] Using hardware I2C with platform I2C provider.
2023-08-15 21:21:52 [DEBUG   ] Wrote 0xAE to register 0x00
2023-08-15 21:21:52 [DEBUG   ] Wrote 0xD5 to register 0x00
2023-08-15 21:21:52 [DEBUG   ] Wrote 0x80 to register 0x00
2023-08-15 21:21:52 [DEBUG   ] Wrote 0xA8 to register 0x00
2023-08-15 21:21:52 [DEBUG   ] Wrote 0x3F to register 0x00
2023-08-15 21:21:52 [DEBUG   ] Wrote 0xD3 to register 0x00
2023-08-15 21:21:52 [DEBUG   ] Wrote 0x00 to register 0x00
2023-08-15 21:21:52 [DEBUG   ] Wrote 0x40 to register 0x00
2023-08-15 21:21:52 [DEBUG   ] Wrote 0x8D to register 0x00
2023-08-15 21:21:52 [DEBUG   ] Wrote 0x14 to register 0x00
2023-08-15 21:21:52 [DEBUG   ] Wrote 0x20 to register 0x00
2023-08-15 21:21:52 [DEBUG   ] Wrote 0x00 to register 0x00
2023-08-15 21:21:53 [DEBUG   ] Wrote 0xA1 to register 0x00
2023-08-15 21:21:53 [DEBUG   ] Wrote 0xC8 to register 0x00
2023-08-15 21:21:53 [DEBUG   ] Wrote 0xDA to register 0x00
2023-08-15 21:21:53 [DEBUG   ] Wrote 0x12 to register 0x00
2023-08-15 21:21:53 [DEBUG   ] Wrote 0x81 to register 0x00
2023-08-15 21:21:53 [DEBUG   ] Wrote 0xCF to register 0x00
2023-08-15 21:21:53 [DEBUG   ] Wrote 0xD9 to register 0x00
2023-08-15 21:21:53 [DEBUG   ] Wrote 0xF1 to register 0x00
2023-08-15 21:21:53 [DEBUG   ] Wrote 0xDB to register 0x00
2023-08-15 21:21:53 [DEBUG   ] Wrote 0x40 to register 0x00
2023-08-15 21:21:53 [DEBUG   ] Wrote 0xA4 to register 0x00
2023-08-15 21:21:53 [DEBUG   ] Wrote 0xA6 to register 0x00
2023-08-15 21:21:53 [DEBUG   ] Wrote 0xAF to register 0x00
2023-08-15 21:21:53 [DEBUG   ] Wrote 0x21 to register 0x00
2023-08-15 21:21:53 [DEBUG   ] Wrote 0x00 to register 0x00
2023-08-15 21:21:53 [DEBUG   ] Wrote 0x7F to register 0x00
2023-08-15 21:21:53 [DEBUG   ] Wrote 0x22 to register 0x00
2023-08-15 21:21:53 [DEBUG   ] Wrote 0x00 to register 0x00
2023-08-15 21:21:53 [DEBUG   ] Wrote 0x07 to register 0x00
2023-08-15 21:21:53 [DEBUG   ] Wrote to register 0x40: [0, 0, 0, 0, 0, 0, 0, 0, 0, 0, 0, 0, 0, 0, 0, 0]
2023-08-15 21:21:53 [DEBUG   ] Wrote to register 0x40: [0, 0, 0, 0, 0, 0, 0, 0, 0, 0, 0, 0, 0, 0, 0, 0]
2023-08-15 21:21:53 [DEBUG   ] Wrote to register 0x40: [0, 0, 0, 0, 0, 0, 0, 0, 0, 0, 0, 0, 0, 0, 0, 0]
2023-08-15 21:21:53 [DEBUG   ] Wrote to register 0x40: [0, 0, 0, 0, 0, 0, 0, 0, 0, 0, 0, 0, 0, 0, 0, 0]
2023-08-15 21:21:53 [DEBUG   ] Wrote to register 0x40: [0, 0, 0, 0, 0, 0, 0, 0, 0, 0, 0, 0, 0, 0, 0, 0]
2023-08-15 21:21:53 [DEBUG   ] Wrote to register 0x40: [0, 0, 0, 0, 0, 0, 0, 0, 0, 0, 0, 0, 0, 0, 0, 0]
2023-08-15 21:21:53 [DEBUG   ] Wrote to register 0x40: [0, 0, 0, 0, 0, 0, 0, 0, 0, 0, 0, 0, 0, 0, 0, 0]
2023-08-15 21:21:53 [DEBUG   ] Wrote to register 0x40: [0, 0, 0, 0, 0, 0, 0, 0, 0, 0, 0, 0, 0, 0, 0, 0]
2023-08-15 21:21:53 [DEBUG   ] Wrote to register 0x40: [0, 0, 0, 0, 0, 0, 0, 0, 0, 0, 0, 0, 0, 0, 0, 0]
2023-08-15 21:21:53 [DEBUG   ] Wrote to register 0x40: [0, 0, 0, 0, 0, 0, 0, 0, 0, 0, 0, 0, 0, 0, 0, 0]
2023-08-15 21:21:53 [DEBUG   ] Wrote to register 0x40: [0, 0, 0, 0, 0, 0, 0, 0, 0, 0, 0, 0, 0, 0, 0, 0]
2023-08-15 21:21:53 [DEBUG   ] Wrote to register 0x40: [0, 0, 0, 0, 0, 0, 0, 0, 0, 0, 0, 0, 0, 0, 0, 0]
2023-08-15 21:21:53 [DEBUG   ] Wrote to register 0x40: [0, 0, 0, 0, 0, 0, 0, 0, 0, 0, 0, 0, 0, 0, 0, 0]
2023-08-15 21:21:53 [DEBUG   ] Wrote to register 0x40: [0, 0, 0, 0, 0, 0, 0, 0, 0, 0, 0, 0, 0, 0, 0, 0]
2023-08-15 21:21:53 [DEBUG   ] Wrote to register 0x40: [0, 0, 0, 0, 0, 0, 0, 0, 0, 0, 0, 0, 0, 0, 0, 0]
2023-08-15 21:21:53 [DEBUG   ] Wrote to register 0x40: [0, 0, 0, 0, 0, 0, 0, 0, 0, 0, 0, 0, 0, 0, 0, 0]
2023-08-15 21:21:53 [DEBUG   ] Wrote to register 0x40: [0, 0, 0, 0, 0, 0, 0, 0, 0, 0, 0, 0, 0, 0, 0, 0]
2023-08-15 21:21:53 [DEBUG   ] Wrote to register 0x40: [0, 0, 0, 0, 0, 0, 0, 0, 0, 0, 0, 0, 0, 0, 0, 0]
2023-08-15 21:21:53 [DEBUG   ] Wrote to register 0x40: [0, 0, 0, 0, 0, 0, 0, 0, 0, 0, 0, 0, 0, 0, 0, 0]
2023-08-15 21:21:53 [DEBUG   ] Wrote to register 0x40: [0, 0, 0, 0, 0, 0, 0, 0, 0, 0, 0, 0, 0, 0, 0, 0]
2023-08-15 21:21:53 [DEBUG   ] Wrote to register 0x40: [0, 0, 0, 0, 0, 0, 0, 0, 0, 0, 0, 0, 0, 0, 0, 0]
2023-08-15 21:21:53 [DEBUG   ] Wrote to register 0x40: [0, 0, 0, 0, 0, 0, 0, 0, 0, 0, 0, 0, 0, 0, 0, 0]
2023-08-15 21:21:53 [DEBUG   ] Wrote to register 0x40: [0, 0, 0, 0, 0, 0, 0, 0, 0, 0, 0, 0, 0, 0, 0, 0]
2023-08-15 21:21:53 [DEBUG   ] Wrote to register 0x40: [0, 0, 0, 0, 0, 0, 0, 0, 0, 0, 0, 0, 0, 0, 0, 0]
2023-08-15 21:21:53 [DEBUG   ] Wrote to register 0x40: [0, 0, 0, 0, 0, 0, 0, 0, 0, 0, 0, 0, 0, 0, 0, 0]
2023-08-15 21:21:53 [DEBUG   ] Wrote to register 0x40: [0, 0, 0, 0, 0, 0, 0, 0, 0, 0, 0, 0, 0, 0, 0, 0]
2023-08-15 21:21:53 [DEBUG   ] Wrote to register 0x40: [0, 0, 0, 0, 0, 0, 0, 0, 0, 0, 0, 0, 0, 0, 0, 0]
2023-08-15 21:21:53 [DEBUG   ] Wrote to register 0x40: [0, 0, 0, 0, 0, 0, 0, 0, 0, 0, 0, 0, 0, 0, 0, 0]
2023-08-15 21:21:53 [DEBUG   ] Wrote to register 0x40: [0, 0, 0, 0, 0, 0, 0, 0, 0, 0, 0, 0, 0, 0, 0, 0]
2023-08-15 21:21:53 [DEBUG   ] Wrote to register 0x40: [0, 0, 0, 0, 0, 0, 0, 0, 0, 0, 0, 0, 0, 0, 0, 0]
2023-08-15 21:21:53 [DEBUG   ] Wrote to register 0x40: [0, 0, 0, 0, 0, 0, 0, 0, 0, 0, 0, 0, 0, 0, 0, 0]
2023-08-15 21:21:53 [DEBUG   ] Wrote to register 0x40: [0, 0, 0, 0, 0, 0, 0, 0, 0, 0, 0, 0, 0, 0, 0, 0]
2023-08-15 21:21:53 [DEBUG   ] Wrote to register 0x40: [0, 0, 0, 0, 0, 0, 0, 0, 0, 0, 0, 0, 0, 0, 0, 0]
2023-08-15 21:21:53 [DEBUG   ] Wrote to register 0x40: [0, 0, 0, 0, 0, 0, 0, 0, 0, 0, 0, 0, 0, 0, 0, 0]
2023-08-15 21:21:53 [DEBUG   ] Wrote to register 0x40: [0, 0, 0, 0, 0, 0, 0, 0, 0, 0, 0, 0, 0, 0, 0, 0]
2023-08-15 21:21:53 [DEBUG   ] Wrote to register 0x40: [0, 0, 0, 0, 0, 0, 0, 0, 0, 0, 0, 0, 0, 0, 0, 0]
2023-08-15 21:21:53 [DEBUG   ] Wrote to register 0x40: [0, 0, 0, 0, 0, 0, 0, 0, 0, 0, 0, 0, 0, 0, 0, 0]
2023-08-15 21:21:53 [DEBUG   ] Wrote to register 0x40: [0, 0, 0, 0, 0, 0, 0, 0, 0, 0, 0, 0, 0, 0, 0, 0]
2023-08-15 21:21:53 [DEBUG   ] Wrote to register 0x40: [0, 0, 0, 0, 0, 0, 0, 0, 0, 0, 0, 0, 0, 0, 0, 0]
2023-08-15 21:21:53 [DEBUG   ] Wrote to register 0x40: [0, 0, 0, 0, 0, 0, 0, 0, 0, 0, 0, 0, 0, 0, 0, 0]
2023-08-15 21:21:53 [DEBUG   ] Wrote to register 0x40: [0, 0, 0, 0, 0, 0, 0, 0, 0, 0, 0, 0, 0, 0, 0, 0]
2023-08-15 21:21:53 [DEBUG   ] Wrote to register 0x40: [0, 0, 0, 0, 0, 0, 0, 0, 0, 0, 0, 0, 0, 0, 0, 0]
2023-08-15 21:21:53 [DEBUG   ] Wrote to register 0x40: [0, 0, 0, 0, 0, 0, 0, 0, 0, 0, 0, 0, 0, 0, 0, 0]
2023-08-15 21:21:53 [DEBUG   ] Wrote to register 0x40: [0, 0, 0, 0, 0, 0, 0, 0, 0, 0, 0, 0, 0, 0, 0, 0]
2023-08-15 21:21:53 [DEBUG   ] Wrote to register 0x40: [0, 0, 0, 0, 0, 0, 0, 0, 0, 0, 0, 0, 0, 0, 0, 0]
2023-08-15 21:21:53 [DEBUG   ] Wrote to register 0x40: [0, 0, 0, 0, 0, 0, 0, 0, 0, 0, 0, 0, 0, 0, 0, 0]
2023-08-15 21:21:53 [DEBUG   ] Wrote to register 0x40: [0, 0, 0, 0, 0, 0, 0, 0, 0, 0, 0, 0, 0, 0, 0, 0]
2023-08-15 21:21:53 [DEBUG   ] Wrote to register 0x40: [0, 0, 0, 0, 0, 0, 0, 0, 0, 0, 0, 0, 0, 0, 0, 0]
2023-08-15 21:21:53 [DEBUG   ] Wrote to register 0x40: [0, 0, 0, 0, 0, 0, 0, 0, 0, 0, 0, 0, 0, 0, 0, 0]
2023-08-15 21:21:53 [DEBUG   ] Wrote to register 0x40: [0, 0, 0, 0, 0, 0, 0, 0, 0, 0, 0, 0, 0, 0, 0, 0]
2023-08-15 21:21:53 [DEBUG   ] Wrote to register 0x40: [0, 0, 0, 0, 0, 0, 0, 0, 0, 0, 0, 0, 0, 0, 0, 0]
2023-08-15 21:21:53 [DEBUG   ] Wrote to register 0x40: [0, 0, 0, 0, 0, 0, 0, 0, 0, 0, 0, 0, 0, 0, 0, 0]
2023-08-15 21:21:53 [DEBUG   ] Wrote to register 0x40: [0, 0, 0, 0, 0, 0, 0, 0, 0, 0, 0, 0, 0, 0, 0, 0]
2023-08-15 21:21:53 [DEBUG   ] Wrote to register 0x40: [0, 0, 0, 0, 0, 0, 0, 0, 0, 0, 0, 0, 0, 0, 0, 0]
2023-08-15 21:21:53 [DEBUG   ] Wrote to register 0x40: [0, 0, 0, 0, 0, 0, 0, 0, 0, 0, 0, 0, 0, 0, 0, 0]
2023-08-15 21:21:53 [DEBUG   ] Wrote to register 0x40: [0, 0, 0, 0, 0, 0, 0, 0, 0, 0, 0, 0, 0, 0, 0, 0]
2023-08-15 21:21:53 [DEBUG   ] Wrote to register 0x40: [0, 0, 0, 0, 0, 0, 0, 0, 0, 0, 0, 0, 0, 0, 0, 0]
2023-08-15 21:21:53 [DEBUG   ] Wrote to register 0x40: [0, 0, 0, 0, 0, 0, 0, 0, 0, 0, 0, 0, 0, 0, 0, 0]
2023-08-15 21:21:53 [DEBUG   ] Wrote to register 0x40: [0, 0, 0, 0, 0, 0, 0, 0, 0, 0, 0, 0, 0, 0, 0, 0]
2023-08-15 21:21:53 [DEBUG   ] Wrote to register 0x40: [0, 0, 0, 0, 0, 0, 0, 0, 0, 0, 0, 0, 0, 0, 0, 0]
2023-08-15 21:21:53 [DEBUG   ] Wrote to register 0x40: [0, 0, 0, 0, 0, 0, 0, 0, 0, 0, 0, 0, 0, 0, 0, 0]
2023-08-15 21:21:53 [DEBUG   ] Wrote to register 0x40: [0, 0, 0, 0, 0, 0, 0, 0, 0, 0, 0, 0, 0, 0, 0, 0]
2023-08-15 21:21:53 [DEBUG   ] Wrote to register 0x40: [0, 0, 0, 0, 0, 0, 0, 0, 0, 0, 0, 0, 0, 0, 0, 0]
2023-08-15 21:21:53 [DEBUG   ] Wrote to register 0x40: [0, 0, 0, 0, 0, 0, 0, 0, 0, 0, 0, 0, 0, 0, 0, 0]
2023-08-15 21:21:53 [DEBUG   ] STREAM b'IHDR' 16 13
2023-08-15 21:21:53 [DEBUG   ] STREAM b'IDAT' 41 1216
